00:57:29.259 [http-nio-8080-exec-9] DEBUG c.s.s.c.d.l.A.getAttackInfoByAttackId - ==>  Preparing: SELECT * FROM ATTACK_INFO WHERE ATTACK_ID = ? 
00:57:29.260 [http-nio-8080-exec-9] DEBUG c.s.s.c.d.l.A.getAttackInfoByAttackId - ==> Parameters: ATTACK_1(String)
00:57:29.262 [http-nio-8080-exec-9] DEBUG c.s.s.c.d.l.A.getAttackInfoByAttackId - <==      Total: 1
00:57:29.262 [http-nio-8080-exec-9] DEBUG c.s.s.c.d.logs.IDGenMapper.getNextId - ==>  Preparing: SELECT NEXT_ID FROM ATTACK_IDS WHERE NAME = ? 
00:57:29.262 [http-nio-8080-exec-9] DEBUG c.s.s.c.d.logs.IDGenMapper.getNextId - ==> Parameters: LOG_(String)
00:57:29.264 [http-nio-8080-exec-9] DEBUG c.s.s.c.d.logs.IDGenMapper.getNextId - <==      Total: 1
00:57:29.264 [http-nio-8080-exec-9] DEBUG c.s.s.c.d.l.D.selectAlertType - ==>  Preparing: SELECT ID , PUSH , EMAIL , SMS , AS_ID , (SELECT AS_NAME FROM ATTACK_SEVERITY_INFO ASI WHERE ASI.AS_ID = AAS.AS_ID) AS SEVERITY_LEVEL FROM ATTACK_ALERT_SETTING AAS 
00:57:29.264 [http-nio-8080-exec-9] DEBUG c.s.s.c.d.l.D.selectAlertType - ==> Parameters: 
00:57:29.266 [http-nio-8080-exec-9] DEBUG c.s.s.c.d.l.D.selectAlertType - <==      Total: 1
00:57:29.268 [http-nio-8080-exec-9] DEBUG c.s.s.c.d.l.D.saveAttackDetectionLog - ==>  Preparing: INSERT INTO ATTACK_DETECTION_LOG ( `LOG_ID` , `ATTACK_ID` , `PROTOCOL` , `SRC_IP` , `DST_IP` , `DST_PORT` , `ATTACK_TIME` , `PAYLOAD` ) VALUES ( ? , ? , ? , ? , ? , ? , ? , ? ) 
00:57:29.268 [http-nio-8080-exec-9] DEBUG c.s.s.c.d.l.D.saveAttackDetectionLog - ==> Parameters: LOG_78(String), ATTACK_1(String), TCP(String), 192.168.95.1(String), 192.168.95.138(String), 443(Integer), 20210223223458(String), ['/vulTest/loginproc.do', 'text/html,application/xhtml+xml,application/xml;q=0.9,image/webp,image/apng,*/*;q=0.8', '[email=aaa%40gmail.com&password=aaa%27+or+1%3D1--]'](String)
00:57:29.270 [http-nio-8080-exec-9] DEBUG c.s.s.c.d.l.D.saveAttackDetectionLog - <==    Updates: 1
00:57:29.280 [http-nio-8080-exec-9] DEBUG c.s.s.c.d.l.IDGenMapper.updateNextId - ==>  Preparing: UPDATE ATTACK_IDS SET NEXT_ID = NEXT_ID + 1 WHERE NAME = ? 
00:57:29.280 [http-nio-8080-exec-9] DEBUG c.s.s.c.d.l.IDGenMapper.updateNextId - ==> Parameters: LOG_(String)
00:57:29.283 [http-nio-8080-exec-9] DEBUG c.s.s.c.d.l.IDGenMapper.updateNextId - <==    Updates: 1
00:57:29.295 [http-nio-8080-exec-2] DEBUG c.s.s.c.d.l.D.getDetectionDetailListForScroller - ==>  Preparing: SELECT * FROM (SELECT AD.*, AI.ATTACK_NAME , (SELECT AS_NAME FROM ATTACK_SEVERITY_INFO WHERE AS_ID = AI.AS_ID) AS AS_NAME , (SELECT AC_NAME FROM ATTACK_CLASSIFICATION_INFO WHERE AC_ID = AI.AC_ID) AS AC_NAME , (SELECT SOLUTION FROM ATTACK_MITIGATION_INFO WHERE AM_ID = AI.AM_ID) AM_DESC , IFNULL((SELECT PROTCOL_NAME FROM ATTACK_KNOWN_PORT WHERE PORT_NUM = DST_PORT), '') AS dstProtocolName FROM ATTACK_DETECTION_LOG AD LEFT JOIN ATTACK_INFO AI ON AD.ATTACK_ID = AI.ATTACK_ID) ADL2 ORDER BY ADL2.ATTACK_TIME DESC LIMIT 0, 81 
00:57:29.295 [http-nio-8080-exec-2] DEBUG c.s.s.c.d.l.D.getDetectionDetailListForScroller - ==> Parameters: 
00:57:29.301 [http-nio-8080-exec-2] DEBUG c.s.s.c.d.l.D.getDetectionDetailListForScroller - <==      Total: 61
00:57:29.311 [http-nio-8080-exec-3] DEBUG c.s.s.c.d.l.D.getDetectionDetailListForScroller - ==>  Preparing: SELECT * FROM (SELECT AD.*, AI.ATTACK_NAME , (SELECT AS_NAME FROM ATTACK_SEVERITY_INFO WHERE AS_ID = AI.AS_ID) AS AS_NAME , (SELECT AC_NAME FROM ATTACK_CLASSIFICATION_INFO WHERE AC_ID = AI.AC_ID) AS AC_NAME , (SELECT SOLUTION FROM ATTACK_MITIGATION_INFO WHERE AM_ID = AI.AM_ID) AM_DESC , IFNULL((SELECT PROTCOL_NAME FROM ATTACK_KNOWN_PORT WHERE PORT_NUM = DST_PORT), '') AS dstProtocolName FROM ATTACK_DETECTION_LOG AD LEFT JOIN ATTACK_INFO AI ON AD.ATTACK_ID = AI.ATTACK_ID) ADL2 ORDER BY ADL2.ATTACK_TIME DESC LIMIT 0, 81 
00:57:29.311 [http-nio-8080-exec-3] DEBUG c.s.s.c.d.l.D.getDetectionDetailListForScroller - ==> Parameters: 
00:57:29.315 [http-nio-8080-exec-3] DEBUG c.s.s.c.d.l.D.getDetectionDetailListForScroller - <==      Total: 61
00:57:33.500 [http-nio-8080-exec-5] DEBUG c.s.s.c.d.l.A.getAttackInfoByAttackId - ==>  Preparing: SELECT * FROM ATTACK_INFO WHERE ATTACK_ID = ? 
00:57:33.500 [http-nio-8080-exec-5] DEBUG c.s.s.c.d.l.A.getAttackInfoByAttackId - ==> Parameters: ATTACK_2(String)
00:57:33.502 [http-nio-8080-exec-5] DEBUG c.s.s.c.d.l.A.getAttackInfoByAttackId - <==      Total: 1
00:57:33.502 [http-nio-8080-exec-5] DEBUG c.s.s.c.d.logs.IDGenMapper.getNextId - ==>  Preparing: SELECT NEXT_ID FROM ATTACK_IDS WHERE NAME = ? 
00:57:33.502 [http-nio-8080-exec-5] DEBUG c.s.s.c.d.logs.IDGenMapper.getNextId - ==> Parameters: LOG_(String)
00:57:33.503 [http-nio-8080-exec-5] DEBUG c.s.s.c.d.logs.IDGenMapper.getNextId - <==      Total: 1
00:57:33.504 [http-nio-8080-exec-5] DEBUG c.s.s.c.d.l.D.selectAlertType - ==>  Preparing: SELECT ID , PUSH , EMAIL , SMS , AS_ID , (SELECT AS_NAME FROM ATTACK_SEVERITY_INFO ASI WHERE ASI.AS_ID = AAS.AS_ID) AS SEVERITY_LEVEL FROM ATTACK_ALERT_SETTING AAS 
00:57:33.504 [http-nio-8080-exec-5] DEBUG c.s.s.c.d.l.D.selectAlertType - ==> Parameters: 
00:57:33.505 [http-nio-8080-exec-5] DEBUG c.s.s.c.d.l.D.selectAlertType - <==      Total: 1
00:57:33.506 [http-nio-8080-exec-5] DEBUG c.s.s.c.d.l.D.saveAttackDetectionLog - ==>  Preparing: INSERT INTO ATTACK_DETECTION_LOG ( `LOG_ID` , `ATTACK_ID` , `PROTOCOL` , `SRC_IP` , `DST_IP` , `DST_PORT` , `ATTACK_TIME` , `PAYLOAD` ) VALUES ( ? , ? , ? , ? , ? , ? , ? , ? ) 
00:57:33.507 [http-nio-8080-exec-5] DEBUG c.s.s.c.d.l.D.saveAttackDetectionLog - ==> Parameters: LOG_79(String), ATTACK_2(String), TCP(String), 192.168.95.1(String), 192.168.95.138(String), 443(Integer), 20210217181325(String), ['/vulTest/add_bbs.do', 'text/html,application/xhtml+xml,application/xml;q=0.9,image/webp,image/apng,*/*;q=0.8', '[EMAIL=admin]'](String)
00:57:33.508 [http-nio-8080-exec-5] DEBUG c.s.s.c.d.l.D.saveAttackDetectionLog - <==    Updates: 1
00:57:33.517 [http-nio-8080-exec-5] DEBUG c.s.s.c.d.l.IDGenMapper.updateNextId - ==>  Preparing: UPDATE ATTACK_IDS SET NEXT_ID = NEXT_ID + 1 WHERE NAME = ? 
00:57:33.517 [http-nio-8080-exec-5] DEBUG c.s.s.c.d.l.IDGenMapper.updateNextId - ==> Parameters: LOG_(String)
00:57:33.520 [http-nio-8080-exec-5] DEBUG c.s.s.c.d.l.IDGenMapper.updateNextId - <==    Updates: 1
00:57:33.527 [http-nio-8080-exec-6] DEBUG c.s.s.c.d.l.D.getDetectionDetailListForScroller - ==>  Preparing: SELECT * FROM (SELECT AD.*, AI.ATTACK_NAME , (SELECT AS_NAME FROM ATTACK_SEVERITY_INFO WHERE AS_ID = AI.AS_ID) AS AS_NAME , (SELECT AC_NAME FROM ATTACK_CLASSIFICATION_INFO WHERE AC_ID = AI.AC_ID) AS AC_NAME , (SELECT SOLUTION FROM ATTACK_MITIGATION_INFO WHERE AM_ID = AI.AM_ID) AM_DESC , IFNULL((SELECT PROTCOL_NAME FROM ATTACK_KNOWN_PORT WHERE PORT_NUM = DST_PORT), '') AS dstProtocolName FROM ATTACK_DETECTION_LOG AD LEFT JOIN ATTACK_INFO AI ON AD.ATTACK_ID = AI.ATTACK_ID) ADL2 ORDER BY ADL2.ATTACK_TIME DESC LIMIT 0, 81 
00:57:33.527 [http-nio-8080-exec-6] DEBUG c.s.s.c.d.l.D.getDetectionDetailListForScroller - ==> Parameters: 
00:57:33.531 [http-nio-8080-exec-8] DEBUG c.s.s.c.d.l.D.getDetectionDetailListForScroller - ==>  Preparing: SELECT * FROM (SELECT AD.*, AI.ATTACK_NAME , (SELECT AS_NAME FROM ATTACK_SEVERITY_INFO WHERE AS_ID = AI.AS_ID) AS AS_NAME , (SELECT AC_NAME FROM ATTACK_CLASSIFICATION_INFO WHERE AC_ID = AI.AC_ID) AS AC_NAME , (SELECT SOLUTION FROM ATTACK_MITIGATION_INFO WHERE AM_ID = AI.AM_ID) AM_DESC , IFNULL((SELECT PROTCOL_NAME FROM ATTACK_KNOWN_PORT WHERE PORT_NUM = DST_PORT), '') AS dstProtocolName FROM ATTACK_DETECTION_LOG AD LEFT JOIN ATTACK_INFO AI ON AD.ATTACK_ID = AI.ATTACK_ID) ADL2 ORDER BY ADL2.ATTACK_TIME DESC LIMIT 0, 81 
00:57:33.531 [http-nio-8080-exec-8] DEBUG c.s.s.c.d.l.D.getDetectionDetailListForScroller - ==> Parameters: 
00:57:33.531 [http-nio-8080-exec-6] DEBUG c.s.s.c.d.l.D.getDetectionDetailListForScroller - <==      Total: 62
00:57:33.535 [http-nio-8080-exec-8] DEBUG c.s.s.c.d.l.D.getDetectionDetailListForScroller - <==      Total: 62
00:57:37.462 [http-nio-8080-exec-7] DEBUG c.s.s.c.d.l.A.getAttackInfoByAttackId - ==>  Preparing: SELECT * FROM ATTACK_INFO WHERE ATTACK_ID = ? 
00:57:37.462 [http-nio-8080-exec-7] DEBUG c.s.s.c.d.l.A.getAttackInfoByAttackId - ==> Parameters: ATTACK_4(String)
00:57:37.464 [http-nio-8080-exec-7] DEBUG c.s.s.c.d.l.A.getAttackInfoByAttackId - <==      Total: 1
00:57:37.464 [http-nio-8080-exec-7] DEBUG c.s.s.c.d.logs.IDGenMapper.getNextId - ==>  Preparing: SELECT NEXT_ID FROM ATTACK_IDS WHERE NAME = ? 
00:57:37.464 [http-nio-8080-exec-7] DEBUG c.s.s.c.d.logs.IDGenMapper.getNextId - ==> Parameters: LOG_(String)
00:57:37.465 [http-nio-8080-exec-7] DEBUG c.s.s.c.d.logs.IDGenMapper.getNextId - <==      Total: 1
00:57:37.466 [http-nio-8080-exec-7] DEBUG c.s.s.c.d.l.D.selectAlertType - ==>  Preparing: SELECT ID , PUSH , EMAIL , SMS , AS_ID , (SELECT AS_NAME FROM ATTACK_SEVERITY_INFO ASI WHERE ASI.AS_ID = AAS.AS_ID) AS SEVERITY_LEVEL FROM ATTACK_ALERT_SETTING AAS 
00:57:37.466 [http-nio-8080-exec-7] DEBUG c.s.s.c.d.l.D.selectAlertType - ==> Parameters: 
00:57:37.467 [http-nio-8080-exec-7] DEBUG c.s.s.c.d.l.D.selectAlertType - <==      Total: 1
00:57:37.468 [http-nio-8080-exec-7] DEBUG c.s.s.c.d.l.D.saveAttackDetectionLog - ==>  Preparing: INSERT INTO ATTACK_DETECTION_LOG ( `LOG_ID` , `ATTACK_ID` , `PROTOCOL` , `SRC_IP` , `DST_IP` , `DST_PORT` , `ATTACK_TIME` , `PAYLOAD` ) VALUES ( ? , ? , ? , ? , ? , ? , ? , ? ) 
00:57:37.469 [http-nio-8080-exec-7] DEBUG c.s.s.c.d.l.D.saveAttackDetectionLog - ==> Parameters: LOG_80(String), ATTACK_4(String), TCP(String), 192.168.95.1(String), 192.168.95.138(String), 443(Integer), 20210217182744(String), ['/vulTest/download_file.do?filename=./test_file_20210217-18-24-36txt&orgname=test_file.txt', 'text/html,application/xhtml+xml,application/xml;q=0.9,image/webp,image/apng,*/*;q=0.8'](String)
00:57:37.470 [http-nio-8080-exec-7] DEBUG c.s.s.c.d.l.D.saveAttackDetectionLog - <==    Updates: 1
00:57:37.474 [http-nio-8080-exec-7] DEBUG c.s.s.c.d.l.IDGenMapper.updateNextId - ==>  Preparing: UPDATE ATTACK_IDS SET NEXT_ID = NEXT_ID + 1 WHERE NAME = ? 
00:57:37.475 [http-nio-8080-exec-7] DEBUG c.s.s.c.d.l.IDGenMapper.updateNextId - ==> Parameters: LOG_(String)
00:57:37.478 [http-nio-8080-exec-7] DEBUG c.s.s.c.d.l.IDGenMapper.updateNextId - <==    Updates: 1
00:57:37.485 [http-nio-8080-exec-2] DEBUG c.s.s.c.d.l.D.getDetectionDetailListForScroller - ==>  Preparing: SELECT * FROM (SELECT AD.*, AI.ATTACK_NAME , (SELECT AS_NAME FROM ATTACK_SEVERITY_INFO WHERE AS_ID = AI.AS_ID) AS AS_NAME , (SELECT AC_NAME FROM ATTACK_CLASSIFICATION_INFO WHERE AC_ID = AI.AC_ID) AS AC_NAME , (SELECT SOLUTION FROM ATTACK_MITIGATION_INFO WHERE AM_ID = AI.AM_ID) AM_DESC , IFNULL((SELECT PROTCOL_NAME FROM ATTACK_KNOWN_PORT WHERE PORT_NUM = DST_PORT), '') AS dstProtocolName FROM ATTACK_DETECTION_LOG AD LEFT JOIN ATTACK_INFO AI ON AD.ATTACK_ID = AI.ATTACK_ID) ADL2 ORDER BY ADL2.ATTACK_TIME DESC LIMIT 0, 81 
00:57:37.485 [http-nio-8080-exec-2] DEBUG c.s.s.c.d.l.D.getDetectionDetailListForScroller - ==> Parameters: 
00:57:37.488 [http-nio-8080-exec-3] DEBUG c.s.s.c.d.l.D.getDetectionDetailListForScroller - ==>  Preparing: SELECT * FROM (SELECT AD.*, AI.ATTACK_NAME , (SELECT AS_NAME FROM ATTACK_SEVERITY_INFO WHERE AS_ID = AI.AS_ID) AS AS_NAME , (SELECT AC_NAME FROM ATTACK_CLASSIFICATION_INFO WHERE AC_ID = AI.AC_ID) AS AC_NAME , (SELECT SOLUTION FROM ATTACK_MITIGATION_INFO WHERE AM_ID = AI.AM_ID) AM_DESC , IFNULL((SELECT PROTCOL_NAME FROM ATTACK_KNOWN_PORT WHERE PORT_NUM = DST_PORT), '') AS dstProtocolName FROM ATTACK_DETECTION_LOG AD LEFT JOIN ATTACK_INFO AI ON AD.ATTACK_ID = AI.ATTACK_ID) ADL2 ORDER BY ADL2.ATTACK_TIME DESC LIMIT 0, 81 
00:57:37.488 [http-nio-8080-exec-3] DEBUG c.s.s.c.d.l.D.getDetectionDetailListForScroller - ==> Parameters: 
00:57:37.490 [http-nio-8080-exec-2] DEBUG c.s.s.c.d.l.D.getDetectionDetailListForScroller - <==      Total: 63
00:57:37.492 [http-nio-8080-exec-3] DEBUG c.s.s.c.d.l.D.getDetectionDetailListForScroller - <==      Total: 63
00:57:41.247 [http-nio-8080-exec-10] DEBUG c.s.s.c.d.l.A.getAttackInfoByAttackId - ==>  Preparing: SELECT * FROM ATTACK_INFO WHERE ATTACK_ID = ? 
00:57:41.247 [http-nio-8080-exec-10] DEBUG c.s.s.c.d.l.A.getAttackInfoByAttackId - ==> Parameters: ATTACK_5(String)
00:57:41.249 [http-nio-8080-exec-10] DEBUG c.s.s.c.d.l.A.getAttackInfoByAttackId - <==      Total: 1
00:57:41.249 [http-nio-8080-exec-10] DEBUG c.s.s.c.d.logs.IDGenMapper.getNextId - ==>  Preparing: SELECT NEXT_ID FROM ATTACK_IDS WHERE NAME = ? 
00:57:41.249 [http-nio-8080-exec-10] DEBUG c.s.s.c.d.logs.IDGenMapper.getNextId - ==> Parameters: LOG_(String)
00:57:41.251 [http-nio-8080-exec-10] DEBUG c.s.s.c.d.logs.IDGenMapper.getNextId - <==      Total: 1
00:57:41.251 [http-nio-8080-exec-10] DEBUG c.s.s.c.d.l.D.selectAlertType - ==>  Preparing: SELECT ID , PUSH , EMAIL , SMS , AS_ID , (SELECT AS_NAME FROM ATTACK_SEVERITY_INFO ASI WHERE ASI.AS_ID = AAS.AS_ID) AS SEVERITY_LEVEL FROM ATTACK_ALERT_SETTING AAS 
00:57:41.251 [http-nio-8080-exec-10] DEBUG c.s.s.c.d.l.D.selectAlertType - ==> Parameters: 
00:57:41.252 [http-nio-8080-exec-10] DEBUG c.s.s.c.d.l.D.selectAlertType - <==      Total: 1
00:57:41.254 [http-nio-8080-exec-10] DEBUG c.s.s.c.d.l.D.saveAttackDetectionLog - ==>  Preparing: INSERT INTO ATTACK_DETECTION_LOG ( `LOG_ID` , `ATTACK_ID` , `PROTOCOL` , `SRC_IP` , `DST_IP` , `DST_PORT` , `ATTACK_TIME` , `PAYLOAD` ) VALUES ( ? , ? , ? , ? , ? , ? , ? , ? ) 
00:57:41.254 [http-nio-8080-exec-10] DEBUG c.s.s.c.d.l.D.saveAttackDetectionLog - ==> Parameters: LOG_81(String), ATTACK_5(String), TCP(String), 192.168.95.1(String), 192.168.95.138(String), 443(Integer), 20210216234402(String), ['/vulTest/loginproc.do', 'text/html,application/xhtml+xml,application/xml;q=0.9,image/webp,image/apng,*/*;q=0.8', '[email=administrator&password=P%40ssw5rd%21]'](String)
00:57:41.255 [http-nio-8080-exec-10] DEBUG c.s.s.c.d.l.D.saveAttackDetectionLog - <==    Updates: 1
00:57:41.265 [http-nio-8080-exec-10] DEBUG c.s.s.c.d.l.IDGenMapper.updateNextId - ==>  Preparing: UPDATE ATTACK_IDS SET NEXT_ID = NEXT_ID + 1 WHERE NAME = ? 
00:57:41.265 [http-nio-8080-exec-10] DEBUG c.s.s.c.d.l.IDGenMapper.updateNextId - ==> Parameters: LOG_(String)
00:57:41.268 [http-nio-8080-exec-10] DEBUG c.s.s.c.d.l.IDGenMapper.updateNextId - <==    Updates: 1
00:57:41.274 [http-nio-8080-exec-6] DEBUG c.s.s.c.d.l.D.getDetectionDetailListForScroller - ==>  Preparing: SELECT * FROM (SELECT AD.*, AI.ATTACK_NAME , (SELECT AS_NAME FROM ATTACK_SEVERITY_INFO WHERE AS_ID = AI.AS_ID) AS AS_NAME , (SELECT AC_NAME FROM ATTACK_CLASSIFICATION_INFO WHERE AC_ID = AI.AC_ID) AS AC_NAME , (SELECT SOLUTION FROM ATTACK_MITIGATION_INFO WHERE AM_ID = AI.AM_ID) AM_DESC , IFNULL((SELECT PROTCOL_NAME FROM ATTACK_KNOWN_PORT WHERE PORT_NUM = DST_PORT), '') AS dstProtocolName FROM ATTACK_DETECTION_LOG AD LEFT JOIN ATTACK_INFO AI ON AD.ATTACK_ID = AI.ATTACK_ID) ADL2 ORDER BY ADL2.ATTACK_TIME DESC LIMIT 0, 81 
00:57:41.274 [http-nio-8080-exec-6] DEBUG c.s.s.c.d.l.D.getDetectionDetailListForScroller - ==> Parameters: 
00:57:41.278 [http-nio-8080-exec-8] DEBUG c.s.s.c.d.l.D.getDetectionDetailListForScroller - ==>  Preparing: SELECT * FROM (SELECT AD.*, AI.ATTACK_NAME , (SELECT AS_NAME FROM ATTACK_SEVERITY_INFO WHERE AS_ID = AI.AS_ID) AS AS_NAME , (SELECT AC_NAME FROM ATTACK_CLASSIFICATION_INFO WHERE AC_ID = AI.AC_ID) AS AC_NAME , (SELECT SOLUTION FROM ATTACK_MITIGATION_INFO WHERE AM_ID = AI.AM_ID) AM_DESC , IFNULL((SELECT PROTCOL_NAME FROM ATTACK_KNOWN_PORT WHERE PORT_NUM = DST_PORT), '') AS dstProtocolName FROM ATTACK_DETECTION_LOG AD LEFT JOIN ATTACK_INFO AI ON AD.ATTACK_ID = AI.ATTACK_ID) ADL2 ORDER BY ADL2.ATTACK_TIME DESC LIMIT 0, 81 
00:57:41.278 [http-nio-8080-exec-8] DEBUG c.s.s.c.d.l.D.getDetectionDetailListForScroller - ==> Parameters: 
00:57:41.279 [http-nio-8080-exec-6] DEBUG c.s.s.c.d.l.D.getDetectionDetailListForScroller - <==      Total: 64
00:57:41.286 [http-nio-8080-exec-8] DEBUG c.s.s.c.d.l.D.getDetectionDetailListForScroller - <==      Total: 64
01:10:08.991 [http-nio-8080-exec-3] INFO  c.s.s.a.controller.AuthController - index.html
01:10:11.058 [http-nio-8080-exec-7] INFO  c.s.s.a.controller.AuthController - /login
01:10:11.059 [http-nio-8080-exec-7] INFO  c.s.s.a.controller.AuthController - check session.isLogin() : false
01:10:21.192 [http-nio-8080-exec-9] INFO  c.s.s.a.controller.AuthController - /auth/loginEmail/ganadara135@gmail.com,user,172.26.0.1
01:10:21.205 [http-nio-8080-exec-9] DEBUG c.s.s.c.d.a.U.getUserByEmail - ==>  Preparing: SELECT USER_ID , LOGON_NAME , LOGON_PWD , USER_NAME , USER_TYPE , EMAIL , CONTACT , LAST_ACC_IP , LAST_ACC_DATE , TOKEN , RETRY_CNT , LAST_PASS_MOD_DATE , INIT_PASS_YN , USE_YN , OTP_TYPE , OTP_SECRET FROM USERS WHERE EMAIL = ? AND LOGON_PWD = password(?) AND USE_YN = ? 
01:10:21.205 [http-nio-8080-exec-9] DEBUG c.s.s.c.d.a.U.getUserByEmail - ==> Parameters: ganadara135@gmail.com(String), user(String), Y(String)
01:10:21.207 [http-nio-8080-exec-9] DEBUG c.s.s.c.d.a.U.getUserByEmail - <==      Total: 0
01:10:21.210 [http-nio-8080-exec-9] DEBUG c.s.s.c.d.a.U.increaseRetryCntbyEmail - ==>  Preparing: UPDATE USERS SET RETRY_CNT = RETRY_CNT + 1 WHERE EMAIL = ? 
01:10:21.210 [http-nio-8080-exec-9] DEBUG c.s.s.c.d.a.U.increaseRetryCntbyEmail - ==> Parameters: ganadara135@gmail.com(String)
01:10:21.212 [http-nio-8080-exec-9] DEBUG c.s.s.c.d.a.U.increaseRetryCntbyEmail - <==    Updates: 0
01:10:23.077 [http-nio-8080-exec-6] INFO  c.s.s.a.controller.AuthController - /auth/loginEmail/ganadara135@gmail.com,user,172.26.0.1
01:10:23.090 [http-nio-8080-exec-6] DEBUG c.s.s.c.d.a.U.getUserByEmail - ==>  Preparing: SELECT USER_ID , LOGON_NAME , LOGON_PWD , USER_NAME , USER_TYPE , EMAIL , CONTACT , LAST_ACC_IP , LAST_ACC_DATE , TOKEN , RETRY_CNT , LAST_PASS_MOD_DATE , INIT_PASS_YN , USE_YN , OTP_TYPE , OTP_SECRET FROM USERS WHERE EMAIL = ? AND LOGON_PWD = password(?) AND USE_YN = ? 
01:10:23.090 [http-nio-8080-exec-6] DEBUG c.s.s.c.d.a.U.getUserByEmail - ==> Parameters: ganadara135@gmail.com(String), user(String), Y(String)
01:10:23.092 [http-nio-8080-exec-6] DEBUG c.s.s.c.d.a.U.getUserByEmail - <==      Total: 0
01:10:23.094 [http-nio-8080-exec-6] DEBUG c.s.s.c.d.a.U.increaseRetryCntbyEmail - ==>  Preparing: UPDATE USERS SET RETRY_CNT = RETRY_CNT + 1 WHERE EMAIL = ? 
01:10:23.094 [http-nio-8080-exec-6] DEBUG c.s.s.c.d.a.U.increaseRetryCntbyEmail - ==> Parameters: ganadara135@gmail.com(String)
01:10:23.096 [http-nio-8080-exec-6] DEBUG c.s.s.c.d.a.U.increaseRetryCntbyEmail - <==    Updates: 0
01:11:03.149 [http-nio-8080-exec-5] INFO  c.s.s.a.controller.AuthController - /auth/loginEmail/ganadara135@gmail.com,admin1234!,172.26.0.1
01:11:03.154 [http-nio-8080-exec-5] DEBUG c.s.s.c.d.a.U.getUserByEmail - ==>  Preparing: SELECT USER_ID , LOGON_NAME , LOGON_PWD , USER_NAME , USER_TYPE , EMAIL , CONTACT , LAST_ACC_IP , LAST_ACC_DATE , TOKEN , RETRY_CNT , LAST_PASS_MOD_DATE , INIT_PASS_YN , USE_YN , OTP_TYPE , OTP_SECRET FROM USERS WHERE EMAIL = ? AND LOGON_PWD = password(?) AND USE_YN = ? 
01:11:03.154 [http-nio-8080-exec-5] DEBUG c.s.s.c.d.a.U.getUserByEmail - ==> Parameters: ganadara135@gmail.com(String), admin1234!(String), Y(String)
01:11:03.155 [http-nio-8080-exec-5] DEBUG c.s.s.c.d.a.U.getUserByEmail - <==      Total: 0
01:11:03.159 [http-nio-8080-exec-5] DEBUG c.s.s.c.d.a.U.increaseRetryCntbyEmail - ==>  Preparing: UPDATE USERS SET RETRY_CNT = RETRY_CNT + 1 WHERE EMAIL = ? 
01:11:03.159 [http-nio-8080-exec-5] DEBUG c.s.s.c.d.a.U.increaseRetryCntbyEmail - ==> Parameters: ganadara135@gmail.com(String)
01:11:03.160 [http-nio-8080-exec-5] DEBUG c.s.s.c.d.a.U.increaseRetryCntbyEmail - <==    Updates: 0
01:11:04.691 [http-nio-8080-exec-4] INFO  c.s.s.a.controller.AuthController - /auth/loginEmail/ganadara135@gmail.com,admin1234!,172.26.0.1
01:11:04.696 [http-nio-8080-exec-4] DEBUG c.s.s.c.d.a.U.getUserByEmail - ==>  Preparing: SELECT USER_ID , LOGON_NAME , LOGON_PWD , USER_NAME , USER_TYPE , EMAIL , CONTACT , LAST_ACC_IP , LAST_ACC_DATE , TOKEN , RETRY_CNT , LAST_PASS_MOD_DATE , INIT_PASS_YN , USE_YN , OTP_TYPE , OTP_SECRET FROM USERS WHERE EMAIL = ? AND LOGON_PWD = password(?) AND USE_YN = ? 
01:11:04.696 [http-nio-8080-exec-4] DEBUG c.s.s.c.d.a.U.getUserByEmail - ==> Parameters: ganadara135@gmail.com(String), admin1234!(String), Y(String)
01:11:04.697 [http-nio-8080-exec-4] DEBUG c.s.s.c.d.a.U.getUserByEmail - <==      Total: 0
01:11:04.700 [http-nio-8080-exec-4] DEBUG c.s.s.c.d.a.U.increaseRetryCntbyEmail - ==>  Preparing: UPDATE USERS SET RETRY_CNT = RETRY_CNT + 1 WHERE EMAIL = ? 
01:11:04.700 [http-nio-8080-exec-4] DEBUG c.s.s.c.d.a.U.increaseRetryCntbyEmail - ==> Parameters: ganadara135@gmail.com(String)
01:11:04.702 [http-nio-8080-exec-4] DEBUG c.s.s.c.d.a.U.increaseRetryCntbyEmail - <==    Updates: 0
01:11:17.633 [http-nio-8080-exec-2] INFO  c.s.s.a.controller.AuthController - /auth/loginEmail/ganadara135@gmail.com,admin1234!,172.26.0.1
01:11:17.640 [http-nio-8080-exec-2] DEBUG c.s.s.c.d.a.U.getUserByEmail - ==>  Preparing: SELECT USER_ID , LOGON_NAME , LOGON_PWD , USER_NAME , USER_TYPE , EMAIL , CONTACT , LAST_ACC_IP , LAST_ACC_DATE , TOKEN , RETRY_CNT , LAST_PASS_MOD_DATE , INIT_PASS_YN , USE_YN , OTP_TYPE , OTP_SECRET FROM USERS WHERE EMAIL = ? AND LOGON_PWD = password(?) AND USE_YN = ? 
01:11:17.640 [http-nio-8080-exec-2] DEBUG c.s.s.c.d.a.U.getUserByEmail - ==> Parameters: ganadara135@gmail.com(String), admin1234!(String), Y(String)
01:11:17.642 [http-nio-8080-exec-2] DEBUG c.s.s.c.d.a.U.getUserByEmail - <==      Total: 0
01:11:17.644 [http-nio-8080-exec-2] DEBUG c.s.s.c.d.a.U.increaseRetryCntbyEmail - ==>  Preparing: UPDATE USERS SET RETRY_CNT = RETRY_CNT + 1 WHERE EMAIL = ? 
01:11:17.644 [http-nio-8080-exec-2] DEBUG c.s.s.c.d.a.U.increaseRetryCntbyEmail - ==> Parameters: ganadara135@gmail.com(String)
01:11:17.646 [http-nio-8080-exec-2] DEBUG c.s.s.c.d.a.U.increaseRetryCntbyEmail - <==    Updates: 0
01:11:19.650 [http-nio-8080-exec-1] INFO  c.s.s.a.controller.AuthController - /auth/loginEmail/ganadara135@gmail.com,admin1234!,172.26.0.1
01:11:19.662 [http-nio-8080-exec-1] DEBUG c.s.s.c.d.a.U.getUserByEmail - ==>  Preparing: SELECT USER_ID , LOGON_NAME , LOGON_PWD , USER_NAME , USER_TYPE , EMAIL , CONTACT , LAST_ACC_IP , LAST_ACC_DATE , TOKEN , RETRY_CNT , LAST_PASS_MOD_DATE , INIT_PASS_YN , USE_YN , OTP_TYPE , OTP_SECRET FROM USERS WHERE EMAIL = ? AND LOGON_PWD = password(?) AND USE_YN = ? 
01:11:19.662 [http-nio-8080-exec-1] DEBUG c.s.s.c.d.a.U.getUserByEmail - ==> Parameters: ganadara135@gmail.com(String), admin1234!(String), Y(String)
01:11:19.664 [http-nio-8080-exec-1] DEBUG c.s.s.c.d.a.U.getUserByEmail - <==      Total: 0
01:11:19.666 [http-nio-8080-exec-1] DEBUG c.s.s.c.d.a.U.increaseRetryCntbyEmail - ==>  Preparing: UPDATE USERS SET RETRY_CNT = RETRY_CNT + 1 WHERE EMAIL = ? 
01:11:19.666 [http-nio-8080-exec-1] DEBUG c.s.s.c.d.a.U.increaseRetryCntbyEmail - ==> Parameters: ganadara135@gmail.com(String)
01:11:19.668 [http-nio-8080-exec-1] DEBUG c.s.s.c.d.a.U.increaseRetryCntbyEmail - <==    Updates: 0
01:12:22.282 [http-nio-8080-exec-1] INFO  c.s.s.a.controller.AuthController - /auth/loginEmail/ganadara135@gmail.com,admin,172.26.0.1
01:12:22.291 [http-nio-8080-exec-1] DEBUG c.s.s.c.d.a.U.getUserByEmail - ==>  Preparing: SELECT USER_ID , LOGON_NAME , LOGON_PWD , USER_NAME , USER_TYPE , EMAIL , CONTACT , LAST_ACC_IP , LAST_ACC_DATE , TOKEN , RETRY_CNT , LAST_PASS_MOD_DATE , INIT_PASS_YN , USE_YN , OTP_TYPE , OTP_SECRET FROM USERS WHERE EMAIL = ? AND LOGON_PWD = password(?) AND USE_YN = ? 
01:12:22.291 [http-nio-8080-exec-1] DEBUG c.s.s.c.d.a.U.getUserByEmail - ==> Parameters: ganadara135@gmail.com(String), admin(String), Y(String)
01:12:22.293 [http-nio-8080-exec-1] DEBUG c.s.s.c.d.a.U.getUserByEmail - <==      Total: 0
01:12:22.296 [http-nio-8080-exec-1] DEBUG c.s.s.c.d.a.U.increaseRetryCntbyEmail - ==>  Preparing: UPDATE USERS SET RETRY_CNT = RETRY_CNT + 1 WHERE EMAIL = ? 
01:12:22.296 [http-nio-8080-exec-1] DEBUG c.s.s.c.d.a.U.increaseRetryCntbyEmail - ==> Parameters: ganadara135@gmail.com(String)
01:12:22.297 [http-nio-8080-exec-1] DEBUG c.s.s.c.d.a.U.increaseRetryCntbyEmail - <==    Updates: 0
01:21:50.703 [http-nio-8080-exec-3] INFO  c.s.s.a.controller.AuthController - /login
01:21:50.703 [http-nio-8080-exec-3] INFO  c.s.s.a.controller.AuthController - check session.isLogin() : false
01:22:06.342 [http-nio-8080-exec-6] INFO  c.s.s.a.controller.AuthController - /auth/loginEmail/ganadara135@gmail.com,user,172.26.0.1
01:22:06.352 [http-nio-8080-exec-6] DEBUG c.s.s.c.d.a.U.getUserByEmail - ==>  Preparing: SELECT USER_ID , LOGON_NAME , LOGON_PWD , USER_NAME , USER_TYPE , EMAIL , CONTACT , LAST_ACC_IP , LAST_ACC_DATE , TOKEN , RETRY_CNT , LAST_PASS_MOD_DATE , INIT_PASS_YN , USE_YN , OTP_TYPE , OTP_SECRET FROM USERS WHERE EMAIL = ? AND LOGON_PWD = password(?) AND USE_YN = ? 
01:22:06.352 [http-nio-8080-exec-6] DEBUG c.s.s.c.d.a.U.getUserByEmail - ==> Parameters: ganadara135@gmail.com(String), user(String), Y(String)
01:22:06.354 [http-nio-8080-exec-6] DEBUG c.s.s.c.d.a.U.getUserByEmail - <==      Total: 0
01:22:06.357 [http-nio-8080-exec-6] DEBUG c.s.s.c.d.a.U.increaseRetryCntbyEmail - ==>  Preparing: UPDATE USERS SET RETRY_CNT = RETRY_CNT + 1 WHERE EMAIL = ? 
01:22:06.357 [http-nio-8080-exec-6] DEBUG c.s.s.c.d.a.U.increaseRetryCntbyEmail - ==> Parameters: ganadara135@gmail.com(String)
01:22:06.358 [http-nio-8080-exec-6] DEBUG c.s.s.c.d.a.U.increaseRetryCntbyEmail - <==    Updates: 0
01:22:23.172 [http-nio-8080-exec-10] INFO  c.s.s.a.controller.AuthController - /auth/loginEmail/ganadara135@gmail.com,admin1234!,172.26.0.1
01:22:23.179 [http-nio-8080-exec-10] DEBUG c.s.s.c.d.a.U.getUserByEmail - ==>  Preparing: SELECT USER_ID , LOGON_NAME , LOGON_PWD , USER_NAME , USER_TYPE , EMAIL , CONTACT , LAST_ACC_IP , LAST_ACC_DATE , TOKEN , RETRY_CNT , LAST_PASS_MOD_DATE , INIT_PASS_YN , USE_YN , OTP_TYPE , OTP_SECRET FROM USERS WHERE EMAIL = ? AND LOGON_PWD = password(?) AND USE_YN = ? 
01:22:23.179 [http-nio-8080-exec-10] DEBUG c.s.s.c.d.a.U.getUserByEmail - ==> Parameters: ganadara135@gmail.com(String), admin1234!(String), Y(String)
01:22:23.180 [http-nio-8080-exec-10] DEBUG c.s.s.c.d.a.U.getUserByEmail - <==      Total: 0
01:22:23.183 [http-nio-8080-exec-10] DEBUG c.s.s.c.d.a.U.increaseRetryCntbyEmail - ==>  Preparing: UPDATE USERS SET RETRY_CNT = RETRY_CNT + 1 WHERE EMAIL = ? 
01:22:23.183 [http-nio-8080-exec-10] DEBUG c.s.s.c.d.a.U.increaseRetryCntbyEmail - ==> Parameters: ganadara135@gmail.com(String)
01:22:23.185 [http-nio-8080-exec-10] DEBUG c.s.s.c.d.a.U.increaseRetryCntbyEmail - <==    Updates: 0
01:22:53.755 [http-nio-8080-exec-5] INFO  c.s.s.a.controller.AuthController - /auth/loginEmail/operator,adin1234!,172.26.0.1
01:22:53.766 [http-nio-8080-exec-5] DEBUG c.s.s.c.d.a.U.getUserByEmail - ==>  Preparing: SELECT USER_ID , LOGON_NAME , LOGON_PWD , USER_NAME , USER_TYPE , EMAIL , CONTACT , LAST_ACC_IP , LAST_ACC_DATE , TOKEN , RETRY_CNT , LAST_PASS_MOD_DATE , INIT_PASS_YN , USE_YN , OTP_TYPE , OTP_SECRET FROM USERS WHERE EMAIL = ? AND LOGON_PWD = password(?) AND USE_YN = ? 
01:22:53.766 [http-nio-8080-exec-5] DEBUG c.s.s.c.d.a.U.getUserByEmail - ==> Parameters: operator(String), adin1234!(String), Y(String)
01:22:53.767 [http-nio-8080-exec-5] DEBUG c.s.s.c.d.a.U.getUserByEmail - <==      Total: 0
01:22:53.770 [http-nio-8080-exec-5] DEBUG c.s.s.c.d.a.U.increaseRetryCntbyEmail - ==>  Preparing: UPDATE USERS SET RETRY_CNT = RETRY_CNT + 1 WHERE EMAIL = ? 
01:22:53.770 [http-nio-8080-exec-5] DEBUG c.s.s.c.d.a.U.increaseRetryCntbyEmail - ==> Parameters: operator(String)
01:22:53.772 [http-nio-8080-exec-5] DEBUG c.s.s.c.d.a.U.increaseRetryCntbyEmail - <==    Updates: 0
01:29:01.421 [http-nio-8080-exec-8] INFO  c.s.s.a.controller.AuthController - /auth/loginEmail/operator,admin1234!,172.26.0.1
01:29:01.445 [http-nio-8080-exec-8] DEBUG c.s.s.c.d.a.U.getUserByEmail - ==>  Preparing: SELECT USER_ID , LOGON_NAME , LOGON_PWD , USER_NAME , USER_TYPE , EMAIL , CONTACT , LAST_ACC_IP , LAST_ACC_DATE , TOKEN , RETRY_CNT , LAST_PASS_MOD_DATE , INIT_PASS_YN , USE_YN , OTP_TYPE , OTP_SECRET FROM USERS WHERE EMAIL = ? AND LOGON_PWD = password(?) AND USE_YN = ? 
01:29:01.445 [http-nio-8080-exec-8] DEBUG c.s.s.c.d.a.U.getUserByEmail - ==> Parameters: operator(String), admin1234!(String), Y(String)
01:29:01.446 [http-nio-8080-exec-8] DEBUG c.s.s.c.d.a.U.getUserByEmail - <==      Total: 0
01:29:01.450 [http-nio-8080-exec-8] DEBUG c.s.s.c.d.a.U.increaseRetryCntbyEmail - ==>  Preparing: UPDATE USERS SET RETRY_CNT = RETRY_CNT + 1 WHERE EMAIL = ? 
01:29:01.450 [http-nio-8080-exec-8] DEBUG c.s.s.c.d.a.U.increaseRetryCntbyEmail - ==> Parameters: operator(String)
01:29:01.451 [http-nio-8080-exec-8] DEBUG c.s.s.c.d.a.U.increaseRetryCntbyEmail - <==    Updates: 0
01:37:03.652 [http-nio-8080-exec-2] INFO  c.s.s.a.controller.AuthController - /auth/loginEmail/ganadara135@gmail.com,user,172.26.0.1
01:37:03.672 [http-nio-8080-exec-2] DEBUG c.s.s.c.d.a.U.getUserByEmail - ==>  Preparing: SELECT USER_ID , LOGON_NAME , LOGON_PWD , USER_NAME , USER_TYPE , EMAIL , CONTACT , LAST_ACC_IP , LAST_ACC_DATE , TOKEN , RETRY_CNT , LAST_PASS_MOD_DATE , INIT_PASS_YN , USE_YN , OTP_TYPE , OTP_SECRET FROM USERS WHERE EMAIL = ? AND LOGON_PWD = password(?) AND USE_YN = ? 
01:37:03.672 [http-nio-8080-exec-2] DEBUG c.s.s.c.d.a.U.getUserByEmail - ==> Parameters: ganadara135@gmail.com(String), user(String), Y(String)
01:37:03.674 [http-nio-8080-exec-2] DEBUG c.s.s.c.d.a.U.getUserByEmail - <==      Total: 0
01:37:03.677 [http-nio-8080-exec-2] DEBUG c.s.s.c.d.a.U.increaseRetryCntbyEmail - ==>  Preparing: UPDATE USERS SET RETRY_CNT = RETRY_CNT + 1 WHERE EMAIL = ? 
01:37:03.677 [http-nio-8080-exec-2] DEBUG c.s.s.c.d.a.U.increaseRetryCntbyEmail - ==> Parameters: ganadara135@gmail.com(String)
01:37:03.678 [http-nio-8080-exec-2] DEBUG c.s.s.c.d.a.U.increaseRetryCntbyEmail - <==    Updates: 0
01:37:11.430 [http-nio-8080-exec-7] INFO  c.s.s.a.controller.AuthController - /auth/loginEmail/ganadara135@gmail.com,user,172.26.0.1
01:37:11.442 [http-nio-8080-exec-7] DEBUG c.s.s.c.d.a.U.getUserByEmail - ==>  Preparing: SELECT USER_ID , LOGON_NAME , LOGON_PWD , USER_NAME , USER_TYPE , EMAIL , CONTACT , LAST_ACC_IP , LAST_ACC_DATE , TOKEN , RETRY_CNT , LAST_PASS_MOD_DATE , INIT_PASS_YN , USE_YN , OTP_TYPE , OTP_SECRET FROM USERS WHERE EMAIL = ? AND LOGON_PWD = password(?) AND USE_YN = ? 
01:37:11.442 [http-nio-8080-exec-7] DEBUG c.s.s.c.d.a.U.getUserByEmail - ==> Parameters: ganadara135@gmail.com(String), user(String), Y(String)
01:37:11.444 [http-nio-8080-exec-7] DEBUG c.s.s.c.d.a.U.getUserByEmail - <==      Total: 0
01:37:11.446 [http-nio-8080-exec-7] DEBUG c.s.s.c.d.a.U.increaseRetryCntbyEmail - ==>  Preparing: UPDATE USERS SET RETRY_CNT = RETRY_CNT + 1 WHERE EMAIL = ? 
01:37:11.447 [http-nio-8080-exec-7] DEBUG c.s.s.c.d.a.U.increaseRetryCntbyEmail - ==> Parameters: ganadara135@gmail.com(String)
01:37:11.448 [http-nio-8080-exec-7] DEBUG c.s.s.c.d.a.U.increaseRetryCntbyEmail - <==    Updates: 0
01:37:13.796 [http-nio-8080-exec-3] INFO  c.s.s.a.controller.AuthController - /login
01:37:13.796 [http-nio-8080-exec-3] INFO  c.s.s.a.controller.AuthController - check session.isLogin() : false
01:38:20.782 [http-nio-8080-exec-3] INFO  c.s.s.a.controller.AuthController - /auth/loginEmail/user@soteria-sys.com,admin1234!,172.26.0.1
01:38:20.789 [http-nio-8080-exec-3] DEBUG c.s.s.c.d.a.U.getUserByEmail - ==>  Preparing: SELECT USER_ID , LOGON_NAME , LOGON_PWD , USER_NAME , USER_TYPE , EMAIL , CONTACT , LAST_ACC_IP , LAST_ACC_DATE , TOKEN , RETRY_CNT , LAST_PASS_MOD_DATE , INIT_PASS_YN , USE_YN , OTP_TYPE , OTP_SECRET FROM USERS WHERE EMAIL = ? AND LOGON_PWD = password(?) AND USE_YN = ? 
01:38:20.790 [http-nio-8080-exec-3] DEBUG c.s.s.c.d.a.U.getUserByEmail - ==> Parameters: user@soteria-sys.com(String), admin1234!(String), Y(String)
01:38:20.791 [http-nio-8080-exec-3] DEBUG c.s.s.c.d.a.U.getUserByEmail - <==      Total: 1
01:38:20.792 [http-nio-8080-exec-3] DEBUG c.s.s.c.d.a.UserMapper.getAllowedIps - ==>  Preparing: SELECT EXT_ID , USER_ID , IP , MOD_USER , MOD_DATE FROM USER_IPS WHERE USER_ID = ? 
01:38:20.792 [http-nio-8080-exec-3] DEBUG c.s.s.c.d.a.UserMapper.getAllowedIps - ==> Parameters: 2(Integer)
01:38:20.793 [http-nio-8080-exec-3] DEBUG c.s.s.c.d.a.UserMapper.getAllowedIps - <==      Total: 0
01:38:20.796 [http-nio-8080-exec-3] DEBUG c.s.s.c.d.a.U.insertUserAction - ==>  Preparing: INSERT INTO USERS_ACTION_HIS (USER_ID, ACTION_TYPE, ACTION_SUB_TYPE, ACTION_RSLT, REMOTE_IP, REASON, REG_DATE) VALUES (?, ?, ?, ?, ?, ?, NOW()) 
01:38:20.796 [http-nio-8080-exec-3] DEBUG c.s.s.c.d.a.U.insertUserAction - ==> Parameters: 2(Integer), 100(Integer), 101(Integer), F(String), 172.26.0.1(String), USER LOGIN(String)
01:38:20.804 [http-nio-8080-exec-3] DEBUG c.s.s.c.d.a.UserMapper.getUserInfo - ==>  Preparing: SELECT USER_ID , LOGON_NAME , LOGON_PWD , USER_TYPE , USER_NAME , EMAIL , CONTACT , LAST_ACC_IP , LAST_ACC_DATE , TOKEN , RETRY_CNT , LAST_PASS_MOD_DATE , INIT_PASS_YN , USE_YN , OTP_TYPE , OTP_SECRET FROM USERS WHERE EMAIL = ? 
01:38:20.804 [http-nio-8080-exec-3] DEBUG c.s.s.c.d.a.UserMapper.getUserInfo - ==> Parameters: user@soteria-sys.com(String)
01:38:20.806 [http-nio-8080-exec-3] DEBUG c.s.s.c.d.a.UserMapper.getUserInfo - <==      Total: 1
01:38:42.949 [http-nio-8080-exec-9] INFO  c.s.s.a.controller.AuthController - /auth/loginEmail/user@soteria-sys.com,admin1234!,172.26.0.1
01:38:42.960 [http-nio-8080-exec-9] DEBUG c.s.s.c.d.a.U.getUserByEmail - ==>  Preparing: SELECT USER_ID , LOGON_NAME , LOGON_PWD , USER_NAME , USER_TYPE , EMAIL , CONTACT , LAST_ACC_IP , LAST_ACC_DATE , TOKEN , RETRY_CNT , LAST_PASS_MOD_DATE , INIT_PASS_YN , USE_YN , OTP_TYPE , OTP_SECRET FROM USERS WHERE EMAIL = ? AND LOGON_PWD = password(?) AND USE_YN = ? 
01:38:42.960 [http-nio-8080-exec-9] DEBUG c.s.s.c.d.a.U.getUserByEmail - ==> Parameters: user@soteria-sys.com(String), admin1234!(String), Y(String)
01:38:42.963 [http-nio-8080-exec-9] DEBUG c.s.s.c.d.a.U.getUserByEmail - <==      Total: 1
01:38:42.963 [http-nio-8080-exec-9] DEBUG c.s.s.c.d.a.UserMapper.getAllowedIps - ==>  Preparing: SELECT EXT_ID , USER_ID , IP , MOD_USER , MOD_DATE FROM USER_IPS WHERE USER_ID = ? 
01:38:42.963 [http-nio-8080-exec-9] DEBUG c.s.s.c.d.a.UserMapper.getAllowedIps - ==> Parameters: 2(Integer)
01:38:42.964 [http-nio-8080-exec-9] DEBUG c.s.s.c.d.a.UserMapper.getAllowedIps - <==      Total: 0
01:38:42.967 [http-nio-8080-exec-9] DEBUG c.s.s.c.d.a.U.insertUserAction - ==>  Preparing: INSERT INTO USERS_ACTION_HIS (USER_ID, ACTION_TYPE, ACTION_SUB_TYPE, ACTION_RSLT, REMOTE_IP, REASON, REG_DATE) VALUES (?, ?, ?, ?, ?, ?, NOW()) 
01:38:42.968 [http-nio-8080-exec-9] DEBUG c.s.s.c.d.a.U.insertUserAction - ==> Parameters: 2(Integer), 100(Integer), 101(Integer), F(String), 172.26.0.1(String), USER LOGIN(String)
01:38:42.974 [http-nio-8080-exec-9] DEBUG c.s.s.c.d.a.UserMapper.getUserInfo - ==>  Preparing: SELECT USER_ID , LOGON_NAME , LOGON_PWD , USER_TYPE , USER_NAME , EMAIL , CONTACT , LAST_ACC_IP , LAST_ACC_DATE , TOKEN , RETRY_CNT , LAST_PASS_MOD_DATE , INIT_PASS_YN , USE_YN , OTP_TYPE , OTP_SECRET FROM USERS WHERE EMAIL = ? 
01:38:42.974 [http-nio-8080-exec-9] DEBUG c.s.s.c.d.a.UserMapper.getUserInfo - ==> Parameters: user@soteria-sys.com(String)
01:38:42.976 [http-nio-8080-exec-9] DEBUG c.s.s.c.d.a.UserMapper.getUserInfo - <==      Total: 1
02:42:06.878 [http-nio-8080-exec-1] DEBUG c.s.s.c.d.l.A.getAttackInfoByAttackId - ==>  Preparing: SELECT * FROM ATTACK_INFO WHERE ATTACK_ID = ? 
02:42:06.878 [http-nio-8080-exec-1] DEBUG c.s.s.c.d.l.A.getAttackInfoByAttackId - ==> Parameters: ATTACK_17(String)
02:42:06.880 [http-nio-8080-exec-1] DEBUG c.s.s.c.d.l.A.getAttackInfoByAttackId - <==      Total: 1
02:42:06.880 [http-nio-8080-exec-1] DEBUG c.s.s.c.d.logs.IDGenMapper.getNextId - ==>  Preparing: SELECT NEXT_ID FROM ATTACK_IDS WHERE NAME = ? 
02:42:06.880 [http-nio-8080-exec-1] DEBUG c.s.s.c.d.logs.IDGenMapper.getNextId - ==> Parameters: LOG_(String)
02:42:06.881 [http-nio-8080-exec-1] DEBUG c.s.s.c.d.logs.IDGenMapper.getNextId - <==      Total: 1
02:42:06.882 [http-nio-8080-exec-1] DEBUG c.s.s.c.d.l.D.selectAlertType - ==>  Preparing: SELECT ID , PUSH , EMAIL , SMS , AS_ID , (SELECT AS_NAME FROM ATTACK_SEVERITY_INFO ASI WHERE ASI.AS_ID = AAS.AS_ID) AS SEVERITY_LEVEL FROM ATTACK_ALERT_SETTING AAS 
02:42:06.882 [http-nio-8080-exec-1] DEBUG c.s.s.c.d.l.D.selectAlertType - ==> Parameters: 
02:42:06.883 [http-nio-8080-exec-1] DEBUG c.s.s.c.d.l.D.selectAlertType - <==      Total: 1
02:42:06.885 [http-nio-8080-exec-1] DEBUG c.s.s.c.d.l.D.saveAttackDetectionLog - ==>  Preparing: INSERT INTO ATTACK_DETECTION_LOG ( `LOG_ID` , `ATTACK_ID` , `PROTOCOL` , `SRC_IP` , `DST_IP` , `DST_PORT` , `ATTACK_TIME` , `PAYLOAD` ) VALUES ( ? , ? , ? , ? , ? , ? , ? , ? ) 
02:42:06.885 [http-nio-8080-exec-1] DEBUG c.s.s.c.d.l.D.saveAttackDetectionLog - ==> Parameters: LOG_82(String), ATTACK_17(String), TCP(String), 999.11.4.53(String), 888.111.11.110(String), 80(Integer), 20210330115019(String), 게시판 글 안에 스크립트 공격 <script>docoment.cookie()</scirpt>(String)
02:42:06.887 [http-nio-8080-exec-1] DEBUG c.s.s.c.d.l.D.saveAttackDetectionLog - <==    Updates: 1
02:42:06.896 [http-nio-8080-exec-1] DEBUG c.s.s.c.d.l.IDGenMapper.updateNextId - ==>  Preparing: UPDATE ATTACK_IDS SET NEXT_ID = NEXT_ID + 1 WHERE NAME = ? 
02:42:06.896 [http-nio-8080-exec-1] DEBUG c.s.s.c.d.l.IDGenMapper.updateNextId - ==> Parameters: LOG_(String)
02:42:06.899 [http-nio-8080-exec-1] DEBUG c.s.s.c.d.l.IDGenMapper.updateNextId - <==    Updates: 1
02:42:06.911 [http-nio-8080-exec-2] DEBUG c.s.s.c.d.l.D.getDetectionDetailListForScroller - ==>  Preparing: SELECT * FROM (SELECT AD.*, AI.ATTACK_NAME , (SELECT AS_NAME FROM ATTACK_SEVERITY_INFO WHERE AS_ID = AI.AS_ID) AS AS_NAME , (SELECT AC_NAME FROM ATTACK_CLASSIFICATION_INFO WHERE AC_ID = AI.AC_ID) AS AC_NAME , (SELECT SOLUTION FROM ATTACK_MITIGATION_INFO WHERE AM_ID = AI.AM_ID) AM_DESC , IFNULL((SELECT PROTCOL_NAME FROM ATTACK_KNOWN_PORT WHERE PORT_NUM = DST_PORT), '') AS dstProtocolName FROM ATTACK_DETECTION_LOG AD LEFT JOIN ATTACK_INFO AI ON AD.ATTACK_ID = AI.ATTACK_ID) ADL2 ORDER BY ADL2.ATTACK_TIME DESC LIMIT 0, 81 
02:42:06.911 [http-nio-8080-exec-2] DEBUG c.s.s.c.d.l.D.getDetectionDetailListForScroller - ==> Parameters: 
02:42:06.916 [http-nio-8080-exec-2] DEBUG c.s.s.c.d.l.D.getDetectionDetailListForScroller - <==      Total: 65
02:42:06.920 [http-nio-8080-exec-7] DEBUG c.s.s.c.d.l.D.getDetectionDetailListForScroller - ==>  Preparing: SELECT * FROM (SELECT AD.*, AI.ATTACK_NAME , (SELECT AS_NAME FROM ATTACK_SEVERITY_INFO WHERE AS_ID = AI.AS_ID) AS AS_NAME , (SELECT AC_NAME FROM ATTACK_CLASSIFICATION_INFO WHERE AC_ID = AI.AC_ID) AS AC_NAME , (SELECT SOLUTION FROM ATTACK_MITIGATION_INFO WHERE AM_ID = AI.AM_ID) AM_DESC , IFNULL((SELECT PROTCOL_NAME FROM ATTACK_KNOWN_PORT WHERE PORT_NUM = DST_PORT), '') AS dstProtocolName FROM ATTACK_DETECTION_LOG AD LEFT JOIN ATTACK_INFO AI ON AD.ATTACK_ID = AI.ATTACK_ID) ADL2 ORDER BY ADL2.ATTACK_TIME DESC LIMIT 0, 81 
02:42:06.921 [http-nio-8080-exec-7] DEBUG c.s.s.c.d.l.D.getDetectionDetailListForScroller - ==> Parameters: 
02:42:06.928 [http-nio-8080-exec-7] DEBUG c.s.s.c.d.l.D.getDetectionDetailListForScroller - <==      Total: 65
08:09:47.008 [http-nio-8080-exec-4] DEBUG c.s.s.c.d.l.A.getAttackInfoByAttackId - ==>  Preparing: SELECT * FROM ATTACK_INFO WHERE ATTACK_ID = ? 
08:09:47.008 [http-nio-8080-exec-4] DEBUG c.s.s.c.d.l.A.getAttackInfoByAttackId - ==> Parameters: ATTACK_17(String)
08:09:47.010 [http-nio-8080-exec-4] DEBUG c.s.s.c.d.l.A.getAttackInfoByAttackId - <==      Total: 1
08:09:47.010 [http-nio-8080-exec-4] DEBUG c.s.s.c.d.logs.IDGenMapper.getNextId - ==>  Preparing: SELECT NEXT_ID FROM ATTACK_IDS WHERE NAME = ? 
08:09:47.010 [http-nio-8080-exec-4] DEBUG c.s.s.c.d.logs.IDGenMapper.getNextId - ==> Parameters: LOG_(String)
08:09:47.012 [http-nio-8080-exec-4] DEBUG c.s.s.c.d.logs.IDGenMapper.getNextId - <==      Total: 1
08:09:47.012 [http-nio-8080-exec-4] DEBUG c.s.s.c.d.l.D.selectAlertType - ==>  Preparing: SELECT ID , PUSH , EMAIL , SMS , AS_ID , (SELECT AS_NAME FROM ATTACK_SEVERITY_INFO ASI WHERE ASI.AS_ID = AAS.AS_ID) AS SEVERITY_LEVEL FROM ATTACK_ALERT_SETTING AAS 
08:09:47.012 [http-nio-8080-exec-4] DEBUG c.s.s.c.d.l.D.selectAlertType - ==> Parameters: 
08:09:47.013 [http-nio-8080-exec-4] DEBUG c.s.s.c.d.l.D.selectAlertType - <==      Total: 1
08:09:47.015 [http-nio-8080-exec-4] DEBUG c.s.s.c.d.l.D.saveAttackDetectionLog - ==>  Preparing: INSERT INTO ATTACK_DETECTION_LOG ( `LOG_ID` , `ATTACK_ID` , `PROTOCOL` , `SRC_IP` , `DST_IP` , `DST_PORT` , `ATTACK_TIME` , `PAYLOAD` ) VALUES ( ? , ? , ? , ? , ? , ? , ? , ? ) 
08:09:47.015 [http-nio-8080-exec-4] DEBUG c.s.s.c.d.l.D.saveAttackDetectionLog - ==> Parameters: LOG_83(String), ATTACK_17(String), TCP(String), 192.168.95.1(String), 192.168.95.138(String), 443(Integer), 20210217181326(String), ['/vulTest/add_bbs.do', 'text/html,application/xhtml+xml,application/xml;q=0.9,image/webp,image/apng,*/*;q=0.8', '[EMAIL=admin]', '[<script>alert(dowcument.cookie);</script>]'](String)
08:09:47.017 [http-nio-8080-exec-4] DEBUG c.s.s.c.d.l.D.saveAttackDetectionLog - <==    Updates: 1
08:09:47.026 [http-nio-8080-exec-4] DEBUG c.s.s.c.d.l.IDGenMapper.updateNextId - ==>  Preparing: UPDATE ATTACK_IDS SET NEXT_ID = NEXT_ID + 1 WHERE NAME = ? 
08:09:47.026 [http-nio-8080-exec-4] DEBUG c.s.s.c.d.l.IDGenMapper.updateNextId - ==> Parameters: LOG_(String)
08:09:47.029 [http-nio-8080-exec-4] DEBUG c.s.s.c.d.l.IDGenMapper.updateNextId - <==    Updates: 1
08:09:47.037 [http-nio-8080-exec-8] DEBUG c.s.s.c.d.l.D.getDetectionDetailListForScroller - ==>  Preparing: SELECT * FROM (SELECT AD.*, AI.ATTACK_NAME , (SELECT AS_NAME FROM ATTACK_SEVERITY_INFO WHERE AS_ID = AI.AS_ID) AS AS_NAME , (SELECT AC_NAME FROM ATTACK_CLASSIFICATION_INFO WHERE AC_ID = AI.AC_ID) AS AC_NAME , (SELECT SOLUTION FROM ATTACK_MITIGATION_INFO WHERE AM_ID = AI.AM_ID) AM_DESC , IFNULL((SELECT PROTCOL_NAME FROM ATTACK_KNOWN_PORT WHERE PORT_NUM = DST_PORT), '') AS dstProtocolName FROM ATTACK_DETECTION_LOG AD LEFT JOIN ATTACK_INFO AI ON AD.ATTACK_ID = AI.ATTACK_ID) ADL2 ORDER BY ADL2.ATTACK_TIME DESC LIMIT 0, 81 
08:09:47.037 [http-nio-8080-exec-8] DEBUG c.s.s.c.d.l.D.getDetectionDetailListForScroller - ==> Parameters: 
08:09:47.042 [http-nio-8080-exec-8] DEBUG c.s.s.c.d.l.D.getDetectionDetailListForScroller - <==      Total: 66
08:09:47.048 [http-nio-8080-exec-2] DEBUG c.s.s.c.d.l.D.getDetectionDetailListForScroller - ==>  Preparing: SELECT * FROM (SELECT AD.*, AI.ATTACK_NAME , (SELECT AS_NAME FROM ATTACK_SEVERITY_INFO WHERE AS_ID = AI.AS_ID) AS AS_NAME , (SELECT AC_NAME FROM ATTACK_CLASSIFICATION_INFO WHERE AC_ID = AI.AC_ID) AS AC_NAME , (SELECT SOLUTION FROM ATTACK_MITIGATION_INFO WHERE AM_ID = AI.AM_ID) AM_DESC , IFNULL((SELECT PROTCOL_NAME FROM ATTACK_KNOWN_PORT WHERE PORT_NUM = DST_PORT), '') AS dstProtocolName FROM ATTACK_DETECTION_LOG AD LEFT JOIN ATTACK_INFO AI ON AD.ATTACK_ID = AI.ATTACK_ID) ADL2 ORDER BY ADL2.ATTACK_TIME DESC LIMIT 0, 81 
08:09:47.048 [http-nio-8080-exec-2] DEBUG c.s.s.c.d.l.D.getDetectionDetailListForScroller - ==> Parameters: 
08:09:47.052 [http-nio-8080-exec-2] DEBUG c.s.s.c.d.l.D.getDetectionDetailListForScroller - <==      Total: 66
