07:48:15.480 [localhost-startStop-1] DEBUG c.s.s.c.d.s.S.getConfData - ==>  Preparing: SELECT CONF_ID , CONF_NAME , CONF_VALUE , OTHER_NAME , UNIT , MOD_USER , MOD_DATE FROM SYSTEM_CONFIG WHERE CONF_NAME = ? 
07:48:15.492 [localhost-startStop-1] DEBUG c.s.s.c.d.s.S.getConfData - ==> Parameters: LOGIN_MAX_RETRY_CNT(String)
07:48:15.709 [localhost-startStop-1] DEBUG c.s.s.c.d.admin.UserMapper.getUsers - ==>  Preparing: SELECT USER_ID , CREATE_DATE , LOGON_NAME -- , LOGON_PWD , USER_NAME , USER_TYPE , EMAIL , CONTACT , LAST_ACC_IP , LAST_ACC_DATE -- , TOKEN , RETRY_CNT , LAST_PASS_MOD_DATE , INIT_PASS_YN , USE_YN , OTP_TYPE , -- , OTP_SECRET , CASE USER_TYPE WHEN 1 THEN 'Security Admin' WHEN 100 THEN 'User' WHEN 200 THEN 'Operator' ELSE 'User' END userTypeName, CASE USE_YN WHEN 'Y' THEN 'Active' WHEN 'N' THEN 'Inactive' END 'status' FROM USERS WHERE USER_TYPE NOT IN ( ? ) ORDER BY USER_ID ASC 
07:48:15.710 [localhost-startStop-1] DEBUG c.s.s.c.d.admin.UserMapper.getUsers - ==> Parameters: 1(Integer)
08:03:07.167 [localhost-startStop-1] DEBUG c.s.s.c.d.s.S.getConfData - ==>  Preparing: SELECT CONF_ID , CONF_NAME , CONF_VALUE , OTHER_NAME , UNIT , MOD_USER , MOD_DATE FROM SYSTEM_CONFIG WHERE CONF_NAME = ? 
08:03:07.178 [localhost-startStop-1] DEBUG c.s.s.c.d.s.S.getConfData - ==> Parameters: LOGIN_MAX_RETRY_CNT(String)
08:03:07.192 [localhost-startStop-1] DEBUG c.s.s.c.d.s.S.getConfData - <==      Total: 1
08:03:07.193 [localhost-startStop-1] DEBUG c.s.s.c.d.s.S.getConfData - ==>  Preparing: SELECT CONF_ID , CONF_NAME , CONF_VALUE , OTHER_NAME , UNIT , MOD_USER , MOD_DATE FROM SYSTEM_CONFIG WHERE CONF_NAME = ? 
08:03:07.193 [localhost-startStop-1] DEBUG c.s.s.c.d.s.S.getConfData - ==> Parameters: PASSWD_EXP_MONTH(String)
08:03:07.196 [localhost-startStop-1] DEBUG c.s.s.c.d.s.S.getConfData - <==      Total: 1
08:03:07.196 [localhost-startStop-1] DEBUG c.s.s.c.d.s.S.getConfData - ==>  Preparing: SELECT CONF_ID , CONF_NAME , CONF_VALUE , OTHER_NAME , UNIT , MOD_USER , MOD_DATE FROM SYSTEM_CONFIG WHERE CONF_NAME = ? 
08:03:07.196 [localhost-startStop-1] DEBUG c.s.s.c.d.s.S.getConfData - ==> Parameters: REFRESH_RATE(String)
08:03:07.199 [localhost-startStop-1] DEBUG c.s.s.c.d.s.S.getConfData - <==      Total: 1
08:03:07.382 [localhost-startStop-1] DEBUG c.s.s.c.d.admin.UserMapper.getUsers - ==>  Preparing: SELECT USER_ID , CREATE_DATE , LOGON_NAME -- , LOGON_PWD , USER_NAME , USER_TYPE , EMAIL , CONTACT , LAST_ACC_IP , LAST_ACC_DATE -- , TOKEN , RETRY_CNT , LAST_PASS_MOD_DATE , INIT_PASS_YN , USE_YN , OTP_TYPE , -- , OTP_SECRET , CASE USER_TYPE WHEN 1 THEN 'Security Admin' WHEN 100 THEN 'User' WHEN 200 THEN 'Operator' ELSE 'User' END userTypeName, CASE USE_YN WHEN 'Y' THEN 'Active' WHEN 'N' THEN 'Inactive' END 'status' FROM USERS WHERE USER_TYPE NOT IN ( ? ) ORDER BY USER_ID ASC 
08:03:07.382 [localhost-startStop-1] DEBUG c.s.s.c.d.admin.UserMapper.getUsers - ==> Parameters: 1(Integer)
08:03:07.386 [localhost-startStop-1] DEBUG c.s.s.c.d.admin.UserMapper.getUsers - <==      Total: 2
08:03:24.366 [http-nio-8080-exec-3] INFO  c.s.s.a.controller.AuthController - /login
08:03:24.367 [http-nio-8080-exec-3] INFO  c.s.s.a.controller.AuthController - check session.isLogin() : false
08:03:29.419 [http-nio-8080-exec-4] INFO  c.s.s.a.controller.AuthController - /auth/logina/admin,*****,172.26.0.1
08:03:29.434 [http-nio-8080-exec-4] DEBUG c.s.s.c.dao.admin.UserMapper.getUser - ==>  Preparing: SELECT USER_ID , LOGON_NAME , LOGON_PWD , USER_NAME , USER_TYPE , EMAIL , CONTACT , LAST_ACC_IP , LAST_ACC_DATE , TOKEN , RETRY_CNT , LAST_PASS_MOD_DATE , INIT_PASS_YN , USE_YN , OTP_TYPE , OTP_SECRET FROM USERS WHERE LOGON_NAME = ? AND LOGON_PWD = password(?) AND USE_YN = ? 
08:03:29.434 [http-nio-8080-exec-4] DEBUG c.s.s.c.dao.admin.UserMapper.getUser - ==> Parameters: admin(String), admin(String), Y(String)
08:03:29.436 [http-nio-8080-exec-4] DEBUG c.s.s.c.dao.admin.UserMapper.getUser - <==      Total: 0
08:03:29.437 [http-nio-8080-exec-4] DEBUG c.s.s.c.d.a.UserMapper.getUserInfo - ==>  Preparing: SELECT USER_ID , LOGON_NAME , LOGON_PWD , USER_TYPE , USER_NAME , EMAIL , CONTACT , LAST_ACC_IP , LAST_ACC_DATE , TOKEN , RETRY_CNT , LAST_PASS_MOD_DATE , INIT_PASS_YN , USE_YN , OTP_TYPE , OTP_SECRET FROM USERS WHERE LOGON_NAME = ? 
08:03:29.437 [http-nio-8080-exec-4] DEBUG c.s.s.c.d.a.UserMapper.getUserInfo - ==> Parameters: admin(String)
08:03:29.439 [http-nio-8080-exec-4] DEBUG c.s.s.c.d.a.UserMapper.getUserInfo - <==      Total: 1
08:03:29.447 [http-nio-8080-exec-4] DEBUG c.s.s.c.d.a.U.insertUserAction - ==>  Preparing: INSERT INTO USERS_ACTION_HIS (USER_ID, ACTION_TYPE, ACTION_SUB_TYPE, ACTION_RSLT, REMOTE_IP, REASON, REG_DATE) VALUES (?, ?, ?, ?, ?, ?, NOW()) 
08:03:29.447 [http-nio-8080-exec-4] DEBUG c.s.s.c.d.a.U.insertUserAction - ==> Parameters: 1(Integer), 100(Integer), 101(Integer), F(String), 172.26.0.1(String), USER LOGIN(String)
08:03:29.490 [http-nio-8080-exec-4] DEBUG c.s.s.c.d.a.U.increaseRetryCnt - ==>  Preparing: UPDATE USERS SET RETRY_CNT = RETRY_CNT + 1 WHERE LOGON_NAME = ? 
08:03:29.490 [http-nio-8080-exec-4] DEBUG c.s.s.c.d.a.U.increaseRetryCnt - ==> Parameters: admin(String)
08:03:29.494 [http-nio-8080-exec-4] DEBUG c.s.s.c.d.a.U.increaseRetryCnt - <==    Updates: 1
08:03:36.713 [http-nio-8080-exec-6] INFO  c.s.s.a.controller.AuthController - /auth/logina/admin,*****,172.26.0.1
08:03:36.718 [http-nio-8080-exec-6] DEBUG c.s.s.c.dao.admin.UserMapper.getUser - ==>  Preparing: SELECT USER_ID , LOGON_NAME , LOGON_PWD , USER_NAME , USER_TYPE , EMAIL , CONTACT , LAST_ACC_IP , LAST_ACC_DATE , TOKEN , RETRY_CNT , LAST_PASS_MOD_DATE , INIT_PASS_YN , USE_YN , OTP_TYPE , OTP_SECRET FROM USERS WHERE LOGON_NAME = ? AND LOGON_PWD = password(?) AND USE_YN = ? 
08:03:36.718 [http-nio-8080-exec-6] DEBUG c.s.s.c.dao.admin.UserMapper.getUser - ==> Parameters: admin(String), admin1234!(String), Y(String)
08:03:36.721 [http-nio-8080-exec-6] DEBUG c.s.s.c.dao.admin.UserMapper.getUser - <==      Total: 1
08:03:36.721 [http-nio-8080-exec-6] DEBUG c.s.s.c.d.a.UserMapper.getAllowedIps - ==>  Preparing: SELECT EXT_ID , USER_ID , IP , MOD_USER , MOD_DATE FROM USER_IPS WHERE USER_ID = ? 
08:03:36.721 [http-nio-8080-exec-6] DEBUG c.s.s.c.d.a.UserMapper.getAllowedIps - ==> Parameters: 1(Integer)
08:03:36.724 [http-nio-8080-exec-6] DEBUG c.s.s.c.d.a.UserMapper.getAllowedIps - <==      Total: 0
08:03:36.731 [http-nio-8080-exec-6] DEBUG c.s.s.c.d.a.U.insertUserAction - ==>  Preparing: INSERT INTO USERS_ACTION_HIS (USER_ID, ACTION_TYPE, ACTION_SUB_TYPE, ACTION_RSLT, REMOTE_IP, REASON, REG_DATE) VALUES (?, ?, ?, ?, ?, ?, NOW()) 
08:03:36.732 [http-nio-8080-exec-6] DEBUG c.s.s.c.d.a.U.insertUserAction - ==> Parameters: 1(Integer), 100(Integer), 101(Integer), F(String), 172.26.0.1(String), USER LOGIN(String)
08:03:36.739 [http-nio-8080-exec-6] DEBUG c.s.s.c.d.a.UserMapper.getUserInfo - ==>  Preparing: SELECT USER_ID , LOGON_NAME , LOGON_PWD , USER_TYPE , USER_NAME , EMAIL , CONTACT , LAST_ACC_IP , LAST_ACC_DATE , TOKEN , RETRY_CNT , LAST_PASS_MOD_DATE , INIT_PASS_YN , USE_YN , OTP_TYPE , OTP_SECRET FROM USERS WHERE LOGON_NAME = ? 
08:03:36.740 [http-nio-8080-exec-6] DEBUG c.s.s.c.d.a.UserMapper.getUserInfo - ==> Parameters: admin(String)
08:03:36.742 [http-nio-8080-exec-6] DEBUG c.s.s.c.d.a.UserMapper.getUserInfo - <==      Total: 1
08:03:47.013 [http-nio-8080-exec-8] INFO  c.s.s.a.controller.AuthController - /user/changepass/1,**********,*****
08:03:47.020 [http-nio-8080-exec-8] DEBUG c.s.s.c.d.a.U.insertUserAction - ==>  Preparing: INSERT INTO USERS_ACTION_HIS (USER_ID, ACTION_TYPE, ACTION_SUB_TYPE, ACTION_RSLT, REMOTE_IP, REASON, REG_DATE) VALUES (?, ?, ?, ?, ?, ?, NOW()) 
08:03:47.021 [http-nio-8080-exec-8] DEBUG c.s.s.c.d.a.U.insertUserAction - ==> Parameters: 1(Integer), 900(Integer), 902(Integer), F(String), 172.26.0.1(String), USER CHANGE PASSWORD [IN USER PROFILE](String)
08:03:49.058 [http-nio-8080-exec-9] INFO  c.s.s.a.controller.AuthController - /otpauth/admin,aaa
08:03:49.061 [http-nio-8080-exec-9] DEBUG c.s.s.c.d.a.UserMapper.getUserInfo - ==>  Preparing: SELECT USER_ID , LOGON_NAME , LOGON_PWD , USER_TYPE , USER_NAME , EMAIL , CONTACT , LAST_ACC_IP , LAST_ACC_DATE , TOKEN , RETRY_CNT , LAST_PASS_MOD_DATE , INIT_PASS_YN , USE_YN , OTP_TYPE , OTP_SECRET FROM USERS WHERE LOGON_NAME = ? 
08:03:49.061 [http-nio-8080-exec-9] DEBUG c.s.s.c.d.a.UserMapper.getUserInfo - ==> Parameters: admin(String)
08:03:49.063 [http-nio-8080-exec-9] DEBUG c.s.s.c.d.a.UserMapper.getUserInfo - <==      Total: 1
08:03:51.383 [http-nio-8080-exec-1] INFO  c.s.s.a.controller.AuthController - /user/changepass/1,**********,*****
08:03:51.388 [http-nio-8080-exec-1] DEBUG c.s.s.c.d.a.U.getMatchedPasswordHis - ==>  Preparing: SELECT COUNT(HIS_ID) CNT FROM USER_PWD_HIS WHERE USER_ID = ? AND LOGON_PWD = PASSWORD(?) 
08:03:51.388 [http-nio-8080-exec-1] DEBUG c.s.s.c.d.a.U.getMatchedPasswordHis - ==> Parameters: 1(String), admin(String)
08:03:51.390 [http-nio-8080-exec-1] DEBUG c.s.s.c.d.a.U.getMatchedPasswordHis - <==      Total: 1
08:03:51.391 [http-nio-8080-exec-1] DEBUG c.s.s.c.d.a.U.updatePassword - ==>  Preparing: UPDATE USERS SET LOGON_PWD = PASSWORD(?) , LAST_PASS_MOD_DATE = NOW() , TMP_PASS = '' , MOD_DATE = NOW() , RETRY_CNT = 0 , INIT_PASS_YN = ? WHERE USER_ID = ? AND LOGON_PWD = PASSWORD(?) 
08:03:51.392 [http-nio-8080-exec-1] DEBUG c.s.s.c.d.a.U.updatePassword - ==> Parameters: admin(String), Y(String), 1(Integer), admin1234!(String)
08:03:51.394 [http-nio-8080-exec-1] DEBUG c.s.s.c.d.a.U.updatePassword - <==    Updates: 1
08:03:51.395 [http-nio-8080-exec-1] DEBUG c.s.s.c.d.a.U.insertPasswordHis - ==>  Preparing: INSERT INTO USER_PWD_HIS (USER_ID, LOGON_PWD, MOD_DATE) VALUES (?, PASSWORD(?), NOW()) 
08:03:51.395 [http-nio-8080-exec-1] DEBUG c.s.s.c.d.a.U.insertPasswordHis - ==> Parameters: 1(Integer), admin(String)
08:03:51.396 [http-nio-8080-exec-1] DEBUG c.s.s.c.d.a.U.insertPasswordHis - <==    Updates: 1
08:03:51.403 [http-nio-8080-exec-1] DEBUG c.s.s.c.d.a.U.insertUserAction - ==>  Preparing: INSERT INTO USERS_ACTION_HIS (USER_ID, ACTION_TYPE, ACTION_SUB_TYPE, ACTION_RSLT, REMOTE_IP, REASON, REG_DATE) VALUES (?, ?, ?, ?, ?, ?, NOW()) 
08:03:51.404 [http-nio-8080-exec-1] DEBUG c.s.s.c.d.a.U.insertUserAction - ==> Parameters: 1(Integer), 900(Integer), 902(Integer), S(String), 172.26.0.1(String), USER CHANGE PASSWORD [IN USER PROFILE](String)
08:03:52.426 [http-nio-8080-exec-10] INFO  c.s.s.a.controller.AuthController - /login
08:03:52.426 [http-nio-8080-exec-10] INFO  c.s.s.a.controller.AuthController - check session.isLogin() : false
08:03:56.890 [http-nio-8080-exec-2] INFO  c.s.s.a.controller.AuthController - /auth/logina/admin,*****,172.26.0.1
08:03:56.896 [http-nio-8080-exec-2] DEBUG c.s.s.c.dao.admin.UserMapper.getUser - ==>  Preparing: SELECT USER_ID , LOGON_NAME , LOGON_PWD , USER_NAME , USER_TYPE , EMAIL , CONTACT , LAST_ACC_IP , LAST_ACC_DATE , TOKEN , RETRY_CNT , LAST_PASS_MOD_DATE , INIT_PASS_YN , USE_YN , OTP_TYPE , OTP_SECRET FROM USERS WHERE LOGON_NAME = ? AND LOGON_PWD = password(?) AND USE_YN = ? 
08:03:56.896 [http-nio-8080-exec-2] DEBUG c.s.s.c.dao.admin.UserMapper.getUser - ==> Parameters: admin(String), admin(String), Y(String)
08:03:56.898 [http-nio-8080-exec-2] DEBUG c.s.s.c.dao.admin.UserMapper.getUser - <==      Total: 1
08:03:56.899 [http-nio-8080-exec-2] DEBUG c.s.s.c.d.a.UserMapper.getAllowedIps - ==>  Preparing: SELECT EXT_ID , USER_ID , IP , MOD_USER , MOD_DATE FROM USER_IPS WHERE USER_ID = ? 
08:03:56.899 [http-nio-8080-exec-2] DEBUG c.s.s.c.d.a.UserMapper.getAllowedIps - ==> Parameters: 1(Integer)
08:03:56.900 [http-nio-8080-exec-2] DEBUG c.s.s.c.d.a.UserMapper.getAllowedIps - <==      Total: 0
08:03:56.903 [http-nio-8080-exec-2] DEBUG c.s.s.c.d.a.U.insertUserAction - ==>  Preparing: INSERT INTO USERS_ACTION_HIS (USER_ID, ACTION_TYPE, ACTION_SUB_TYPE, ACTION_RSLT, REMOTE_IP, REASON, REG_DATE) VALUES (?, ?, ?, ?, ?, ?, NOW()) 
08:03:56.904 [http-nio-8080-exec-2] DEBUG c.s.s.c.d.a.U.insertUserAction - ==> Parameters: 1(Integer), 100(Integer), 101(Integer), S(String), 172.26.0.1(String), USER LOGIN(String)
08:03:56.916 [http-nio-8080-exec-2] DEBUG c.s.s.c.d.s.S.getUserServerList - ==>  Preparing: SELECT U.USER_ID , SBB.SBB_ID , SBB.SBB_NAME , SBB.ALIAS , SBB.IP IP , HOST.HOST_NAME , HOST.IP HOST_IP , HOST.HOST_ID FROM USERS U INNER JOIN USER_SBB_REL SBBREL ON U.USER_ID = SBBREL.USER_ID INNER JOIN SBBS SBB ON SBBREL.SBB_ID = SBB.SBB_ID INNER JOIN SBB_HOST_REL SBBHOST ON SBB.SBB_ID = SBBHOST.SBB_ID INNER JOIN HOSTS HOST ON HOST.HOST_ID = SBBHOST.HOST_ID WHERE U.USER_ID = ? ORDER BY SBB.SBB_ID ASC 
08:03:56.916 [http-nio-8080-exec-2] DEBUG c.s.s.c.d.s.S.getUserServerList - ==> Parameters: 1(Integer)
08:03:56.919 [http-nio-8080-exec-2] DEBUG c.s.s.c.d.s.S.getUserServerList - <==      Total: 0
08:03:56.923 [http-nio-8080-exec-2] DEBUG c.s.s.c.d.a.U.getUserSession - ==>  Preparing: SELECT USER_ID , SESSION_ID , MOD_DATE FROM USER_SESSION WHERE USER_ID = ? 
08:03:56.923 [http-nio-8080-exec-2] DEBUG c.s.s.c.d.a.U.getUserSession - ==> Parameters: 1(Integer)
08:03:56.925 [http-nio-8080-exec-2] DEBUG c.s.s.c.d.a.U.getUserSession - <==      Total: 1
08:03:56.926 [http-nio-8080-exec-2] DEBUG c.s.s.c.d.a.U.deleteSessionAttributes - ==>  Preparing: DELETE FROM SPRING_SESSION_ATTRIBUTES WHERE SESSION_ID = ? 
08:03:56.926 [http-nio-8080-exec-2] DEBUG c.s.s.c.d.a.U.deleteSessionAttributes - ==> Parameters: 8ee47148-925c-4234-a967-dede0fdb492c(String)
08:03:56.928 [http-nio-8080-exec-2] DEBUG c.s.s.c.d.a.U.deleteSessionAttributes - <==    Updates: 0
08:03:56.928 [http-nio-8080-exec-2] DEBUG c.s.s.c.d.a.UserMapper.deleteSession - ==>  Preparing: DELETE FROM SPRING_SESSION WHERE SESSION_ID = ? 
08:03:56.928 [http-nio-8080-exec-2] DEBUG c.s.s.c.d.a.UserMapper.deleteSession - ==> Parameters: 8ee47148-925c-4234-a967-dede0fdb492c(String)
08:03:56.929 [http-nio-8080-exec-2] DEBUG c.s.s.c.d.a.UserMapper.deleteSession - <==    Updates: 0
08:03:56.930 [http-nio-8080-exec-2] DEBUG c.s.s.c.d.a.U.insertUserSession - ==>  Preparing: INSERT INTO USER_SESSION ( USER_ID , SESSION_ID , MOD_DATE ) VALUES ( ? , ? , NOW() ) ON DUPLICATE KEY UPDATE SESSION_ID = ? , MOD_DATE = NOW() 
08:03:56.930 [http-nio-8080-exec-2] DEBUG c.s.s.c.d.a.U.insertUserSession - ==> Parameters: 1(String), 8AC091251CE3A83C17098B4A43BAB420(String), 8AC091251CE3A83C17098B4A43BAB420(String)
08:03:56.932 [http-nio-8080-exec-2] DEBUG c.s.s.c.d.a.U.insertUserSession - <==    Updates: 2
08:03:57.410 [http-nio-8080-exec-5] DEBUG c.s.s.c.d.l.D.getDetectionDetailList - ==>  Preparing: SELECT * FROM (SELECT AD.*, AI.ATTACK_NAME , (SELECT AS_NAME FROM ATTACK_SEVERITY_INFO WHERE AS_ID = AI.AS_ID) AS AS_NAME , (SELECT AC_NAME FROM ATTACK_CLASSIFICATION_INFO WHERE AC_ID = AI.AC_ID) AS AC_NAME , (SELECT SOLUTION FROM ATTACK_MITIGATION_INFO WHERE AM_ID = AI.AM_ID) AM_DESC , IFNULL((SELECT PROTCOL_NAME FROM ATTACK_KNOWN_PORT WHERE PORT_NUM = DST_PORT), '') AS dstProtocolName FROM ATTACK_DETECTION_LOG AD LEFT JOIN ATTACK_INFO AI ON AD.ATTACK_ID = AI.ATTACK_ID) ADL2 ORDER BY ADL2.ATTACK_TIME DESC LIMIT 0, 8 
08:03:57.410 [http-nio-8080-exec-5] DEBUG c.s.s.c.d.l.D.getDetectionDetailList - ==> Parameters: 
08:03:57.417 [http-nio-8080-exec-5] DEBUG c.s.s.c.d.l.D.getDetectionDetailList - <==      Total: 8
08:03:57.418 [http-nio-8080-exec-5] DEBUG c.s.s.c.d.l.D.getDetectionDetailCount - ==>  Preparing: SELECT COUNT(*) CNT FROM (SELECT AD.*, AI.ATTACK_NAME , (SELECT AS_NAME FROM ATTACK_SEVERITY_INFO WHERE AS_ID = AI.AS_ID) AS AS_NAME , (SELECT AC_NAME FROM ATTACK_CLASSIFICATION_INFO WHERE AC_ID = AI.AC_ID) AS AC_NAME , (SELECT SOLUTION FROM ATTACK_MITIGATION_INFO WHERE AM_ID = AI.AM_ID) AM_DESC FROM ATTACK_DETECTION_LOG AD LEFT JOIN ATTACK_INFO AI ON AD.ATTACK_ID = AI.ATTACK_ID) ADL2 
08:03:57.418 [http-nio-8080-exec-5] DEBUG c.s.s.c.d.l.D.getDetectionDetailCount - ==> Parameters: 
08:03:57.422 [http-nio-8080-exec-5] DEBUG c.s.s.c.d.l.D.getDetectionDetailCount - <==      Total: 1
08:03:57.446 [http-nio-8080-exec-4] DEBUG c.s.s.c.d.l.D.getDetectionDetailList - ==>  Preparing: SELECT * FROM (SELECT AD.*, AI.ATTACK_NAME , (SELECT AS_NAME FROM ATTACK_SEVERITY_INFO WHERE AS_ID = AI.AS_ID) AS AS_NAME , (SELECT AC_NAME FROM ATTACK_CLASSIFICATION_INFO WHERE AC_ID = AI.AC_ID) AS AC_NAME , (SELECT SOLUTION FROM ATTACK_MITIGATION_INFO WHERE AM_ID = AI.AM_ID) AM_DESC , IFNULL((SELECT PROTCOL_NAME FROM ATTACK_KNOWN_PORT WHERE PORT_NUM = DST_PORT), '') AS dstProtocolName FROM ATTACK_DETECTION_LOG AD LEFT JOIN ATTACK_INFO AI ON AD.ATTACK_ID = AI.ATTACK_ID) ADL2 ORDER BY ADL2.ATTACK_TIME DESC LIMIT 0, 8 
08:03:57.447 [http-nio-8080-exec-4] DEBUG c.s.s.c.d.l.D.getDetectionDetailList - ==> Parameters: 
08:03:57.453 [http-nio-8080-exec-4] DEBUG c.s.s.c.d.l.D.getDetectionDetailList - <==      Total: 8
08:03:57.454 [http-nio-8080-exec-4] DEBUG c.s.s.c.d.l.D.getDetectionDetailCount - ==>  Preparing: SELECT COUNT(*) CNT FROM (SELECT AD.*, AI.ATTACK_NAME , (SELECT AS_NAME FROM ATTACK_SEVERITY_INFO WHERE AS_ID = AI.AS_ID) AS AS_NAME , (SELECT AC_NAME FROM ATTACK_CLASSIFICATION_INFO WHERE AC_ID = AI.AC_ID) AS AC_NAME , (SELECT SOLUTION FROM ATTACK_MITIGATION_INFO WHERE AM_ID = AI.AM_ID) AM_DESC FROM ATTACK_DETECTION_LOG AD LEFT JOIN ATTACK_INFO AI ON AD.ATTACK_ID = AI.ATTACK_ID) ADL2 
08:03:57.454 [http-nio-8080-exec-4] DEBUG c.s.s.c.d.l.D.getDetectionDetailCount - ==> Parameters: 
08:03:57.457 [http-nio-8080-exec-4] DEBUG c.s.s.c.d.l.D.getDetectionDetailCount - <==      Total: 1
08:03:58.957 [http-nio-8080-exec-1] INFO  c.s.s.a.controller.AuthController - /sdashboard/UserData [userId=1, logonName=admin, logonPwd=*4ACFE3202A5FF5CF467898FC58AAB1D615029441, userType=1, email=admin@soteria-sys.com, contact=01011112222, lastAccIp=172.26.0.1, lastAccDate=Fri Mar 19 17:03:51 UTC 2021, token=null, retryCnt=0, lastPassModDate=Fri Mar 19 17:03:51 UTC 2021, userName=시큐리티어드민 사용자, initPassYn=Y, useYn=Y, allowedIps=[], modUser=0, modDate=null, userTypeName=null, status=null, sbbList=[]]
08:03:58.963 [http-nio-8080-exec-1] DEBUG c.s.s.c.d.s.S.getConfData - ==>  Preparing: SELECT CONF_ID , CONF_NAME , CONF_VALUE , OTHER_NAME , UNIT , MOD_USER , MOD_DATE FROM SYSTEM_CONFIG WHERE CONF_NAME = ? 
08:03:58.964 [http-nio-8080-exec-1] DEBUG c.s.s.c.d.s.S.getConfData - ==> Parameters: REFRESH_RATE(String)
08:03:58.966 [http-nio-8080-exec-1] DEBUG c.s.s.c.d.s.S.getConfData - <==      Total: 1
08:03:59.371 [http-nio-8080-exec-3] DEBUG c.s.s.c.d.l.D.getDetectionClassificationToday - ==>  Preparing: SELECT LOG_ID, ATTACK_TIME, DATE(ATTACK_TIME) AS DATEORD, HOUR(ATTACK_TIME) AS HOURORD, COUNT(AC_ID) AS CNT, AC_ID, (SELECT AC_NAME FROM ATTACK_CLASSIFICATION_INFO ACI WHERE ACI.AC_ID=AI.AC_ID) AS AC_NAME FROM ATTACK_DETECTION_LOG LOG LEFT JOIN ATTACK_INFO AI ON LOG.ATTACK_ID = AI.ATTACK_ID GROUP BY AC_ID, DATEORD, HOURORD ORDER BY ATTACK_TIME DESC LIMIT 30; 
08:03:59.371 [http-nio-8080-exec-3] DEBUG c.s.s.c.d.l.D.getDetectionClassificationToday - ==> Parameters: 
08:03:59.375 [http-nio-8080-exec-3] DEBUG c.s.s.c.d.l.D.getDetectionClassificationToday - <==      Total: 11
08:03:59.439 [http-nio-8080-exec-6] DEBUG c.s.s.c.d.l.D.getAttackTypeTop5 - ==>  Preparing: SELECT CNT, (SELECT ATTACK_NAME FROM ATTACK_INFO WHERE ATTACK_ID = ADL.ATTACK_ID ) AS ATTACK_NAME FROM ( SELECT COUNT(*) CNT, ATTACK_ID FROM ATTACK_DETECTION_LOG GROUP BY ATTACK_ID ORDER BY CNT DESC LIMIT 5 ) AS ADL 
08:03:59.440 [http-nio-8080-exec-6] DEBUG c.s.s.c.d.l.D.getAttackTypeTop5 - ==> Parameters: 
08:03:59.442 [http-nio-8080-exec-6] DEBUG c.s.s.c.d.l.D.getAttackTypeTop5 - <==      Total: 5
08:03:59.474 [http-nio-8080-exec-7] DEBUG c.s.s.c.d.l.D.getSeverityDetectionStatus - ==>  Preparing: SELECT AS_ID, COUNT(AS_ID) as TOTAL FROM ATTACK_DETECTION_LOG LOG LEFT JOIN ATTACK_INFO AI ON LOG.ATTACK_ID = AI.ATTACK_ID GROUP BY AS_ID ORDER BY AS_ID ASC; 
08:03:59.474 [http-nio-8080-exec-7] DEBUG c.s.s.c.d.l.D.getSeverityDetectionStatus - ==> Parameters: 
08:03:59.477 [http-nio-8080-exec-7] DEBUG c.s.s.c.d.l.D.getSeverityDetectionStatus - <==      Total: 3
08:03:59.516 [http-nio-8080-exec-5] DEBUG c.s.s.c.d.l.D.getDetectionDetailListForScroller - ==>  Preparing: SELECT * FROM (SELECT AD.*, AI.ATTACK_NAME , (SELECT AS_NAME FROM ATTACK_SEVERITY_INFO WHERE AS_ID = AI.AS_ID) AS AS_NAME , (SELECT AC_NAME FROM ATTACK_CLASSIFICATION_INFO WHERE AC_ID = AI.AC_ID) AS AC_NAME , (SELECT SOLUTION FROM ATTACK_MITIGATION_INFO WHERE AM_ID = AI.AM_ID) AM_DESC , IFNULL((SELECT PROTCOL_NAME FROM ATTACK_KNOWN_PORT WHERE PORT_NUM = DST_PORT), '') AS dstProtocolName FROM ATTACK_DETECTION_LOG AD LEFT JOIN ATTACK_INFO AI ON AD.ATTACK_ID = AI.ATTACK_ID) ADL2 ORDER BY ADL2.ATTACK_TIME DESC LIMIT 0, 117 
08:03:59.516 [http-nio-8080-exec-5] DEBUG c.s.s.c.d.l.D.getDetectionDetailListForScroller - ==> Parameters: 
08:03:59.522 [http-nio-8080-exec-5] DEBUG c.s.s.c.d.l.D.getDetectionDetailListForScroller - <==      Total: 34
08:04:18.181 [http-nio-8080-exec-5] DEBUG c.s.s.c.d.l.D.getDetectionDetailList - ==>  Preparing: SELECT * FROM (SELECT AD.*, AI.ATTACK_NAME , (SELECT AS_NAME FROM ATTACK_SEVERITY_INFO WHERE AS_ID = AI.AS_ID) AS AS_NAME , (SELECT AC_NAME FROM ATTACK_CLASSIFICATION_INFO WHERE AC_ID = AI.AC_ID) AS AC_NAME , (SELECT SOLUTION FROM ATTACK_MITIGATION_INFO WHERE AM_ID = AI.AM_ID) AM_DESC , IFNULL((SELECT PROTCOL_NAME FROM ATTACK_KNOWN_PORT WHERE PORT_NUM = DST_PORT), '') AS dstProtocolName FROM ATTACK_DETECTION_LOG AD LEFT JOIN ATTACK_INFO AI ON AD.ATTACK_ID = AI.ATTACK_ID) ADL2 ORDER BY ADL2.ATTACK_TIME DESC LIMIT 0, 8 
08:04:18.181 [http-nio-8080-exec-5] DEBUG c.s.s.c.d.l.D.getDetectionDetailList - ==> Parameters: 
08:04:18.184 [http-nio-8080-exec-5] DEBUG c.s.s.c.d.l.D.getDetectionDetailList - <==      Total: 8
08:04:18.184 [http-nio-8080-exec-5] DEBUG c.s.s.c.d.l.D.getDetectionDetailCount - ==>  Preparing: SELECT COUNT(*) CNT FROM (SELECT AD.*, AI.ATTACK_NAME , (SELECT AS_NAME FROM ATTACK_SEVERITY_INFO WHERE AS_ID = AI.AS_ID) AS AS_NAME , (SELECT AC_NAME FROM ATTACK_CLASSIFICATION_INFO WHERE AC_ID = AI.AC_ID) AS AC_NAME , (SELECT SOLUTION FROM ATTACK_MITIGATION_INFO WHERE AM_ID = AI.AM_ID) AM_DESC FROM ATTACK_DETECTION_LOG AD LEFT JOIN ATTACK_INFO AI ON AD.ATTACK_ID = AI.ATTACK_ID) ADL2 
08:04:18.185 [http-nio-8080-exec-5] DEBUG c.s.s.c.d.l.D.getDetectionDetailCount - ==> Parameters: 
08:04:18.187 [http-nio-8080-exec-5] DEBUG c.s.s.c.d.l.D.getDetectionDetailCount - <==      Total: 1
08:04:18.215 [http-nio-8080-exec-7] DEBUG c.s.s.c.d.l.D.getDetectionDetailList - ==>  Preparing: SELECT * FROM (SELECT AD.*, AI.ATTACK_NAME , (SELECT AS_NAME FROM ATTACK_SEVERITY_INFO WHERE AS_ID = AI.AS_ID) AS AS_NAME , (SELECT AC_NAME FROM ATTACK_CLASSIFICATION_INFO WHERE AC_ID = AI.AC_ID) AS AC_NAME , (SELECT SOLUTION FROM ATTACK_MITIGATION_INFO WHERE AM_ID = AI.AM_ID) AM_DESC , IFNULL((SELECT PROTCOL_NAME FROM ATTACK_KNOWN_PORT WHERE PORT_NUM = DST_PORT), '') AS dstProtocolName FROM ATTACK_DETECTION_LOG AD LEFT JOIN ATTACK_INFO AI ON AD.ATTACK_ID = AI.ATTACK_ID) ADL2 ORDER BY ADL2.ATTACK_TIME DESC LIMIT 0, 8 
08:04:18.216 [http-nio-8080-exec-7] DEBUG c.s.s.c.d.l.D.getDetectionDetailList - ==> Parameters: 
08:04:18.218 [http-nio-8080-exec-7] DEBUG c.s.s.c.d.l.D.getDetectionDetailList - <==      Total: 8
08:04:18.219 [http-nio-8080-exec-7] DEBUG c.s.s.c.d.l.D.getDetectionDetailCount - ==>  Preparing: SELECT COUNT(*) CNT FROM (SELECT AD.*, AI.ATTACK_NAME , (SELECT AS_NAME FROM ATTACK_SEVERITY_INFO WHERE AS_ID = AI.AS_ID) AS AS_NAME , (SELECT AC_NAME FROM ATTACK_CLASSIFICATION_INFO WHERE AC_ID = AI.AC_ID) AS AC_NAME , (SELECT SOLUTION FROM ATTACK_MITIGATION_INFO WHERE AM_ID = AI.AM_ID) AM_DESC FROM ATTACK_DETECTION_LOG AD LEFT JOIN ATTACK_INFO AI ON AD.ATTACK_ID = AI.ATTACK_ID) ADL2 
08:04:18.219 [http-nio-8080-exec-7] DEBUG c.s.s.c.d.l.D.getDetectionDetailCount - ==> Parameters: 
08:04:18.221 [http-nio-8080-exec-7] DEBUG c.s.s.c.d.l.D.getDetectionDetailCount - <==      Total: 1
08:04:19.311 [http-nio-8080-exec-1] INFO  c.s.s.a.controller.AuthController - /sdashboard/UserData [userId=1, logonName=admin, logonPwd=*4ACFE3202A5FF5CF467898FC58AAB1D615029441, userType=1, email=admin@soteria-sys.com, contact=01011112222, lastAccIp=172.26.0.1, lastAccDate=Fri Mar 19 17:03:51 UTC 2021, token=null, retryCnt=0, lastPassModDate=Fri Mar 19 17:03:51 UTC 2021, userName=시큐리티어드민 사용자, initPassYn=Y, useYn=Y, allowedIps=[], modUser=0, modDate=null, userTypeName=null, status=null, sbbList=[]]
08:04:19.314 [http-nio-8080-exec-1] DEBUG c.s.s.c.d.s.S.getConfData - ==>  Preparing: SELECT CONF_ID , CONF_NAME , CONF_VALUE , OTHER_NAME , UNIT , MOD_USER , MOD_DATE FROM SYSTEM_CONFIG WHERE CONF_NAME = ? 
08:04:19.314 [http-nio-8080-exec-1] DEBUG c.s.s.c.d.s.S.getConfData - ==> Parameters: REFRESH_RATE(String)
08:04:19.316 [http-nio-8080-exec-1] DEBUG c.s.s.c.d.s.S.getConfData - <==      Total: 1
08:04:19.812 [http-nio-8080-exec-3] DEBUG c.s.s.c.d.l.D.getDetectionClassificationToday - ==>  Preparing: SELECT LOG_ID, ATTACK_TIME, DATE(ATTACK_TIME) AS DATEORD, HOUR(ATTACK_TIME) AS HOURORD, COUNT(AC_ID) AS CNT, AC_ID, (SELECT AC_NAME FROM ATTACK_CLASSIFICATION_INFO ACI WHERE ACI.AC_ID=AI.AC_ID) AS AC_NAME FROM ATTACK_DETECTION_LOG LOG LEFT JOIN ATTACK_INFO AI ON LOG.ATTACK_ID = AI.ATTACK_ID GROUP BY AC_ID, DATEORD, HOURORD ORDER BY ATTACK_TIME DESC LIMIT 30; 
08:04:19.812 [http-nio-8080-exec-3] DEBUG c.s.s.c.d.l.D.getDetectionClassificationToday - ==> Parameters: 
08:04:19.816 [http-nio-8080-exec-3] DEBUG c.s.s.c.d.l.D.getDetectionClassificationToday - <==      Total: 11
08:04:19.880 [http-nio-8080-exec-6] DEBUG c.s.s.c.d.l.D.getAttackTypeTop5 - ==>  Preparing: SELECT CNT, (SELECT ATTACK_NAME FROM ATTACK_INFO WHERE ATTACK_ID = ADL.ATTACK_ID ) AS ATTACK_NAME FROM ( SELECT COUNT(*) CNT, ATTACK_ID FROM ATTACK_DETECTION_LOG GROUP BY ATTACK_ID ORDER BY CNT DESC LIMIT 5 ) AS ADL 
08:04:19.880 [http-nio-8080-exec-6] DEBUG c.s.s.c.d.l.D.getAttackTypeTop5 - ==> Parameters: 
08:04:19.884 [http-nio-8080-exec-6] DEBUG c.s.s.c.d.l.D.getAttackTypeTop5 - <==      Total: 5
08:04:19.951 [http-nio-8080-exec-5] DEBUG c.s.s.c.d.l.D.getSeverityDetectionStatus - ==>  Preparing: SELECT AS_ID, COUNT(AS_ID) as TOTAL FROM ATTACK_DETECTION_LOG LOG LEFT JOIN ATTACK_INFO AI ON LOG.ATTACK_ID = AI.ATTACK_ID GROUP BY AS_ID ORDER BY AS_ID ASC; 
08:04:19.951 [http-nio-8080-exec-5] DEBUG c.s.s.c.d.l.D.getSeverityDetectionStatus - ==> Parameters: 
08:04:19.954 [http-nio-8080-exec-5] DEBUG c.s.s.c.d.l.D.getSeverityDetectionStatus - <==      Total: 3
08:04:20.003 [http-nio-8080-exec-8] DEBUG c.s.s.c.d.l.D.getDetectionDetailListForScroller - ==>  Preparing: SELECT * FROM (SELECT AD.*, AI.ATTACK_NAME , (SELECT AS_NAME FROM ATTACK_SEVERITY_INFO WHERE AS_ID = AI.AS_ID) AS AS_NAME , (SELECT AC_NAME FROM ATTACK_CLASSIFICATION_INFO WHERE AC_ID = AI.AC_ID) AS AC_NAME , (SELECT SOLUTION FROM ATTACK_MITIGATION_INFO WHERE AM_ID = AI.AM_ID) AM_DESC , IFNULL((SELECT PROTCOL_NAME FROM ATTACK_KNOWN_PORT WHERE PORT_NUM = DST_PORT), '') AS dstProtocolName FROM ATTACK_DETECTION_LOG AD LEFT JOIN ATTACK_INFO AI ON AD.ATTACK_ID = AI.ATTACK_ID) ADL2 ORDER BY ADL2.ATTACK_TIME DESC LIMIT 0, 117 
08:04:20.003 [http-nio-8080-exec-8] DEBUG c.s.s.c.d.l.D.getDetectionDetailListForScroller - ==> Parameters: 
08:04:20.012 [http-nio-8080-exec-8] DEBUG c.s.s.c.d.l.D.getDetectionDetailListForScroller - <==      Total: 34
08:05:10.530 [localhost-startStop-1] DEBUG c.s.s.c.d.s.S.getConfData - ==>  Preparing: SELECT CONF_ID , CONF_NAME , CONF_VALUE , OTHER_NAME , UNIT , MOD_USER , MOD_DATE FROM SYSTEM_CONFIG WHERE CONF_NAME = ? 
08:05:10.541 [localhost-startStop-1] DEBUG c.s.s.c.d.s.S.getConfData - ==> Parameters: LOGIN_MAX_RETRY_CNT(String)
08:05:10.556 [localhost-startStop-1] DEBUG c.s.s.c.d.s.S.getConfData - <==      Total: 1
08:05:10.557 [localhost-startStop-1] DEBUG c.s.s.c.d.s.S.getConfData - ==>  Preparing: SELECT CONF_ID , CONF_NAME , CONF_VALUE , OTHER_NAME , UNIT , MOD_USER , MOD_DATE FROM SYSTEM_CONFIG WHERE CONF_NAME = ? 
08:05:10.557 [localhost-startStop-1] DEBUG c.s.s.c.d.s.S.getConfData - ==> Parameters: PASSWD_EXP_MONTH(String)
08:05:10.559 [localhost-startStop-1] DEBUG c.s.s.c.d.s.S.getConfData - <==      Total: 1
08:05:10.560 [localhost-startStop-1] DEBUG c.s.s.c.d.s.S.getConfData - ==>  Preparing: SELECT CONF_ID , CONF_NAME , CONF_VALUE , OTHER_NAME , UNIT , MOD_USER , MOD_DATE FROM SYSTEM_CONFIG WHERE CONF_NAME = ? 
08:05:10.560 [localhost-startStop-1] DEBUG c.s.s.c.d.s.S.getConfData - ==> Parameters: REFRESH_RATE(String)
08:05:10.563 [localhost-startStop-1] DEBUG c.s.s.c.d.s.S.getConfData - <==      Total: 1
08:05:10.742 [localhost-startStop-1] DEBUG c.s.s.c.d.admin.UserMapper.getUsers - ==>  Preparing: SELECT USER_ID , CREATE_DATE , LOGON_NAME -- , LOGON_PWD , USER_NAME , USER_TYPE , EMAIL , CONTACT , LAST_ACC_IP , LAST_ACC_DATE -- , TOKEN , RETRY_CNT , LAST_PASS_MOD_DATE , INIT_PASS_YN , USE_YN , OTP_TYPE , -- , OTP_SECRET , CASE USER_TYPE WHEN 1 THEN 'Security Admin' WHEN 100 THEN 'User' WHEN 200 THEN 'Operator' ELSE 'User' END userTypeName, CASE USE_YN WHEN 'Y' THEN 'Active' WHEN 'N' THEN 'Inactive' END 'status' FROM USERS WHERE USER_TYPE NOT IN ( ? ) ORDER BY USER_ID ASC 
08:05:10.743 [localhost-startStop-1] DEBUG c.s.s.c.d.admin.UserMapper.getUsers - ==> Parameters: 1(Integer)
08:05:10.748 [localhost-startStop-1] DEBUG c.s.s.c.d.admin.UserMapper.getUsers - <==      Total: 2
08:28:00.229 [http-nio-8080-exec-7] WARN  c.s.s.a.controller.AuthController - /sdashboard Login required. invalid session.
08:28:01.826 [http-nio-8080-exec-9] INFO  c.s.s.a.controller.AuthController - /login
08:28:01.826 [http-nio-8080-exec-9] INFO  c.s.s.a.controller.AuthController - check session.isLogin() : false
08:28:05.767 [http-nio-8080-exec-10] INFO  c.s.s.a.controller.AuthController - /auth/logina/admin,*****,172.26.0.1
08:28:05.791 [http-nio-8080-exec-10] DEBUG c.s.s.c.dao.admin.UserMapper.getUser - ==>  Preparing: SELECT USER_ID , LOGON_NAME , LOGON_PWD , USER_NAME , USER_TYPE , EMAIL , CONTACT , LAST_ACC_IP , LAST_ACC_DATE , TOKEN , RETRY_CNT , LAST_PASS_MOD_DATE , INIT_PASS_YN , USE_YN , OTP_TYPE , OTP_SECRET FROM USERS WHERE LOGON_NAME = ? AND LOGON_PWD = password(?) AND USE_YN = ? 
08:28:05.791 [http-nio-8080-exec-10] DEBUG c.s.s.c.dao.admin.UserMapper.getUser - ==> Parameters: admin(String), admin(String), Y(String)
08:28:05.793 [http-nio-8080-exec-10] DEBUG c.s.s.c.dao.admin.UserMapper.getUser - <==      Total: 1
08:28:05.794 [http-nio-8080-exec-10] DEBUG c.s.s.c.d.a.UserMapper.getAllowedIps - ==>  Preparing: SELECT EXT_ID , USER_ID , IP , MOD_USER , MOD_DATE FROM USER_IPS WHERE USER_ID = ? 
08:28:05.794 [http-nio-8080-exec-10] DEBUG c.s.s.c.d.a.UserMapper.getAllowedIps - ==> Parameters: 1(Integer)
08:28:05.796 [http-nio-8080-exec-10] DEBUG c.s.s.c.d.a.UserMapper.getAllowedIps - <==      Total: 0
08:28:05.806 [http-nio-8080-exec-10] DEBUG c.s.s.c.d.a.U.insertUserAction - ==>  Preparing: INSERT INTO USERS_ACTION_HIS (USER_ID, ACTION_TYPE, ACTION_SUB_TYPE, ACTION_RSLT, REMOTE_IP, REASON, REG_DATE) VALUES (?, ?, ?, ?, ?, ?, NOW()) 
08:28:05.806 [http-nio-8080-exec-10] DEBUG c.s.s.c.d.a.U.insertUserAction - ==> Parameters: 1(Integer), 100(Integer), 101(Integer), S(String), 172.26.0.1(String), USER LOGIN(String)
08:28:05.851 [http-nio-8080-exec-10] DEBUG c.s.s.c.d.s.S.getUserServerList - ==>  Preparing: SELECT U.USER_ID , SBB.SBB_ID , SBB.SBB_NAME , SBB.ALIAS , SBB.IP IP , HOST.HOST_NAME , HOST.IP HOST_IP , HOST.HOST_ID FROM USERS U INNER JOIN USER_SBB_REL SBBREL ON U.USER_ID = SBBREL.USER_ID INNER JOIN SBBS SBB ON SBBREL.SBB_ID = SBB.SBB_ID INNER JOIN SBB_HOST_REL SBBHOST ON SBB.SBB_ID = SBBHOST.SBB_ID INNER JOIN HOSTS HOST ON HOST.HOST_ID = SBBHOST.HOST_ID WHERE U.USER_ID = ? ORDER BY SBB.SBB_ID ASC 
08:28:05.851 [http-nio-8080-exec-10] DEBUG c.s.s.c.d.s.S.getUserServerList - ==> Parameters: 1(Integer)
08:28:05.854 [http-nio-8080-exec-10] DEBUG c.s.s.c.d.s.S.getUserServerList - <==      Total: 0
08:28:05.858 [http-nio-8080-exec-10] DEBUG c.s.s.c.d.a.U.getUserSession - ==>  Preparing: SELECT USER_ID , SESSION_ID , MOD_DATE FROM USER_SESSION WHERE USER_ID = ? 
08:28:05.858 [http-nio-8080-exec-10] DEBUG c.s.s.c.d.a.U.getUserSession - ==> Parameters: 1(Integer)
08:28:05.861 [http-nio-8080-exec-10] DEBUG c.s.s.c.d.a.U.getUserSession - <==      Total: 1
08:28:05.861 [http-nio-8080-exec-10] DEBUG c.s.s.c.d.a.U.deleteSessionAttributes - ==>  Preparing: DELETE FROM SPRING_SESSION_ATTRIBUTES WHERE SESSION_ID = ? 
08:28:05.861 [http-nio-8080-exec-10] DEBUG c.s.s.c.d.a.U.deleteSessionAttributes - ==> Parameters: 8AC091251CE3A83C17098B4A43BAB420(String)
08:28:05.863 [http-nio-8080-exec-10] DEBUG c.s.s.c.d.a.U.deleteSessionAttributes - <==    Updates: 0
08:28:05.864 [http-nio-8080-exec-10] DEBUG c.s.s.c.d.a.UserMapper.deleteSession - ==>  Preparing: DELETE FROM SPRING_SESSION WHERE SESSION_ID = ? 
08:28:05.864 [http-nio-8080-exec-10] DEBUG c.s.s.c.d.a.UserMapper.deleteSession - ==> Parameters: 8AC091251CE3A83C17098B4A43BAB420(String)
08:28:05.866 [http-nio-8080-exec-10] DEBUG c.s.s.c.d.a.UserMapper.deleteSession - <==    Updates: 0
08:28:05.866 [http-nio-8080-exec-10] DEBUG c.s.s.c.d.a.U.insertUserSession - ==>  Preparing: INSERT INTO USER_SESSION ( USER_ID , SESSION_ID , MOD_DATE ) VALUES ( ? , ? , NOW() ) ON DUPLICATE KEY UPDATE SESSION_ID = ? , MOD_DATE = NOW() 
08:28:05.866 [http-nio-8080-exec-10] DEBUG c.s.s.c.d.a.U.insertUserSession - ==> Parameters: 1(String), 6F108C1E3B5A66214581D954E01FC756(String), 6F108C1E3B5A66214581D954E01FC756(String)
08:28:05.868 [http-nio-8080-exec-10] DEBUG c.s.s.c.d.a.U.insertUserSession - <==    Updates: 2
08:28:06.418 [http-nio-8080-exec-3] DEBUG c.s.s.c.d.l.D.getDetectionDetailList - ==>  Preparing: SELECT * FROM (SELECT AD.*, AI.ATTACK_NAME , (SELECT AS_NAME FROM ATTACK_SEVERITY_INFO WHERE AS_ID = AI.AS_ID) AS AS_NAME , (SELECT AC_NAME FROM ATTACK_CLASSIFICATION_INFO WHERE AC_ID = AI.AC_ID) AS AC_NAME , (SELECT SOLUTION FROM ATTACK_MITIGATION_INFO WHERE AM_ID = AI.AM_ID) AM_DESC , IFNULL((SELECT PROTCOL_NAME FROM ATTACK_KNOWN_PORT WHERE PORT_NUM = DST_PORT), '') AS dstProtocolName FROM ATTACK_DETECTION_LOG AD LEFT JOIN ATTACK_INFO AI ON AD.ATTACK_ID = AI.ATTACK_ID) ADL2 ORDER BY ADL2.ATTACK_TIME DESC LIMIT 0, 8 
08:28:06.418 [http-nio-8080-exec-1] DEBUG c.s.s.c.d.l.D.getDetectionDetailList - ==>  Preparing: SELECT * FROM (SELECT AD.*, AI.ATTACK_NAME , (SELECT AS_NAME FROM ATTACK_SEVERITY_INFO WHERE AS_ID = AI.AS_ID) AS AS_NAME , (SELECT AC_NAME FROM ATTACK_CLASSIFICATION_INFO WHERE AC_ID = AI.AC_ID) AS AC_NAME , (SELECT SOLUTION FROM ATTACK_MITIGATION_INFO WHERE AM_ID = AI.AM_ID) AM_DESC , IFNULL((SELECT PROTCOL_NAME FROM ATTACK_KNOWN_PORT WHERE PORT_NUM = DST_PORT), '') AS dstProtocolName FROM ATTACK_DETECTION_LOG AD LEFT JOIN ATTACK_INFO AI ON AD.ATTACK_ID = AI.ATTACK_ID) ADL2 ORDER BY ADL2.ATTACK_TIME DESC LIMIT 0, 8 
08:28:06.418 [http-nio-8080-exec-1] DEBUG c.s.s.c.d.l.D.getDetectionDetailList - ==> Parameters: 
08:28:06.418 [http-nio-8080-exec-3] DEBUG c.s.s.c.d.l.D.getDetectionDetailList - ==> Parameters: 
08:28:06.424 [http-nio-8080-exec-3] DEBUG c.s.s.c.d.l.D.getDetectionDetailList - <==      Total: 8
08:28:06.425 [http-nio-8080-exec-3] DEBUG c.s.s.c.d.l.D.getDetectionDetailCount - ==>  Preparing: SELECT COUNT(*) CNT FROM (SELECT AD.*, AI.ATTACK_NAME , (SELECT AS_NAME FROM ATTACK_SEVERITY_INFO WHERE AS_ID = AI.AS_ID) AS AS_NAME , (SELECT AC_NAME FROM ATTACK_CLASSIFICATION_INFO WHERE AC_ID = AI.AC_ID) AS AC_NAME , (SELECT SOLUTION FROM ATTACK_MITIGATION_INFO WHERE AM_ID = AI.AM_ID) AM_DESC FROM ATTACK_DETECTION_LOG AD LEFT JOIN ATTACK_INFO AI ON AD.ATTACK_ID = AI.ATTACK_ID) ADL2 
08:28:06.425 [http-nio-8080-exec-3] DEBUG c.s.s.c.d.l.D.getDetectionDetailCount - ==> Parameters: 
08:28:06.429 [http-nio-8080-exec-3] DEBUG c.s.s.c.d.l.D.getDetectionDetailCount - <==      Total: 1
08:28:06.429 [http-nio-8080-exec-1] DEBUG c.s.s.c.d.l.D.getDetectionDetailList - <==      Total: 8
08:28:06.430 [http-nio-8080-exec-1] DEBUG c.s.s.c.d.l.D.getDetectionDetailCount - ==>  Preparing: SELECT COUNT(*) CNT FROM (SELECT AD.*, AI.ATTACK_NAME , (SELECT AS_NAME FROM ATTACK_SEVERITY_INFO WHERE AS_ID = AI.AS_ID) AS AS_NAME , (SELECT AC_NAME FROM ATTACK_CLASSIFICATION_INFO WHERE AC_ID = AI.AC_ID) AS AC_NAME , (SELECT SOLUTION FROM ATTACK_MITIGATION_INFO WHERE AM_ID = AI.AM_ID) AM_DESC FROM ATTACK_DETECTION_LOG AD LEFT JOIN ATTACK_INFO AI ON AD.ATTACK_ID = AI.ATTACK_ID) ADL2 
08:28:06.431 [http-nio-8080-exec-1] DEBUG c.s.s.c.d.l.D.getDetectionDetailCount - ==> Parameters: 
08:28:06.433 [http-nio-8080-exec-1] DEBUG c.s.s.c.d.l.D.getDetectionDetailCount - <==      Total: 1
08:28:07.656 [http-nio-8080-exec-7] INFO  c.s.s.a.controller.AuthController - /sdashboard/UserData [userId=1, logonName=admin, logonPwd=*4ACFE3202A5FF5CF467898FC58AAB1D615029441, userType=1, email=admin@soteria-sys.com, contact=01011112222, lastAccIp=172.26.0.1, lastAccDate=Fri Mar 19 17:03:51 UTC 2021, token=null, retryCnt=0, lastPassModDate=Fri Mar 19 17:03:51 UTC 2021, userName=시큐리티어드민 사용자, initPassYn=Y, useYn=Y, allowedIps=[], modUser=0, modDate=null, userTypeName=null, status=null, sbbList=[]]
08:28:07.662 [http-nio-8080-exec-7] DEBUG c.s.s.c.d.s.S.getConfData - ==>  Preparing: SELECT CONF_ID , CONF_NAME , CONF_VALUE , OTHER_NAME , UNIT , MOD_USER , MOD_DATE FROM SYSTEM_CONFIG WHERE CONF_NAME = ? 
08:28:07.663 [http-nio-8080-exec-7] DEBUG c.s.s.c.d.s.S.getConfData - ==> Parameters: REFRESH_RATE(String)
08:28:07.664 [http-nio-8080-exec-7] DEBUG c.s.s.c.d.s.S.getConfData - <==      Total: 1
08:28:08.108 [http-nio-8080-exec-10] DEBUG c.s.s.c.d.l.D.getDetectionClassificationToday - ==>  Preparing: SELECT LOG_ID, ATTACK_TIME, DATE(ATTACK_TIME) AS DATEORD, HOUR(ATTACK_TIME) AS HOURORD, COUNT(AC_ID) AS CNT, AC_ID, (SELECT AC_NAME FROM ATTACK_CLASSIFICATION_INFO ACI WHERE ACI.AC_ID=AI.AC_ID) AS AC_NAME FROM ATTACK_DETECTION_LOG LOG LEFT JOIN ATTACK_INFO AI ON LOG.ATTACK_ID = AI.ATTACK_ID GROUP BY AC_ID, DATEORD, HOURORD ORDER BY ATTACK_TIME DESC LIMIT 30; 
08:28:08.109 [http-nio-8080-exec-10] DEBUG c.s.s.c.d.l.D.getDetectionClassificationToday - ==> Parameters: 
08:28:08.113 [http-nio-8080-exec-10] DEBUG c.s.s.c.d.l.D.getDetectionClassificationToday - <==      Total: 11
08:28:08.179 [http-nio-8080-exec-2] DEBUG c.s.s.c.d.l.D.getAttackTypeTop5 - ==>  Preparing: SELECT CNT, (SELECT ATTACK_NAME FROM ATTACK_INFO WHERE ATTACK_ID = ADL.ATTACK_ID ) AS ATTACK_NAME FROM ( SELECT COUNT(*) CNT, ATTACK_ID FROM ATTACK_DETECTION_LOG GROUP BY ATTACK_ID ORDER BY CNT DESC LIMIT 5 ) AS ADL 
08:28:08.179 [http-nio-8080-exec-2] DEBUG c.s.s.c.d.l.D.getAttackTypeTop5 - ==> Parameters: 
08:28:08.182 [http-nio-8080-exec-2] DEBUG c.s.s.c.d.l.D.getAttackTypeTop5 - <==      Total: 5
08:28:08.214 [http-nio-8080-exec-4] DEBUG c.s.s.c.d.l.D.getSeverityDetectionStatus - ==>  Preparing: SELECT AS_ID, COUNT(AS_ID) as TOTAL FROM ATTACK_DETECTION_LOG LOG LEFT JOIN ATTACK_INFO AI ON LOG.ATTACK_ID = AI.ATTACK_ID GROUP BY AS_ID ORDER BY AS_ID ASC; 
08:28:08.214 [http-nio-8080-exec-4] DEBUG c.s.s.c.d.l.D.getSeverityDetectionStatus - ==> Parameters: 
08:28:08.217 [http-nio-8080-exec-4] DEBUG c.s.s.c.d.l.D.getSeverityDetectionStatus - <==      Total: 3
08:28:08.257 [http-nio-8080-exec-3] DEBUG c.s.s.c.d.l.D.getDetectionDetailListForScroller - ==>  Preparing: SELECT * FROM (SELECT AD.*, AI.ATTACK_NAME , (SELECT AS_NAME FROM ATTACK_SEVERITY_INFO WHERE AS_ID = AI.AS_ID) AS AS_NAME , (SELECT AC_NAME FROM ATTACK_CLASSIFICATION_INFO WHERE AC_ID = AI.AC_ID) AS AC_NAME , (SELECT SOLUTION FROM ATTACK_MITIGATION_INFO WHERE AM_ID = AI.AM_ID) AM_DESC , IFNULL((SELECT PROTCOL_NAME FROM ATTACK_KNOWN_PORT WHERE PORT_NUM = DST_PORT), '') AS dstProtocolName FROM ATTACK_DETECTION_LOG AD LEFT JOIN ATTACK_INFO AI ON AD.ATTACK_ID = AI.ATTACK_ID) ADL2 ORDER BY ADL2.ATTACK_TIME DESC LIMIT 0, 117 
08:28:08.257 [http-nio-8080-exec-3] DEBUG c.s.s.c.d.l.D.getDetectionDetailListForScroller - ==> Parameters: 
08:28:08.264 [http-nio-8080-exec-3] DEBUG c.s.s.c.d.l.D.getDetectionDetailListForScroller - <==      Total: 34
08:28:52.384 [http-nio-8080-exec-2] INFO  c.s.s.a.controller.AuthController - /sdashboard/UserData [userId=1, logonName=admin, logonPwd=*4ACFE3202A5FF5CF467898FC58AAB1D615029441, userType=1, email=admin@soteria-sys.com, contact=01011112222, lastAccIp=172.26.0.1, lastAccDate=Fri Mar 19 17:03:51 UTC 2021, token=null, retryCnt=0, lastPassModDate=Fri Mar 19 17:03:51 UTC 2021, userName=시큐리티어드민 사용자, initPassYn=Y, useYn=Y, allowedIps=[], modUser=0, modDate=null, userTypeName=null, status=null, sbbList=[]]
08:28:52.386 [http-nio-8080-exec-2] DEBUG c.s.s.c.d.s.S.getConfData - ==>  Preparing: SELECT CONF_ID , CONF_NAME , CONF_VALUE , OTHER_NAME , UNIT , MOD_USER , MOD_DATE FROM SYSTEM_CONFIG WHERE CONF_NAME = ? 
08:28:52.386 [http-nio-8080-exec-2] DEBUG c.s.s.c.d.s.S.getConfData - ==> Parameters: REFRESH_RATE(String)
08:28:52.388 [http-nio-8080-exec-2] DEBUG c.s.s.c.d.s.S.getConfData - <==      Total: 1
08:28:52.998 [http-nio-8080-exec-3] DEBUG c.s.s.c.d.l.D.getDetectionClassificationToday - ==>  Preparing: SELECT LOG_ID, ATTACK_TIME, DATE(ATTACK_TIME) AS DATEORD, HOUR(ATTACK_TIME) AS HOURORD, COUNT(AC_ID) AS CNT, AC_ID, (SELECT AC_NAME FROM ATTACK_CLASSIFICATION_INFO ACI WHERE ACI.AC_ID=AI.AC_ID) AS AC_NAME FROM ATTACK_DETECTION_LOG LOG LEFT JOIN ATTACK_INFO AI ON LOG.ATTACK_ID = AI.ATTACK_ID GROUP BY AC_ID, DATEORD, HOURORD ORDER BY ATTACK_TIME DESC LIMIT 30; 
08:28:52.998 [http-nio-8080-exec-3] DEBUG c.s.s.c.d.l.D.getDetectionClassificationToday - ==> Parameters: 
08:28:53.002 [http-nio-8080-exec-3] DEBUG c.s.s.c.d.l.D.getDetectionClassificationToday - <==      Total: 11
08:28:53.089 [http-nio-8080-exec-5] DEBUG c.s.s.c.d.l.D.getAttackTypeTop5 - ==>  Preparing: SELECT CNT, (SELECT ATTACK_NAME FROM ATTACK_INFO WHERE ATTACK_ID = ADL.ATTACK_ID ) AS ATTACK_NAME FROM ( SELECT COUNT(*) CNT, ATTACK_ID FROM ATTACK_DETECTION_LOG GROUP BY ATTACK_ID ORDER BY CNT DESC LIMIT 5 ) AS ADL 
08:28:53.089 [http-nio-8080-exec-5] DEBUG c.s.s.c.d.l.D.getAttackTypeTop5 - ==> Parameters: 
08:28:53.091 [http-nio-8080-exec-5] DEBUG c.s.s.c.d.l.D.getAttackTypeTop5 - <==      Total: 5
08:28:53.136 [http-nio-8080-exec-1] DEBUG c.s.s.c.d.l.D.getSeverityDetectionStatus - ==>  Preparing: SELECT AS_ID, COUNT(AS_ID) as TOTAL FROM ATTACK_DETECTION_LOG LOG LEFT JOIN ATTACK_INFO AI ON LOG.ATTACK_ID = AI.ATTACK_ID GROUP BY AS_ID ORDER BY AS_ID ASC; 
08:28:53.136 [http-nio-8080-exec-1] DEBUG c.s.s.c.d.l.D.getSeverityDetectionStatus - ==> Parameters: 
08:28:53.139 [http-nio-8080-exec-1] DEBUG c.s.s.c.d.l.D.getSeverityDetectionStatus - <==      Total: 3
08:28:53.183 [http-nio-8080-exec-6] DEBUG c.s.s.c.d.l.D.getDetectionDetailListForScroller - ==>  Preparing: SELECT * FROM (SELECT AD.*, AI.ATTACK_NAME , (SELECT AS_NAME FROM ATTACK_SEVERITY_INFO WHERE AS_ID = AI.AS_ID) AS AS_NAME , (SELECT AC_NAME FROM ATTACK_CLASSIFICATION_INFO WHERE AC_ID = AI.AC_ID) AS AC_NAME , (SELECT SOLUTION FROM ATTACK_MITIGATION_INFO WHERE AM_ID = AI.AM_ID) AM_DESC , IFNULL((SELECT PROTCOL_NAME FROM ATTACK_KNOWN_PORT WHERE PORT_NUM = DST_PORT), '') AS dstProtocolName FROM ATTACK_DETECTION_LOG AD LEFT JOIN ATTACK_INFO AI ON AD.ATTACK_ID = AI.ATTACK_ID) ADL2 ORDER BY ADL2.ATTACK_TIME DESC LIMIT 0, 117 
08:28:53.183 [http-nio-8080-exec-6] DEBUG c.s.s.c.d.l.D.getDetectionDetailListForScroller - ==> Parameters: 
08:28:53.188 [http-nio-8080-exec-6] DEBUG c.s.s.c.d.l.D.getDetectionDetailListForScroller - <==      Total: 34
08:28:55.789 [http-nio-8080-exec-5] DEBUG c.s.s.c.d.l.D.getDetectionDetailList - ==>  Preparing: SELECT * FROM (SELECT AD.*, AI.ATTACK_NAME , (SELECT AS_NAME FROM ATTACK_SEVERITY_INFO WHERE AS_ID = AI.AS_ID) AS AS_NAME , (SELECT AC_NAME FROM ATTACK_CLASSIFICATION_INFO WHERE AC_ID = AI.AC_ID) AS AC_NAME , (SELECT SOLUTION FROM ATTACK_MITIGATION_INFO WHERE AM_ID = AI.AM_ID) AM_DESC , IFNULL((SELECT PROTCOL_NAME FROM ATTACK_KNOWN_PORT WHERE PORT_NUM = DST_PORT), '') AS dstProtocolName FROM ATTACK_DETECTION_LOG AD LEFT JOIN ATTACK_INFO AI ON AD.ATTACK_ID = AI.ATTACK_ID) ADL2 ORDER BY ADL2.ATTACK_TIME DESC LIMIT 0, 8 
08:28:55.789 [http-nio-8080-exec-5] DEBUG c.s.s.c.d.l.D.getDetectionDetailList - ==> Parameters: 
08:28:55.792 [http-nio-8080-exec-5] DEBUG c.s.s.c.d.l.D.getDetectionDetailList - <==      Total: 8
08:28:55.793 [http-nio-8080-exec-5] DEBUG c.s.s.c.d.l.D.getDetectionDetailCount - ==>  Preparing: SELECT COUNT(*) CNT FROM (SELECT AD.*, AI.ATTACK_NAME , (SELECT AS_NAME FROM ATTACK_SEVERITY_INFO WHERE AS_ID = AI.AS_ID) AS AS_NAME , (SELECT AC_NAME FROM ATTACK_CLASSIFICATION_INFO WHERE AC_ID = AI.AC_ID) AS AC_NAME , (SELECT SOLUTION FROM ATTACK_MITIGATION_INFO WHERE AM_ID = AI.AM_ID) AM_DESC FROM ATTACK_DETECTION_LOG AD LEFT JOIN ATTACK_INFO AI ON AD.ATTACK_ID = AI.ATTACK_ID) ADL2 
08:28:55.793 [http-nio-8080-exec-5] DEBUG c.s.s.c.d.l.D.getDetectionDetailCount - ==> Parameters: 
08:28:55.796 [http-nio-8080-exec-5] DEBUG c.s.s.c.d.l.D.getDetectionDetailCount - <==      Total: 1
08:28:55.828 [http-nio-8080-exec-3] DEBUG c.s.s.c.d.l.D.getDetectionDetailList - ==>  Preparing: SELECT * FROM (SELECT AD.*, AI.ATTACK_NAME , (SELECT AS_NAME FROM ATTACK_SEVERITY_INFO WHERE AS_ID = AI.AS_ID) AS AS_NAME , (SELECT AC_NAME FROM ATTACK_CLASSIFICATION_INFO WHERE AC_ID = AI.AC_ID) AS AC_NAME , (SELECT SOLUTION FROM ATTACK_MITIGATION_INFO WHERE AM_ID = AI.AM_ID) AM_DESC , IFNULL((SELECT PROTCOL_NAME FROM ATTACK_KNOWN_PORT WHERE PORT_NUM = DST_PORT), '') AS dstProtocolName FROM ATTACK_DETECTION_LOG AD LEFT JOIN ATTACK_INFO AI ON AD.ATTACK_ID = AI.ATTACK_ID) ADL2 ORDER BY ADL2.ATTACK_TIME DESC LIMIT 0, 8 
08:28:55.828 [http-nio-8080-exec-3] DEBUG c.s.s.c.d.l.D.getDetectionDetailList - ==> Parameters: 
08:28:55.830 [http-nio-8080-exec-3] DEBUG c.s.s.c.d.l.D.getDetectionDetailList - <==      Total: 8
08:28:55.831 [http-nio-8080-exec-3] DEBUG c.s.s.c.d.l.D.getDetectionDetailCount - ==>  Preparing: SELECT COUNT(*) CNT FROM (SELECT AD.*, AI.ATTACK_NAME , (SELECT AS_NAME FROM ATTACK_SEVERITY_INFO WHERE AS_ID = AI.AS_ID) AS AS_NAME , (SELECT AC_NAME FROM ATTACK_CLASSIFICATION_INFO WHERE AC_ID = AI.AC_ID) AS AC_NAME , (SELECT SOLUTION FROM ATTACK_MITIGATION_INFO WHERE AM_ID = AI.AM_ID) AM_DESC FROM ATTACK_DETECTION_LOG AD LEFT JOIN ATTACK_INFO AI ON AD.ATTACK_ID = AI.ATTACK_ID) ADL2 
08:28:55.831 [http-nio-8080-exec-3] DEBUG c.s.s.c.d.l.D.getDetectionDetailCount - ==> Parameters: 
08:28:55.833 [http-nio-8080-exec-3] DEBUG c.s.s.c.d.l.D.getDetectionDetailCount - <==      Total: 1
08:28:59.187 [http-nio-8080-exec-2] DEBUG c.s.s.c.d.l.D.getDetectionDetailList - ==>  Preparing: SELECT * FROM (SELECT AD.*, AI.ATTACK_NAME , (SELECT AS_NAME FROM ATTACK_SEVERITY_INFO WHERE AS_ID = AI.AS_ID) AS AS_NAME , (SELECT AC_NAME FROM ATTACK_CLASSIFICATION_INFO WHERE AC_ID = AI.AC_ID) AS AC_NAME , (SELECT SOLUTION FROM ATTACK_MITIGATION_INFO WHERE AM_ID = AI.AM_ID) AM_DESC , IFNULL((SELECT PROTCOL_NAME FROM ATTACK_KNOWN_PORT WHERE PORT_NUM = DST_PORT), '') AS dstProtocolName FROM ATTACK_DETECTION_LOG AD LEFT JOIN ATTACK_INFO AI ON AD.ATTACK_ID = AI.ATTACK_ID) ADL2 ORDER BY ADL2.ATTACK_TIME DESC LIMIT 0, 8 
08:28:59.187 [http-nio-8080-exec-2] DEBUG c.s.s.c.d.l.D.getDetectionDetailList - ==> Parameters: 
08:28:59.190 [http-nio-8080-exec-5] DEBUG c.s.s.c.d.l.D.getDetectionDetailList - ==>  Preparing: SELECT * FROM (SELECT AD.*, AI.ATTACK_NAME , (SELECT AS_NAME FROM ATTACK_SEVERITY_INFO WHERE AS_ID = AI.AS_ID) AS AS_NAME , (SELECT AC_NAME FROM ATTACK_CLASSIFICATION_INFO WHERE AC_ID = AI.AC_ID) AS AC_NAME , (SELECT SOLUTION FROM ATTACK_MITIGATION_INFO WHERE AM_ID = AI.AM_ID) AM_DESC , IFNULL((SELECT PROTCOL_NAME FROM ATTACK_KNOWN_PORT WHERE PORT_NUM = DST_PORT), '') AS dstProtocolName FROM ATTACK_DETECTION_LOG AD LEFT JOIN ATTACK_INFO AI ON AD.ATTACK_ID = AI.ATTACK_ID) ADL2 ORDER BY ADL2.ATTACK_TIME DESC LIMIT 0, 8 
08:28:59.190 [http-nio-8080-exec-2] DEBUG c.s.s.c.d.l.D.getDetectionDetailList - <==      Total: 8
08:28:59.190 [http-nio-8080-exec-5] DEBUG c.s.s.c.d.l.D.getDetectionDetailList - ==> Parameters: 
08:28:59.191 [http-nio-8080-exec-2] DEBUG c.s.s.c.d.l.D.getDetectionDetailCount - ==>  Preparing: SELECT COUNT(*) CNT FROM (SELECT AD.*, AI.ATTACK_NAME , (SELECT AS_NAME FROM ATTACK_SEVERITY_INFO WHERE AS_ID = AI.AS_ID) AS AS_NAME , (SELECT AC_NAME FROM ATTACK_CLASSIFICATION_INFO WHERE AC_ID = AI.AC_ID) AS AC_NAME , (SELECT SOLUTION FROM ATTACK_MITIGATION_INFO WHERE AM_ID = AI.AM_ID) AM_DESC FROM ATTACK_DETECTION_LOG AD LEFT JOIN ATTACK_INFO AI ON AD.ATTACK_ID = AI.ATTACK_ID) ADL2 
08:28:59.191 [http-nio-8080-exec-2] DEBUG c.s.s.c.d.l.D.getDetectionDetailCount - ==> Parameters: 
08:28:59.193 [http-nio-8080-exec-2] DEBUG c.s.s.c.d.l.D.getDetectionDetailCount - <==      Total: 1
08:28:59.194 [http-nio-8080-exec-5] DEBUG c.s.s.c.d.l.D.getDetectionDetailList - <==      Total: 8
08:28:59.194 [http-nio-8080-exec-5] DEBUG c.s.s.c.d.l.D.getDetectionDetailCount - ==>  Preparing: SELECT COUNT(*) CNT FROM (SELECT AD.*, AI.ATTACK_NAME , (SELECT AS_NAME FROM ATTACK_SEVERITY_INFO WHERE AS_ID = AI.AS_ID) AS AS_NAME , (SELECT AC_NAME FROM ATTACK_CLASSIFICATION_INFO WHERE AC_ID = AI.AC_ID) AS AC_NAME , (SELECT SOLUTION FROM ATTACK_MITIGATION_INFO WHERE AM_ID = AI.AM_ID) AM_DESC FROM ATTACK_DETECTION_LOG AD LEFT JOIN ATTACK_INFO AI ON AD.ATTACK_ID = AI.ATTACK_ID) ADL2 
08:28:59.194 [http-nio-8080-exec-5] DEBUG c.s.s.c.d.l.D.getDetectionDetailCount - ==> Parameters: 
08:28:59.197 [http-nio-8080-exec-5] DEBUG c.s.s.c.d.l.D.getDetectionDetailCount - <==      Total: 1
08:29:00.774 [http-nio-8080-exec-1] INFO  c.s.s.a.controller.AuthController - /sdashboard/UserData [userId=1, logonName=admin, logonPwd=*4ACFE3202A5FF5CF467898FC58AAB1D615029441, userType=1, email=admin@soteria-sys.com, contact=01011112222, lastAccIp=172.26.0.1, lastAccDate=Fri Mar 19 17:03:51 UTC 2021, token=null, retryCnt=0, lastPassModDate=Fri Mar 19 17:03:51 UTC 2021, userName=시큐리티어드민 사용자, initPassYn=Y, useYn=Y, allowedIps=[], modUser=0, modDate=null, userTypeName=null, status=null, sbbList=[]]
08:29:00.776 [http-nio-8080-exec-1] DEBUG c.s.s.c.d.s.S.getConfData - ==>  Preparing: SELECT CONF_ID , CONF_NAME , CONF_VALUE , OTHER_NAME , UNIT , MOD_USER , MOD_DATE FROM SYSTEM_CONFIG WHERE CONF_NAME = ? 
08:29:00.776 [http-nio-8080-exec-1] DEBUG c.s.s.c.d.s.S.getConfData - ==> Parameters: REFRESH_RATE(String)
08:29:00.778 [http-nio-8080-exec-1] DEBUG c.s.s.c.d.s.S.getConfData - <==      Total: 1
08:29:01.245 [http-nio-8080-exec-3] DEBUG c.s.s.c.d.l.D.getDetectionClassificationToday - ==>  Preparing: SELECT LOG_ID, ATTACK_TIME, DATE(ATTACK_TIME) AS DATEORD, HOUR(ATTACK_TIME) AS HOURORD, COUNT(AC_ID) AS CNT, AC_ID, (SELECT AC_NAME FROM ATTACK_CLASSIFICATION_INFO ACI WHERE ACI.AC_ID=AI.AC_ID) AS AC_NAME FROM ATTACK_DETECTION_LOG LOG LEFT JOIN ATTACK_INFO AI ON LOG.ATTACK_ID = AI.ATTACK_ID GROUP BY AC_ID, DATEORD, HOURORD ORDER BY ATTACK_TIME DESC LIMIT 30; 
08:29:01.245 [http-nio-8080-exec-3] DEBUG c.s.s.c.d.l.D.getDetectionClassificationToday - ==> Parameters: 
08:29:01.248 [http-nio-8080-exec-3] DEBUG c.s.s.c.d.l.D.getDetectionClassificationToday - <==      Total: 11
08:29:01.310 [http-nio-8080-exec-6] DEBUG c.s.s.c.d.l.D.getAttackTypeTop5 - ==>  Preparing: SELECT CNT, (SELECT ATTACK_NAME FROM ATTACK_INFO WHERE ATTACK_ID = ADL.ATTACK_ID ) AS ATTACK_NAME FROM ( SELECT COUNT(*) CNT, ATTACK_ID FROM ATTACK_DETECTION_LOG GROUP BY ATTACK_ID ORDER BY CNT DESC LIMIT 5 ) AS ADL 
08:29:01.310 [http-nio-8080-exec-6] DEBUG c.s.s.c.d.l.D.getAttackTypeTop5 - ==> Parameters: 
08:29:01.314 [http-nio-8080-exec-6] DEBUG c.s.s.c.d.l.D.getAttackTypeTop5 - <==      Total: 5
08:29:01.364 [http-nio-8080-exec-8] DEBUG c.s.s.c.d.l.D.getSeverityDetectionStatus - ==>  Preparing: SELECT AS_ID, COUNT(AS_ID) as TOTAL FROM ATTACK_DETECTION_LOG LOG LEFT JOIN ATTACK_INFO AI ON LOG.ATTACK_ID = AI.ATTACK_ID GROUP BY AS_ID ORDER BY AS_ID ASC; 
08:29:01.364 [http-nio-8080-exec-8] DEBUG c.s.s.c.d.l.D.getSeverityDetectionStatus - ==> Parameters: 
08:29:01.367 [http-nio-8080-exec-8] DEBUG c.s.s.c.d.l.D.getSeverityDetectionStatus - <==      Total: 3
08:29:01.414 [http-nio-8080-exec-9] DEBUG c.s.s.c.d.l.D.getDetectionDetailListForScroller - ==>  Preparing: SELECT * FROM (SELECT AD.*, AI.ATTACK_NAME , (SELECT AS_NAME FROM ATTACK_SEVERITY_INFO WHERE AS_ID = AI.AS_ID) AS AS_NAME , (SELECT AC_NAME FROM ATTACK_CLASSIFICATION_INFO WHERE AC_ID = AI.AC_ID) AS AC_NAME , (SELECT SOLUTION FROM ATTACK_MITIGATION_INFO WHERE AM_ID = AI.AM_ID) AM_DESC , IFNULL((SELECT PROTCOL_NAME FROM ATTACK_KNOWN_PORT WHERE PORT_NUM = DST_PORT), '') AS dstProtocolName FROM ATTACK_DETECTION_LOG AD LEFT JOIN ATTACK_INFO AI ON AD.ATTACK_ID = AI.ATTACK_ID) ADL2 ORDER BY ADL2.ATTACK_TIME DESC LIMIT 0, 117 
08:29:01.414 [http-nio-8080-exec-9] DEBUG c.s.s.c.d.l.D.getDetectionDetailListForScroller - ==> Parameters: 
08:29:01.423 [http-nio-8080-exec-9] DEBUG c.s.s.c.d.l.D.getDetectionDetailListForScroller - <==      Total: 34
08:30:08.698 [http-nio-8080-exec-7] WARN  c.s.s.a.controller.AuthController - /sdashboard Login required. invalid session.
08:30:10.550 [http-nio-8080-exec-5] INFO  c.s.s.a.controller.AuthController - /login
08:30:10.550 [http-nio-8080-exec-5] INFO  c.s.s.a.controller.AuthController - check session.isLogin() : false
08:30:14.713 [http-nio-8080-exec-1] INFO  c.s.s.a.controller.AuthController - /auth/logina/admin,*****,172.26.0.1
08:30:14.718 [http-nio-8080-exec-1] DEBUG c.s.s.c.dao.admin.UserMapper.getUser - ==>  Preparing: SELECT USER_ID , LOGON_NAME , LOGON_PWD , USER_NAME , USER_TYPE , EMAIL , CONTACT , LAST_ACC_IP , LAST_ACC_DATE , TOKEN , RETRY_CNT , LAST_PASS_MOD_DATE , INIT_PASS_YN , USE_YN , OTP_TYPE , OTP_SECRET FROM USERS WHERE LOGON_NAME = ? AND LOGON_PWD = password(?) AND USE_YN = ? 
08:30:14.718 [http-nio-8080-exec-1] DEBUG c.s.s.c.dao.admin.UserMapper.getUser - ==> Parameters: admin(String), admin(String), Y(String)
08:30:14.720 [http-nio-8080-exec-1] DEBUG c.s.s.c.dao.admin.UserMapper.getUser - <==      Total: 1
08:30:14.721 [http-nio-8080-exec-1] DEBUG c.s.s.c.d.a.UserMapper.getAllowedIps - ==>  Preparing: SELECT EXT_ID , USER_ID , IP , MOD_USER , MOD_DATE FROM USER_IPS WHERE USER_ID = ? 
08:30:14.721 [http-nio-8080-exec-1] DEBUG c.s.s.c.d.a.UserMapper.getAllowedIps - ==> Parameters: 1(Integer)
08:30:14.722 [http-nio-8080-exec-1] DEBUG c.s.s.c.d.a.UserMapper.getAllowedIps - <==      Total: 0
08:30:14.725 [http-nio-8080-exec-1] DEBUG c.s.s.c.d.a.U.insertUserAction - ==>  Preparing: INSERT INTO USERS_ACTION_HIS (USER_ID, ACTION_TYPE, ACTION_SUB_TYPE, ACTION_RSLT, REMOTE_IP, REASON, REG_DATE) VALUES (?, ?, ?, ?, ?, ?, NOW()) 
08:30:14.725 [http-nio-8080-exec-1] DEBUG c.s.s.c.d.a.U.insertUserAction - ==> Parameters: 1(Integer), 100(Integer), 101(Integer), S(String), 172.26.0.1(String), USER LOGIN(String)
08:30:14.735 [http-nio-8080-exec-1] DEBUG c.s.s.c.d.a.U.getUserSession - ==>  Preparing: SELECT USER_ID , SESSION_ID , MOD_DATE FROM USER_SESSION WHERE USER_ID = ? 
08:30:14.735 [http-nio-8080-exec-1] DEBUG c.s.s.c.d.a.U.getUserSession - ==> Parameters: 1(Integer)
08:30:14.737 [http-nio-8080-exec-1] DEBUG c.s.s.c.d.a.U.getUserSession - <==      Total: 1
08:30:14.737 [http-nio-8080-exec-1] DEBUG c.s.s.c.d.a.U.deleteSessionAttributes - ==>  Preparing: DELETE FROM SPRING_SESSION_ATTRIBUTES WHERE SESSION_ID = ? 
08:30:14.737 [http-nio-8080-exec-1] DEBUG c.s.s.c.d.a.U.deleteSessionAttributes - ==> Parameters: 6F108C1E3B5A66214581D954E01FC756(String)
08:30:14.738 [http-nio-8080-exec-1] DEBUG c.s.s.c.d.a.U.deleteSessionAttributes - <==    Updates: 0
08:30:14.739 [http-nio-8080-exec-1] DEBUG c.s.s.c.d.a.UserMapper.deleteSession - ==>  Preparing: DELETE FROM SPRING_SESSION WHERE SESSION_ID = ? 
08:30:14.739 [http-nio-8080-exec-1] DEBUG c.s.s.c.d.a.UserMapper.deleteSession - ==> Parameters: 6F108C1E3B5A66214581D954E01FC756(String)
08:30:14.740 [http-nio-8080-exec-1] DEBUG c.s.s.c.d.a.UserMapper.deleteSession - <==    Updates: 0
08:30:14.740 [http-nio-8080-exec-1] DEBUG c.s.s.c.d.a.U.insertUserSession - ==>  Preparing: INSERT INTO USER_SESSION ( USER_ID , SESSION_ID , MOD_DATE ) VALUES ( ? , ? , NOW() ) ON DUPLICATE KEY UPDATE SESSION_ID = ? , MOD_DATE = NOW() 
08:30:14.740 [http-nio-8080-exec-1] DEBUG c.s.s.c.d.a.U.insertUserSession - ==> Parameters: 1(String), EEA2305440F876DD46EA1B3B36CFC0C5(String), EEA2305440F876DD46EA1B3B36CFC0C5(String)
08:30:14.742 [http-nio-8080-exec-1] DEBUG c.s.s.c.d.a.U.insertUserSession - <==    Updates: 2
08:30:15.242 [http-nio-8080-exec-6] DEBUG c.s.s.c.d.l.D.getDetectionDetailList - ==>  Preparing: SELECT * FROM (SELECT AD.*, AI.ATTACK_NAME , (SELECT AS_NAME FROM ATTACK_SEVERITY_INFO WHERE AS_ID = AI.AS_ID) AS AS_NAME , (SELECT AC_NAME FROM ATTACK_CLASSIFICATION_INFO WHERE AC_ID = AI.AC_ID) AS AC_NAME , (SELECT SOLUTION FROM ATTACK_MITIGATION_INFO WHERE AM_ID = AI.AM_ID) AM_DESC , IFNULL((SELECT PROTCOL_NAME FROM ATTACK_KNOWN_PORT WHERE PORT_NUM = DST_PORT), '') AS dstProtocolName FROM ATTACK_DETECTION_LOG AD LEFT JOIN ATTACK_INFO AI ON AD.ATTACK_ID = AI.ATTACK_ID) ADL2 ORDER BY ADL2.ATTACK_TIME DESC LIMIT 0, 8 
08:30:15.243 [http-nio-8080-exec-6] DEBUG c.s.s.c.d.l.D.getDetectionDetailList - ==> Parameters: 
08:30:15.246 [http-nio-8080-exec-6] DEBUG c.s.s.c.d.l.D.getDetectionDetailList - <==      Total: 8
08:30:15.247 [http-nio-8080-exec-6] DEBUG c.s.s.c.d.l.D.getDetectionDetailCount - ==>  Preparing: SELECT COUNT(*) CNT FROM (SELECT AD.*, AI.ATTACK_NAME , (SELECT AS_NAME FROM ATTACK_SEVERITY_INFO WHERE AS_ID = AI.AS_ID) AS AS_NAME , (SELECT AC_NAME FROM ATTACK_CLASSIFICATION_INFO WHERE AC_ID = AI.AC_ID) AS AC_NAME , (SELECT SOLUTION FROM ATTACK_MITIGATION_INFO WHERE AM_ID = AI.AM_ID) AM_DESC FROM ATTACK_DETECTION_LOG AD LEFT JOIN ATTACK_INFO AI ON AD.ATTACK_ID = AI.ATTACK_ID) ADL2 
08:30:15.247 [http-nio-8080-exec-6] DEBUG c.s.s.c.d.l.D.getDetectionDetailCount - ==> Parameters: 
08:30:15.248 [http-nio-8080-exec-8] DEBUG c.s.s.c.d.l.D.getDetectionDetailList - ==>  Preparing: SELECT * FROM (SELECT AD.*, AI.ATTACK_NAME , (SELECT AS_NAME FROM ATTACK_SEVERITY_INFO WHERE AS_ID = AI.AS_ID) AS AS_NAME , (SELECT AC_NAME FROM ATTACK_CLASSIFICATION_INFO WHERE AC_ID = AI.AC_ID) AS AC_NAME , (SELECT SOLUTION FROM ATTACK_MITIGATION_INFO WHERE AM_ID = AI.AM_ID) AM_DESC , IFNULL((SELECT PROTCOL_NAME FROM ATTACK_KNOWN_PORT WHERE PORT_NUM = DST_PORT), '') AS dstProtocolName FROM ATTACK_DETECTION_LOG AD LEFT JOIN ATTACK_INFO AI ON AD.ATTACK_ID = AI.ATTACK_ID) ADL2 ORDER BY ADL2.ATTACK_TIME DESC LIMIT 0, 8 
08:30:15.249 [http-nio-8080-exec-8] DEBUG c.s.s.c.d.l.D.getDetectionDetailList - ==> Parameters: 
08:30:15.249 [http-nio-8080-exec-6] DEBUG c.s.s.c.d.l.D.getDetectionDetailCount - <==      Total: 1
08:30:15.251 [http-nio-8080-exec-8] DEBUG c.s.s.c.d.l.D.getDetectionDetailList - <==      Total: 8
08:30:15.251 [http-nio-8080-exec-8] DEBUG c.s.s.c.d.l.D.getDetectionDetailCount - ==>  Preparing: SELECT COUNT(*) CNT FROM (SELECT AD.*, AI.ATTACK_NAME , (SELECT AS_NAME FROM ATTACK_SEVERITY_INFO WHERE AS_ID = AI.AS_ID) AS AS_NAME , (SELECT AC_NAME FROM ATTACK_CLASSIFICATION_INFO WHERE AC_ID = AI.AC_ID) AS AC_NAME , (SELECT SOLUTION FROM ATTACK_MITIGATION_INFO WHERE AM_ID = AI.AM_ID) AM_DESC FROM ATTACK_DETECTION_LOG AD LEFT JOIN ATTACK_INFO AI ON AD.ATTACK_ID = AI.ATTACK_ID) ADL2 
08:30:15.252 [http-nio-8080-exec-8] DEBUG c.s.s.c.d.l.D.getDetectionDetailCount - ==> Parameters: 
08:30:15.254 [http-nio-8080-exec-8] DEBUG c.s.s.c.d.l.D.getDetectionDetailCount - <==      Total: 1
08:34:56.497 [http-nio-8080-exec-1] DEBUG c.s.s.c.d.l.A.getAttackInfoByAttackId - ==>  Preparing: SELECT * FROM ATTACK_INFO WHERE ATTACK_ID = ? 
08:34:56.497 [http-nio-8080-exec-1] DEBUG c.s.s.c.d.l.A.getAttackInfoByAttackId - ==> Parameters: ATTACK_21(String)
08:34:56.499 [http-nio-8080-exec-1] DEBUG c.s.s.c.d.l.A.getAttackInfoByAttackId - <==      Total: 1
08:34:56.500 [http-nio-8080-exec-1] DEBUG c.s.s.c.d.logs.IDGenMapper.getNextId - ==>  Preparing: SELECT NEXT_ID FROM ATTACK_IDS WHERE NAME = ? 
08:34:56.500 [http-nio-8080-exec-1] DEBUG c.s.s.c.d.logs.IDGenMapper.getNextId - ==> Parameters: LOG_(String)
08:34:56.502 [http-nio-8080-exec-1] DEBUG c.s.s.c.d.logs.IDGenMapper.getNextId - <==      Total: 1
08:34:56.507 [http-nio-8080-exec-1] DEBUG c.s.s.c.d.l.D.selectAlertType - ==>  Preparing: SELECT ID , PUSH , EMAIL , SMS , AS_ID , (SELECT AS_NAME FROM ATTACK_SEVERITY_INFO ASI WHERE ASI.AS_ID = AAS.AS_ID) AS SEVERITY_LEVEL FROM ATTACK_ALERT_SETTING AAS 
08:34:56.507 [http-nio-8080-exec-1] DEBUG c.s.s.c.d.l.D.selectAlertType - ==> Parameters: 
08:34:56.509 [http-nio-8080-exec-1] DEBUG c.s.s.c.d.l.D.selectAlertType - <==      Total: 1
08:34:56.511 [http-nio-8080-exec-1] DEBUG c.s.s.c.d.l.D.saveAttackDetectionLog - ==>  Preparing: INSERT INTO ATTACK_DETECTION_LOG ( `LOG_ID` , `ATTACK_ID` , `PROTOCOL` , `SRC_IP` , `DST_IP` , `DST_PORT` , `ATTACK_TIME` , `PAYLOAD` ) VALUES ( ? , ? , ? , ? , ? , ? , ? , ? ) 
08:34:56.511 [http-nio-8080-exec-1] DEBUG c.s.s.c.d.l.D.saveAttackDetectionLog - ==> Parameters: LOG_52(String), ATTACK_21(String), TCP(String), 192.168.95.1(String), 192.168.95.138(String), 443(Integer), 20210216234402(String), ['/vulTest/loginproc.do', 'text/html,application/xhtml+xml,application/xml;q=0.9,image/webp,image/apng,*/*;q=0.8', '[email=administrator&password=P%40ssw5rd%21]', 'text/html;charset=utf-8', '/vulTest/loginproc.do', 'text/html,application/xhtml+xml,application/xml;q=0.9,image/webp,image/apng,*/*;q=0.8', '[email=administrator&password=P%40ssw5rd%40]', 'text/html;charset=utf-8', '/vulTest/loginproc.do', 'text/html,application/xhtml+xml,application/xml;q=0.9,image/webp,image/apng,*/*;q=0.8', '[email=administrator&password=P%40ssw5rd%23]', 'text/html;charset=utf-8'](String)
08:34:56.513 [http-nio-8080-exec-1] DEBUG c.s.s.c.d.l.D.saveAttackDetectionLog - <==    Updates: 1
08:34:56.523 [http-nio-8080-exec-1] DEBUG c.s.s.c.d.l.IDGenMapper.updateNextId - ==>  Preparing: UPDATE ATTACK_IDS SET NEXT_ID = NEXT_ID + 1 WHERE NAME = ? 
08:34:56.523 [http-nio-8080-exec-1] DEBUG c.s.s.c.d.l.IDGenMapper.updateNextId - ==> Parameters: LOG_(String)
08:34:56.527 [http-nio-8080-exec-1] DEBUG c.s.s.c.d.l.IDGenMapper.updateNextId - <==    Updates: 1
08:34:56.549 [http-nio-8080-exec-3] DEBUG c.s.s.c.d.l.D.getDetectionDetailList - ==>  Preparing: SELECT * FROM (SELECT AD.*, AI.ATTACK_NAME , (SELECT AS_NAME FROM ATTACK_SEVERITY_INFO WHERE AS_ID = AI.AS_ID) AS AS_NAME , (SELECT AC_NAME FROM ATTACK_CLASSIFICATION_INFO WHERE AC_ID = AI.AC_ID) AS AC_NAME , (SELECT SOLUTION FROM ATTACK_MITIGATION_INFO WHERE AM_ID = AI.AM_ID) AM_DESC , IFNULL((SELECT PROTCOL_NAME FROM ATTACK_KNOWN_PORT WHERE PORT_NUM = DST_PORT), '') AS dstProtocolName FROM ATTACK_DETECTION_LOG AD LEFT JOIN ATTACK_INFO AI ON AD.ATTACK_ID = AI.ATTACK_ID) ADL2 ORDER BY ADL2.ATTACK_TIME DESC LIMIT 0, 8 
08:34:56.549 [http-nio-8080-exec-6] DEBUG c.s.s.c.d.l.D.getDetectionDetailListForScroller - ==>  Preparing: SELECT * FROM (SELECT AD.*, AI.ATTACK_NAME , (SELECT AS_NAME FROM ATTACK_SEVERITY_INFO WHERE AS_ID = AI.AS_ID) AS AS_NAME , (SELECT AC_NAME FROM ATTACK_CLASSIFICATION_INFO WHERE AC_ID = AI.AC_ID) AS AC_NAME , (SELECT SOLUTION FROM ATTACK_MITIGATION_INFO WHERE AM_ID = AI.AM_ID) AM_DESC , IFNULL((SELECT PROTCOL_NAME FROM ATTACK_KNOWN_PORT WHERE PORT_NUM = DST_PORT), '') AS dstProtocolName FROM ATTACK_DETECTION_LOG AD LEFT JOIN ATTACK_INFO AI ON AD.ATTACK_ID = AI.ATTACK_ID) ADL2 ORDER BY ADL2.ATTACK_TIME DESC LIMIT 0, 81 
08:34:56.550 [http-nio-8080-exec-3] DEBUG c.s.s.c.d.l.D.getDetectionDetailList - ==> Parameters: 
08:34:56.550 [http-nio-8080-exec-6] DEBUG c.s.s.c.d.l.D.getDetectionDetailListForScroller - ==> Parameters: 
08:34:56.553 [http-nio-8080-exec-3] DEBUG c.s.s.c.d.l.D.getDetectionDetailList - <==      Total: 8
08:34:56.554 [http-nio-8080-exec-3] DEBUG c.s.s.c.d.l.D.getDetectionDetailCount - ==>  Preparing: SELECT COUNT(*) CNT FROM (SELECT AD.*, AI.ATTACK_NAME , (SELECT AS_NAME FROM ATTACK_SEVERITY_INFO WHERE AS_ID = AI.AS_ID) AS AS_NAME , (SELECT AC_NAME FROM ATTACK_CLASSIFICATION_INFO WHERE AC_ID = AI.AC_ID) AS AC_NAME , (SELECT SOLUTION FROM ATTACK_MITIGATION_INFO WHERE AM_ID = AI.AM_ID) AM_DESC FROM ATTACK_DETECTION_LOG AD LEFT JOIN ATTACK_INFO AI ON AD.ATTACK_ID = AI.ATTACK_ID) ADL2 
08:34:56.554 [http-nio-8080-exec-3] DEBUG c.s.s.c.d.l.D.getDetectionDetailCount - ==> Parameters: 
08:34:56.555 [http-nio-8080-exec-6] DEBUG c.s.s.c.d.l.D.getDetectionDetailListForScroller - <==      Total: 35
08:34:56.557 [http-nio-8080-exec-3] DEBUG c.s.s.c.d.l.D.getDetectionDetailCount - <==      Total: 1
08:35:17.518 [http-nio-8080-exec-2] DEBUG c.s.s.c.d.l.D.getDetectionDetailList - ==>  Preparing: SELECT * FROM (SELECT AD.*, AI.ATTACK_NAME , (SELECT AS_NAME FROM ATTACK_SEVERITY_INFO WHERE AS_ID = AI.AS_ID) AS AS_NAME , (SELECT AC_NAME FROM ATTACK_CLASSIFICATION_INFO WHERE AC_ID = AI.AC_ID) AS AC_NAME , (SELECT SOLUTION FROM ATTACK_MITIGATION_INFO WHERE AM_ID = AI.AM_ID) AM_DESC , IFNULL((SELECT PROTCOL_NAME FROM ATTACK_KNOWN_PORT WHERE PORT_NUM = DST_PORT), '') AS dstProtocolName FROM ATTACK_DETECTION_LOG AD LEFT JOIN ATTACK_INFO AI ON AD.ATTACK_ID = AI.ATTACK_ID) ADL2 ORDER BY ADL2.ATTACK_TIME DESC LIMIT 0, 8 
08:35:17.519 [http-nio-8080-exec-2] DEBUG c.s.s.c.d.l.D.getDetectionDetailList - ==> Parameters: 
08:35:17.521 [http-nio-8080-exec-5] DEBUG c.s.s.c.d.l.D.getDetectionDetailList - ==>  Preparing: SELECT * FROM (SELECT AD.*, AI.ATTACK_NAME , (SELECT AS_NAME FROM ATTACK_SEVERITY_INFO WHERE AS_ID = AI.AS_ID) AS AS_NAME , (SELECT AC_NAME FROM ATTACK_CLASSIFICATION_INFO WHERE AC_ID = AI.AC_ID) AS AC_NAME , (SELECT SOLUTION FROM ATTACK_MITIGATION_INFO WHERE AM_ID = AI.AM_ID) AM_DESC , IFNULL((SELECT PROTCOL_NAME FROM ATTACK_KNOWN_PORT WHERE PORT_NUM = DST_PORT), '') AS dstProtocolName FROM ATTACK_DETECTION_LOG AD LEFT JOIN ATTACK_INFO AI ON AD.ATTACK_ID = AI.ATTACK_ID) ADL2 ORDER BY ADL2.ATTACK_TIME DESC LIMIT 0, 8 
08:35:17.521 [http-nio-8080-exec-5] DEBUG c.s.s.c.d.l.D.getDetectionDetailList - ==> Parameters: 
08:35:17.526 [http-nio-8080-exec-2] DEBUG c.s.s.c.d.l.D.getDetectionDetailList - <==      Total: 8
08:35:17.526 [http-nio-8080-exec-2] DEBUG c.s.s.c.d.l.D.getDetectionDetailCount - ==>  Preparing: SELECT COUNT(*) CNT FROM (SELECT AD.*, AI.ATTACK_NAME , (SELECT AS_NAME FROM ATTACK_SEVERITY_INFO WHERE AS_ID = AI.AS_ID) AS AS_NAME , (SELECT AC_NAME FROM ATTACK_CLASSIFICATION_INFO WHERE AC_ID = AI.AC_ID) AS AC_NAME , (SELECT SOLUTION FROM ATTACK_MITIGATION_INFO WHERE AM_ID = AI.AM_ID) AM_DESC FROM ATTACK_DETECTION_LOG AD LEFT JOIN ATTACK_INFO AI ON AD.ATTACK_ID = AI.ATTACK_ID) ADL2 
08:35:17.527 [http-nio-8080-exec-2] DEBUG c.s.s.c.d.l.D.getDetectionDetailCount - ==> Parameters: 
08:35:17.527 [http-nio-8080-exec-5] DEBUG c.s.s.c.d.l.D.getDetectionDetailList - <==      Total: 8
08:35:17.527 [http-nio-8080-exec-5] DEBUG c.s.s.c.d.l.D.getDetectionDetailCount - ==>  Preparing: SELECT COUNT(*) CNT FROM (SELECT AD.*, AI.ATTACK_NAME , (SELECT AS_NAME FROM ATTACK_SEVERITY_INFO WHERE AS_ID = AI.AS_ID) AS AS_NAME , (SELECT AC_NAME FROM ATTACK_CLASSIFICATION_INFO WHERE AC_ID = AI.AC_ID) AS AC_NAME , (SELECT SOLUTION FROM ATTACK_MITIGATION_INFO WHERE AM_ID = AI.AM_ID) AM_DESC FROM ATTACK_DETECTION_LOG AD LEFT JOIN ATTACK_INFO AI ON AD.ATTACK_ID = AI.ATTACK_ID) ADL2 
08:35:17.527 [http-nio-8080-exec-5] DEBUG c.s.s.c.d.l.D.getDetectionDetailCount - ==> Parameters: 
08:35:17.529 [http-nio-8080-exec-2] DEBUG c.s.s.c.d.l.D.getDetectionDetailCount - <==      Total: 1
08:35:17.530 [http-nio-8080-exec-5] DEBUG c.s.s.c.d.l.D.getDetectionDetailCount - <==      Total: 1
08:36:14.245 [http-nio-8080-exec-3] INFO  c.s.s.a.controller.AuthController - /sdashboard/UserData [userId=1, logonName=admin, logonPwd=*4ACFE3202A5FF5CF467898FC58AAB1D615029441, userType=1, email=admin@soteria-sys.com, contact=01011112222, lastAccIp=172.26.0.1, lastAccDate=Fri Mar 19 17:03:51 UTC 2021, token=null, retryCnt=0, lastPassModDate=Fri Mar 19 17:03:51 UTC 2021, userName=시큐리티어드민 사용자, initPassYn=Y, useYn=Y, allowedIps=[], modUser=0, modDate=null, userTypeName=null, status=null, sbbList=[]]
08:36:14.248 [http-nio-8080-exec-3] DEBUG c.s.s.c.d.s.S.getConfData - ==>  Preparing: SELECT CONF_ID , CONF_NAME , CONF_VALUE , OTHER_NAME , UNIT , MOD_USER , MOD_DATE FROM SYSTEM_CONFIG WHERE CONF_NAME = ? 
08:36:14.248 [http-nio-8080-exec-3] DEBUG c.s.s.c.d.s.S.getConfData - ==> Parameters: REFRESH_RATE(String)
08:36:14.250 [http-nio-8080-exec-3] DEBUG c.s.s.c.d.s.S.getConfData - <==      Total: 1
08:36:14.715 [http-nio-8080-exec-1] DEBUG c.s.s.c.d.l.D.getDetectionClassificationToday - ==>  Preparing: SELECT LOG_ID, ATTACK_TIME, DATE(ATTACK_TIME) AS DATEORD, HOUR(ATTACK_TIME) AS HOURORD, COUNT(AC_ID) AS CNT, AC_ID, (SELECT AC_NAME FROM ATTACK_CLASSIFICATION_INFO ACI WHERE ACI.AC_ID=AI.AC_ID) AS AC_NAME FROM ATTACK_DETECTION_LOG LOG LEFT JOIN ATTACK_INFO AI ON LOG.ATTACK_ID = AI.ATTACK_ID GROUP BY AC_ID, DATEORD, HOURORD ORDER BY ATTACK_TIME DESC LIMIT 30; 
08:36:14.715 [http-nio-8080-exec-1] DEBUG c.s.s.c.d.l.D.getDetectionClassificationToday - ==> Parameters: 
08:36:14.717 [http-nio-8080-exec-1] DEBUG c.s.s.c.d.l.D.getDetectionClassificationToday - <==      Total: 12
08:36:14.774 [http-nio-8080-exec-8] DEBUG c.s.s.c.d.l.D.getAttackTypeTop5 - ==>  Preparing: SELECT CNT, (SELECT ATTACK_NAME FROM ATTACK_INFO WHERE ATTACK_ID = ADL.ATTACK_ID ) AS ATTACK_NAME FROM ( SELECT COUNT(*) CNT, ATTACK_ID FROM ATTACK_DETECTION_LOG GROUP BY ATTACK_ID ORDER BY CNT DESC LIMIT 5 ) AS ADL 
08:36:14.774 [http-nio-8080-exec-8] DEBUG c.s.s.c.d.l.D.getAttackTypeTop5 - ==> Parameters: 
08:36:14.776 [http-nio-8080-exec-8] DEBUG c.s.s.c.d.l.D.getAttackTypeTop5 - <==      Total: 5
08:36:14.847 [http-nio-8080-exec-9] DEBUG c.s.s.c.d.l.D.getSeverityDetectionStatus - ==>  Preparing: SELECT AS_ID, COUNT(AS_ID) as TOTAL FROM ATTACK_DETECTION_LOG LOG LEFT JOIN ATTACK_INFO AI ON LOG.ATTACK_ID = AI.ATTACK_ID GROUP BY AS_ID ORDER BY AS_ID ASC; 
08:36:14.847 [http-nio-8080-exec-9] DEBUG c.s.s.c.d.l.D.getSeverityDetectionStatus - ==> Parameters: 
08:36:14.849 [http-nio-8080-exec-9] DEBUG c.s.s.c.d.l.D.getSeverityDetectionStatus - <==      Total: 3
08:36:14.930 [http-nio-8080-exec-10] DEBUG c.s.s.c.d.l.D.getDetectionDetailListForScroller - ==>  Preparing: SELECT * FROM (SELECT AD.*, AI.ATTACK_NAME , (SELECT AS_NAME FROM ATTACK_SEVERITY_INFO WHERE AS_ID = AI.AS_ID) AS AS_NAME , (SELECT AC_NAME FROM ATTACK_CLASSIFICATION_INFO WHERE AC_ID = AI.AC_ID) AS AC_NAME , (SELECT SOLUTION FROM ATTACK_MITIGATION_INFO WHERE AM_ID = AI.AM_ID) AM_DESC , IFNULL((SELECT PROTCOL_NAME FROM ATTACK_KNOWN_PORT WHERE PORT_NUM = DST_PORT), '') AS dstProtocolName FROM ATTACK_DETECTION_LOG AD LEFT JOIN ATTACK_INFO AI ON AD.ATTACK_ID = AI.ATTACK_ID) ADL2 ORDER BY ADL2.ATTACK_TIME DESC LIMIT 0, 117 
08:36:14.931 [http-nio-8080-exec-10] DEBUG c.s.s.c.d.l.D.getDetectionDetailListForScroller - ==> Parameters: 
08:36:14.936 [http-nio-8080-exec-10] DEBUG c.s.s.c.d.l.D.getDetectionDetailListForScroller - <==      Total: 35
08:36:25.718 [http-nio-8080-exec-1] DEBUG c.s.s.c.d.l.D.getDetectionDetailList - ==>  Preparing: SELECT * FROM (SELECT AD.*, AI.ATTACK_NAME , (SELECT AS_NAME FROM ATTACK_SEVERITY_INFO WHERE AS_ID = AI.AS_ID) AS AS_NAME , (SELECT AC_NAME FROM ATTACK_CLASSIFICATION_INFO WHERE AC_ID = AI.AC_ID) AS AC_NAME , (SELECT SOLUTION FROM ATTACK_MITIGATION_INFO WHERE AM_ID = AI.AM_ID) AM_DESC , IFNULL((SELECT PROTCOL_NAME FROM ATTACK_KNOWN_PORT WHERE PORT_NUM = DST_PORT), '') AS dstProtocolName FROM ATTACK_DETECTION_LOG AD LEFT JOIN ATTACK_INFO AI ON AD.ATTACK_ID = AI.ATTACK_ID) ADL2 ORDER BY ADL2.ATTACK_TIME DESC LIMIT 0, 8 
08:36:25.718 [http-nio-8080-exec-1] DEBUG c.s.s.c.d.l.D.getDetectionDetailList - ==> Parameters: 
08:36:25.720 [http-nio-8080-exec-8] DEBUG c.s.s.c.d.l.D.getDetectionDetailList - ==>  Preparing: SELECT * FROM (SELECT AD.*, AI.ATTACK_NAME , (SELECT AS_NAME FROM ATTACK_SEVERITY_INFO WHERE AS_ID = AI.AS_ID) AS AS_NAME , (SELECT AC_NAME FROM ATTACK_CLASSIFICATION_INFO WHERE AC_ID = AI.AC_ID) AS AC_NAME , (SELECT SOLUTION FROM ATTACK_MITIGATION_INFO WHERE AM_ID = AI.AM_ID) AM_DESC , IFNULL((SELECT PROTCOL_NAME FROM ATTACK_KNOWN_PORT WHERE PORT_NUM = DST_PORT), '') AS dstProtocolName FROM ATTACK_DETECTION_LOG AD LEFT JOIN ATTACK_INFO AI ON AD.ATTACK_ID = AI.ATTACK_ID) ADL2 ORDER BY ADL2.ATTACK_TIME DESC LIMIT 0, 8 
08:36:25.720 [http-nio-8080-exec-1] DEBUG c.s.s.c.d.l.D.getDetectionDetailList - <==      Total: 8
08:36:25.721 [http-nio-8080-exec-8] DEBUG c.s.s.c.d.l.D.getDetectionDetailList - ==> Parameters: 
08:36:25.721 [http-nio-8080-exec-1] DEBUG c.s.s.c.d.l.D.getDetectionDetailCount - ==>  Preparing: SELECT COUNT(*) CNT FROM (SELECT AD.*, AI.ATTACK_NAME , (SELECT AS_NAME FROM ATTACK_SEVERITY_INFO WHERE AS_ID = AI.AS_ID) AS AS_NAME , (SELECT AC_NAME FROM ATTACK_CLASSIFICATION_INFO WHERE AC_ID = AI.AC_ID) AS AC_NAME , (SELECT SOLUTION FROM ATTACK_MITIGATION_INFO WHERE AM_ID = AI.AM_ID) AM_DESC FROM ATTACK_DETECTION_LOG AD LEFT JOIN ATTACK_INFO AI ON AD.ATTACK_ID = AI.ATTACK_ID) ADL2 
08:36:25.721 [http-nio-8080-exec-1] DEBUG c.s.s.c.d.l.D.getDetectionDetailCount - ==> Parameters: 
08:36:25.722 [http-nio-8080-exec-1] DEBUG c.s.s.c.d.l.D.getDetectionDetailCount - <==      Total: 1
08:36:25.723 [http-nio-8080-exec-8] DEBUG c.s.s.c.d.l.D.getDetectionDetailList - <==      Total: 8
08:36:25.723 [http-nio-8080-exec-8] DEBUG c.s.s.c.d.l.D.getDetectionDetailCount - ==>  Preparing: SELECT COUNT(*) CNT FROM (SELECT AD.*, AI.ATTACK_NAME , (SELECT AS_NAME FROM ATTACK_SEVERITY_INFO WHERE AS_ID = AI.AS_ID) AS AS_NAME , (SELECT AC_NAME FROM ATTACK_CLASSIFICATION_INFO WHERE AC_ID = AI.AC_ID) AS AC_NAME , (SELECT SOLUTION FROM ATTACK_MITIGATION_INFO WHERE AM_ID = AI.AM_ID) AM_DESC FROM ATTACK_DETECTION_LOG AD LEFT JOIN ATTACK_INFO AI ON AD.ATTACK_ID = AI.ATTACK_ID) ADL2 
08:36:25.723 [http-nio-8080-exec-8] DEBUG c.s.s.c.d.l.D.getDetectionDetailCount - ==> Parameters: 
08:36:25.725 [http-nio-8080-exec-8] DEBUG c.s.s.c.d.l.D.getDetectionDetailCount - <==      Total: 1
08:45:57.791 [http-nio-8080-exec-5] INFO  c.s.s.a.controller.AuthController - /sdashboard/UserData [userId=1, logonName=admin, logonPwd=*4ACFE3202A5FF5CF467898FC58AAB1D615029441, userType=1, email=admin@soteria-sys.com, contact=01011112222, lastAccIp=172.26.0.1, lastAccDate=Fri Mar 19 17:03:51 UTC 2021, token=null, retryCnt=0, lastPassModDate=Fri Mar 19 17:03:51 UTC 2021, userName=시큐리티어드민 사용자, initPassYn=Y, useYn=Y, allowedIps=[], modUser=0, modDate=null, userTypeName=null, status=null, sbbList=[]]
08:45:57.804 [http-nio-8080-exec-5] DEBUG c.s.s.c.d.s.S.getConfData - ==>  Preparing: SELECT CONF_ID , CONF_NAME , CONF_VALUE , OTHER_NAME , UNIT , MOD_USER , MOD_DATE FROM SYSTEM_CONFIG WHERE CONF_NAME = ? 
08:45:57.805 [http-nio-8080-exec-5] DEBUG c.s.s.c.d.s.S.getConfData - ==> Parameters: REFRESH_RATE(String)
08:45:57.807 [http-nio-8080-exec-5] DEBUG c.s.s.c.d.s.S.getConfData - <==      Total: 1
08:45:58.439 [http-nio-8080-exec-1] DEBUG c.s.s.c.d.l.D.getDetectionClassificationToday - ==>  Preparing: SELECT LOG_ID, ATTACK_TIME, DATE(ATTACK_TIME) AS DATEORD, HOUR(ATTACK_TIME) AS HOURORD, COUNT(AC_ID) AS CNT, AC_ID, (SELECT AC_NAME FROM ATTACK_CLASSIFICATION_INFO ACI WHERE ACI.AC_ID=AI.AC_ID) AS AC_NAME FROM ATTACK_DETECTION_LOG LOG LEFT JOIN ATTACK_INFO AI ON LOG.ATTACK_ID = AI.ATTACK_ID GROUP BY AC_ID, DATEORD, HOURORD ORDER BY ATTACK_TIME DESC LIMIT 30; 
08:45:58.439 [http-nio-8080-exec-1] DEBUG c.s.s.c.d.l.D.getDetectionClassificationToday - ==> Parameters: 
08:45:58.441 [http-nio-8080-exec-1] DEBUG c.s.s.c.d.l.D.getDetectionClassificationToday - <==      Total: 12
08:45:58.603 [http-nio-8080-exec-8] DEBUG c.s.s.c.d.l.D.getAttackTypeTop5 - ==>  Preparing: SELECT CNT, (SELECT ATTACK_NAME FROM ATTACK_INFO WHERE ATTACK_ID = ADL.ATTACK_ID ) AS ATTACK_NAME FROM ( SELECT COUNT(*) CNT, ATTACK_ID FROM ATTACK_DETECTION_LOG GROUP BY ATTACK_ID ORDER BY CNT DESC LIMIT 5 ) AS ADL 
08:45:58.603 [http-nio-8080-exec-8] DEBUG c.s.s.c.d.l.D.getAttackTypeTop5 - ==> Parameters: 
08:45:58.607 [http-nio-8080-exec-8] DEBUG c.s.s.c.d.l.D.getAttackTypeTop5 - <==      Total: 5
08:45:58.680 [http-nio-8080-exec-9] DEBUG c.s.s.c.d.l.D.getSeverityDetectionStatus - ==>  Preparing: SELECT AS_ID, COUNT(AS_ID) as TOTAL FROM ATTACK_DETECTION_LOG LOG LEFT JOIN ATTACK_INFO AI ON LOG.ATTACK_ID = AI.ATTACK_ID GROUP BY AS_ID ORDER BY AS_ID ASC; 
08:45:58.681 [http-nio-8080-exec-9] DEBUG c.s.s.c.d.l.D.getSeverityDetectionStatus - ==> Parameters: 
08:45:58.684 [http-nio-8080-exec-9] DEBUG c.s.s.c.d.l.D.getSeverityDetectionStatus - <==      Total: 3
08:45:58.778 [http-nio-8080-exec-10] DEBUG c.s.s.c.d.l.D.getDetectionDetailListForScroller - ==>  Preparing: SELECT * FROM (SELECT AD.*, AI.ATTACK_NAME , (SELECT AS_NAME FROM ATTACK_SEVERITY_INFO WHERE AS_ID = AI.AS_ID) AS AS_NAME , (SELECT AC_NAME FROM ATTACK_CLASSIFICATION_INFO WHERE AC_ID = AI.AC_ID) AS AC_NAME , (SELECT SOLUTION FROM ATTACK_MITIGATION_INFO WHERE AM_ID = AI.AM_ID) AM_DESC , IFNULL((SELECT PROTCOL_NAME FROM ATTACK_KNOWN_PORT WHERE PORT_NUM = DST_PORT), '') AS dstProtocolName FROM ATTACK_DETECTION_LOG AD LEFT JOIN ATTACK_INFO AI ON AD.ATTACK_ID = AI.ATTACK_ID) ADL2 ORDER BY ADL2.ATTACK_TIME DESC LIMIT 0, 117 
08:45:58.779 [http-nio-8080-exec-10] DEBUG c.s.s.c.d.l.D.getDetectionDetailListForScroller - ==> Parameters: 
08:45:58.787 [http-nio-8080-exec-10] DEBUG c.s.s.c.d.l.D.getDetectionDetailListForScroller - <==      Total: 35
08:48:55.383 [http-nio-8080-exec-1] DEBUG c.s.s.c.d.l.A.getAttackInfoByAttackId - ==>  Preparing: SELECT * FROM ATTACK_INFO WHERE ATTACK_ID = ? 
08:48:55.384 [http-nio-8080-exec-1] DEBUG c.s.s.c.d.l.A.getAttackInfoByAttackId - ==> Parameters: ATTACK_17(String)
08:48:55.388 [http-nio-8080-exec-1] DEBUG c.s.s.c.d.l.A.getAttackInfoByAttackId - <==      Total: 1
08:48:55.388 [http-nio-8080-exec-1] DEBUG c.s.s.c.d.logs.IDGenMapper.getNextId - ==>  Preparing: SELECT NEXT_ID FROM ATTACK_IDS WHERE NAME = ? 
08:48:55.388 [http-nio-8080-exec-1] DEBUG c.s.s.c.d.logs.IDGenMapper.getNextId - ==> Parameters: LOG_(String)
08:48:55.390 [http-nio-8080-exec-1] DEBUG c.s.s.c.d.logs.IDGenMapper.getNextId - <==      Total: 1
08:48:55.390 [http-nio-8080-exec-1] DEBUG c.s.s.c.d.l.D.selectAlertType - ==>  Preparing: SELECT ID , PUSH , EMAIL , SMS , AS_ID , (SELECT AS_NAME FROM ATTACK_SEVERITY_INFO ASI WHERE ASI.AS_ID = AAS.AS_ID) AS SEVERITY_LEVEL FROM ATTACK_ALERT_SETTING AAS 
08:48:55.390 [http-nio-8080-exec-1] DEBUG c.s.s.c.d.l.D.selectAlertType - ==> Parameters: 
08:48:55.392 [http-nio-8080-exec-1] DEBUG c.s.s.c.d.l.D.selectAlertType - <==      Total: 1
08:48:55.394 [http-nio-8080-exec-1] DEBUG c.s.s.c.d.l.D.saveAttackDetectionLog - ==>  Preparing: INSERT INTO ATTACK_DETECTION_LOG ( `LOG_ID` , `ATTACK_ID` , `PROTOCOL` , `SRC_IP` , `DST_IP` , `DST_PORT` , `ATTACK_TIME` , `PAYLOAD` ) VALUES ( ? , ? , ? , ? , ? , ? , ? , ? ) 
08:48:55.394 [http-nio-8080-exec-1] DEBUG c.s.s.c.d.l.D.saveAttackDetectionLog - ==> Parameters: LOG_53(String), ATTACK_17(String), TCP(String), 192.168.95.1(String), 192.168.95.138(String), 443(Integer), 20210217181326(String), ['/vulTest/add_bbs.do', 'text/html,application/xhtml+xml,application/xml;q=0.9,image/webp,image/apng,*/*;q=0.8', '[EMAIL=admin]', '[<script>alert(dowcument.cookie);</script>]'](String)
08:48:55.395 [http-nio-8080-exec-1] DEBUG c.s.s.c.d.l.D.saveAttackDetectionLog - <==    Updates: 1
08:48:55.405 [http-nio-8080-exec-1] DEBUG c.s.s.c.d.l.IDGenMapper.updateNextId - ==>  Preparing: UPDATE ATTACK_IDS SET NEXT_ID = NEXT_ID + 1 WHERE NAME = ? 
08:48:55.405 [http-nio-8080-exec-1] DEBUG c.s.s.c.d.l.IDGenMapper.updateNextId - ==> Parameters: LOG_(String)
08:48:55.409 [http-nio-8080-exec-1] DEBUG c.s.s.c.d.l.IDGenMapper.updateNextId - <==    Updates: 1
08:48:55.418 [http-nio-8080-exec-8] DEBUG c.s.s.c.d.l.D.getDetectionDetailListForScroller - ==>  Preparing: SELECT * FROM (SELECT AD.*, AI.ATTACK_NAME , (SELECT AS_NAME FROM ATTACK_SEVERITY_INFO WHERE AS_ID = AI.AS_ID) AS AS_NAME , (SELECT AC_NAME FROM ATTACK_CLASSIFICATION_INFO WHERE AC_ID = AI.AC_ID) AS AC_NAME , (SELECT SOLUTION FROM ATTACK_MITIGATION_INFO WHERE AM_ID = AI.AM_ID) AM_DESC , IFNULL((SELECT PROTCOL_NAME FROM ATTACK_KNOWN_PORT WHERE PORT_NUM = DST_PORT), '') AS dstProtocolName FROM ATTACK_DETECTION_LOG AD LEFT JOIN ATTACK_INFO AI ON AD.ATTACK_ID = AI.ATTACK_ID) ADL2 ORDER BY ADL2.ATTACK_TIME DESC LIMIT 0, 81 
08:48:55.418 [http-nio-8080-exec-8] DEBUG c.s.s.c.d.l.D.getDetectionDetailListForScroller - ==> Parameters: 
08:48:55.423 [http-nio-8080-exec-8] DEBUG c.s.s.c.d.l.D.getDetectionDetailListForScroller - <==      Total: 36
08:48:55.423 [http-nio-8080-exec-9] DEBUG c.s.s.c.d.l.D.getDetectionDetailListForScroller - ==>  Preparing: SELECT * FROM (SELECT AD.*, AI.ATTACK_NAME , (SELECT AS_NAME FROM ATTACK_SEVERITY_INFO WHERE AS_ID = AI.AS_ID) AS AS_NAME , (SELECT AC_NAME FROM ATTACK_CLASSIFICATION_INFO WHERE AC_ID = AI.AC_ID) AS AC_NAME , (SELECT SOLUTION FROM ATTACK_MITIGATION_INFO WHERE AM_ID = AI.AM_ID) AM_DESC , IFNULL((SELECT PROTCOL_NAME FROM ATTACK_KNOWN_PORT WHERE PORT_NUM = DST_PORT), '') AS dstProtocolName FROM ATTACK_DETECTION_LOG AD LEFT JOIN ATTACK_INFO AI ON AD.ATTACK_ID = AI.ATTACK_ID) ADL2 ORDER BY ADL2.ATTACK_TIME DESC LIMIT 0, 81 
08:48:55.423 [http-nio-8080-exec-9] DEBUG c.s.s.c.d.l.D.getDetectionDetailListForScroller - ==> Parameters: 
08:48:55.428 [http-nio-8080-exec-9] DEBUG c.s.s.c.d.l.D.getDetectionDetailListForScroller - <==      Total: 36
08:49:01.461 [http-nio-8080-exec-7] DEBUG c.s.s.c.d.l.D.getDetectionDetailList - ==>  Preparing: SELECT * FROM (SELECT AD.*, AI.ATTACK_NAME , (SELECT AS_NAME FROM ATTACK_SEVERITY_INFO WHERE AS_ID = AI.AS_ID) AS AS_NAME , (SELECT AC_NAME FROM ATTACK_CLASSIFICATION_INFO WHERE AC_ID = AI.AC_ID) AS AC_NAME , (SELECT SOLUTION FROM ATTACK_MITIGATION_INFO WHERE AM_ID = AI.AM_ID) AM_DESC , IFNULL((SELECT PROTCOL_NAME FROM ATTACK_KNOWN_PORT WHERE PORT_NUM = DST_PORT), '') AS dstProtocolName FROM ATTACK_DETECTION_LOG AD LEFT JOIN ATTACK_INFO AI ON AD.ATTACK_ID = AI.ATTACK_ID) ADL2 ORDER BY ADL2.ATTACK_TIME DESC LIMIT 0, 8 
08:49:01.461 [http-nio-8080-exec-7] DEBUG c.s.s.c.d.l.D.getDetectionDetailList - ==> Parameters: 
08:49:01.462 [http-nio-8080-exec-3] DEBUG c.s.s.c.d.l.D.getDetectionDetailList - ==>  Preparing: SELECT * FROM (SELECT AD.*, AI.ATTACK_NAME , (SELECT AS_NAME FROM ATTACK_SEVERITY_INFO WHERE AS_ID = AI.AS_ID) AS AS_NAME , (SELECT AC_NAME FROM ATTACK_CLASSIFICATION_INFO WHERE AC_ID = AI.AC_ID) AS AC_NAME , (SELECT SOLUTION FROM ATTACK_MITIGATION_INFO WHERE AM_ID = AI.AM_ID) AM_DESC , IFNULL((SELECT PROTCOL_NAME FROM ATTACK_KNOWN_PORT WHERE PORT_NUM = DST_PORT), '') AS dstProtocolName FROM ATTACK_DETECTION_LOG AD LEFT JOIN ATTACK_INFO AI ON AD.ATTACK_ID = AI.ATTACK_ID) ADL2 ORDER BY ADL2.ATTACK_TIME DESC LIMIT 0, 8 
08:49:01.462 [http-nio-8080-exec-3] DEBUG c.s.s.c.d.l.D.getDetectionDetailList - ==> Parameters: 
08:49:01.469 [http-nio-8080-exec-7] DEBUG c.s.s.c.d.l.D.getDetectionDetailList - <==      Total: 8
08:49:01.469 [http-nio-8080-exec-3] DEBUG c.s.s.c.d.l.D.getDetectionDetailList - <==      Total: 8
08:49:01.470 [http-nio-8080-exec-3] DEBUG c.s.s.c.d.l.D.getDetectionDetailCount - ==>  Preparing: SELECT COUNT(*) CNT FROM (SELECT AD.*, AI.ATTACK_NAME , (SELECT AS_NAME FROM ATTACK_SEVERITY_INFO WHERE AS_ID = AI.AS_ID) AS AS_NAME , (SELECT AC_NAME FROM ATTACK_CLASSIFICATION_INFO WHERE AC_ID = AI.AC_ID) AS AC_NAME , (SELECT SOLUTION FROM ATTACK_MITIGATION_INFO WHERE AM_ID = AI.AM_ID) AM_DESC FROM ATTACK_DETECTION_LOG AD LEFT JOIN ATTACK_INFO AI ON AD.ATTACK_ID = AI.ATTACK_ID) ADL2 
08:49:01.470 [http-nio-8080-exec-7] DEBUG c.s.s.c.d.l.D.getDetectionDetailCount - ==>  Preparing: SELECT COUNT(*) CNT FROM (SELECT AD.*, AI.ATTACK_NAME , (SELECT AS_NAME FROM ATTACK_SEVERITY_INFO WHERE AS_ID = AI.AS_ID) AS AS_NAME , (SELECT AC_NAME FROM ATTACK_CLASSIFICATION_INFO WHERE AC_ID = AI.AC_ID) AS AC_NAME , (SELECT SOLUTION FROM ATTACK_MITIGATION_INFO WHERE AM_ID = AI.AM_ID) AM_DESC FROM ATTACK_DETECTION_LOG AD LEFT JOIN ATTACK_INFO AI ON AD.ATTACK_ID = AI.ATTACK_ID) ADL2 
08:49:01.470 [http-nio-8080-exec-3] DEBUG c.s.s.c.d.l.D.getDetectionDetailCount - ==> Parameters: 
08:49:01.471 [http-nio-8080-exec-7] DEBUG c.s.s.c.d.l.D.getDetectionDetailCount - ==> Parameters: 
08:49:01.474 [http-nio-8080-exec-7] DEBUG c.s.s.c.d.l.D.getDetectionDetailCount - <==      Total: 1
08:49:01.474 [http-nio-8080-exec-3] DEBUG c.s.s.c.d.l.D.getDetectionDetailCount - <==      Total: 1
08:49:16.348 [http-nio-8080-exec-10] INFO  c.s.s.a.controller.AuthController - /sdashboard/UserData [userId=1, logonName=admin, logonPwd=*4ACFE3202A5FF5CF467898FC58AAB1D615029441, userType=1, email=admin@soteria-sys.com, contact=01011112222, lastAccIp=172.26.0.1, lastAccDate=Fri Mar 19 17:03:51 UTC 2021, token=null, retryCnt=0, lastPassModDate=Fri Mar 19 17:03:51 UTC 2021, userName=시큐리티어드민 사용자, initPassYn=Y, useYn=Y, allowedIps=[], modUser=0, modDate=null, userTypeName=null, status=null, sbbList=[]]
08:49:16.356 [http-nio-8080-exec-10] DEBUG c.s.s.c.d.s.S.getConfData - ==>  Preparing: SELECT CONF_ID , CONF_NAME , CONF_VALUE , OTHER_NAME , UNIT , MOD_USER , MOD_DATE FROM SYSTEM_CONFIG WHERE CONF_NAME = ? 
08:49:16.356 [http-nio-8080-exec-10] DEBUG c.s.s.c.d.s.S.getConfData - ==> Parameters: REFRESH_RATE(String)
08:49:16.360 [http-nio-8080-exec-10] DEBUG c.s.s.c.d.s.S.getConfData - <==      Total: 1
08:49:16.907 [http-nio-8080-exec-6] DEBUG c.s.s.c.d.l.D.getDetectionClassificationToday - ==>  Preparing: SELECT LOG_ID, ATTACK_TIME, DATE(ATTACK_TIME) AS DATEORD, HOUR(ATTACK_TIME) AS HOURORD, COUNT(AC_ID) AS CNT, AC_ID, (SELECT AC_NAME FROM ATTACK_CLASSIFICATION_INFO ACI WHERE ACI.AC_ID=AI.AC_ID) AS AC_NAME FROM ATTACK_DETECTION_LOG LOG LEFT JOIN ATTACK_INFO AI ON LOG.ATTACK_ID = AI.ATTACK_ID GROUP BY AC_ID, DATEORD, HOURORD ORDER BY ATTACK_TIME DESC LIMIT 30; 
08:49:16.907 [http-nio-8080-exec-6] DEBUG c.s.s.c.d.l.D.getDetectionClassificationToday - ==> Parameters: 
08:49:16.909 [http-nio-8080-exec-6] DEBUG c.s.s.c.d.l.D.getDetectionClassificationToday - <==      Total: 13
08:49:17.055 [http-nio-8080-exec-2] DEBUG c.s.s.c.d.l.D.getAttackTypeTop5 - ==>  Preparing: SELECT CNT, (SELECT ATTACK_NAME FROM ATTACK_INFO WHERE ATTACK_ID = ADL.ATTACK_ID ) AS ATTACK_NAME FROM ( SELECT COUNT(*) CNT, ATTACK_ID FROM ATTACK_DETECTION_LOG GROUP BY ATTACK_ID ORDER BY CNT DESC LIMIT 5 ) AS ADL 
08:49:17.056 [http-nio-8080-exec-2] DEBUG c.s.s.c.d.l.D.getAttackTypeTop5 - ==> Parameters: 
08:49:17.064 [http-nio-8080-exec-2] DEBUG c.s.s.c.d.l.D.getAttackTypeTop5 - <==      Total: 5
08:49:17.140 [http-nio-8080-exec-3] DEBUG c.s.s.c.d.l.D.getSeverityDetectionStatus - ==>  Preparing: SELECT AS_ID, COUNT(AS_ID) as TOTAL FROM ATTACK_DETECTION_LOG LOG LEFT JOIN ATTACK_INFO AI ON LOG.ATTACK_ID = AI.ATTACK_ID GROUP BY AS_ID ORDER BY AS_ID ASC; 
08:49:17.140 [http-nio-8080-exec-3] DEBUG c.s.s.c.d.l.D.getSeverityDetectionStatus - ==> Parameters: 
08:49:17.142 [http-nio-8080-exec-3] DEBUG c.s.s.c.d.l.D.getSeverityDetectionStatus - <==      Total: 3
08:49:17.227 [http-nio-8080-exec-7] DEBUG c.s.s.c.d.l.D.getDetectionDetailListForScroller - ==>  Preparing: SELECT * FROM (SELECT AD.*, AI.ATTACK_NAME , (SELECT AS_NAME FROM ATTACK_SEVERITY_INFO WHERE AS_ID = AI.AS_ID) AS AS_NAME , (SELECT AC_NAME FROM ATTACK_CLASSIFICATION_INFO WHERE AC_ID = AI.AC_ID) AS AC_NAME , (SELECT SOLUTION FROM ATTACK_MITIGATION_INFO WHERE AM_ID = AI.AM_ID) AM_DESC , IFNULL((SELECT PROTCOL_NAME FROM ATTACK_KNOWN_PORT WHERE PORT_NUM = DST_PORT), '') AS dstProtocolName FROM ATTACK_DETECTION_LOG AD LEFT JOIN ATTACK_INFO AI ON AD.ATTACK_ID = AI.ATTACK_ID) ADL2 ORDER BY ADL2.ATTACK_TIME DESC LIMIT 0, 117 
08:49:17.228 [http-nio-8080-exec-7] DEBUG c.s.s.c.d.l.D.getDetectionDetailListForScroller - ==> Parameters: 
08:49:17.233 [http-nio-8080-exec-7] DEBUG c.s.s.c.d.l.D.getDetectionDetailListForScroller - <==      Total: 36
08:51:42.205 [http-nio-8080-exec-5] DEBUG c.s.s.c.d.l.D.getDetectionDetailList - ==>  Preparing: SELECT * FROM (SELECT AD.*, AI.ATTACK_NAME , (SELECT AS_NAME FROM ATTACK_SEVERITY_INFO WHERE AS_ID = AI.AS_ID) AS AS_NAME , (SELECT AC_NAME FROM ATTACK_CLASSIFICATION_INFO WHERE AC_ID = AI.AC_ID) AS AC_NAME , (SELECT SOLUTION FROM ATTACK_MITIGATION_INFO WHERE AM_ID = AI.AM_ID) AM_DESC , IFNULL((SELECT PROTCOL_NAME FROM ATTACK_KNOWN_PORT WHERE PORT_NUM = DST_PORT), '') AS dstProtocolName FROM ATTACK_DETECTION_LOG AD LEFT JOIN ATTACK_INFO AI ON AD.ATTACK_ID = AI.ATTACK_ID) ADL2 ORDER BY ADL2.ATTACK_TIME DESC LIMIT 0, 8 
08:51:42.205 [http-nio-8080-exec-7] DEBUG c.s.s.c.d.l.D.getDetectionDetailList - ==>  Preparing: SELECT * FROM (SELECT AD.*, AI.ATTACK_NAME , (SELECT AS_NAME FROM ATTACK_SEVERITY_INFO WHERE AS_ID = AI.AS_ID) AS AS_NAME , (SELECT AC_NAME FROM ATTACK_CLASSIFICATION_INFO WHERE AC_ID = AI.AC_ID) AS AC_NAME , (SELECT SOLUTION FROM ATTACK_MITIGATION_INFO WHERE AM_ID = AI.AM_ID) AM_DESC , IFNULL((SELECT PROTCOL_NAME FROM ATTACK_KNOWN_PORT WHERE PORT_NUM = DST_PORT), '') AS dstProtocolName FROM ATTACK_DETECTION_LOG AD LEFT JOIN ATTACK_INFO AI ON AD.ATTACK_ID = AI.ATTACK_ID) ADL2 ORDER BY ADL2.ATTACK_TIME DESC LIMIT 0, 8 
08:51:42.205 [http-nio-8080-exec-5] DEBUG c.s.s.c.d.l.D.getDetectionDetailList - ==> Parameters: 
08:51:42.205 [http-nio-8080-exec-7] DEBUG c.s.s.c.d.l.D.getDetectionDetailList - ==> Parameters: 
08:51:42.208 [http-nio-8080-exec-7] DEBUG c.s.s.c.d.l.D.getDetectionDetailList - <==      Total: 8
08:51:42.208 [http-nio-8080-exec-5] DEBUG c.s.s.c.d.l.D.getDetectionDetailList - <==      Total: 8
08:51:42.209 [http-nio-8080-exec-5] DEBUG c.s.s.c.d.l.D.getDetectionDetailCount - ==>  Preparing: SELECT COUNT(*) CNT FROM (SELECT AD.*, AI.ATTACK_NAME , (SELECT AS_NAME FROM ATTACK_SEVERITY_INFO WHERE AS_ID = AI.AS_ID) AS AS_NAME , (SELECT AC_NAME FROM ATTACK_CLASSIFICATION_INFO WHERE AC_ID = AI.AC_ID) AS AC_NAME , (SELECT SOLUTION FROM ATTACK_MITIGATION_INFO WHERE AM_ID = AI.AM_ID) AM_DESC FROM ATTACK_DETECTION_LOG AD LEFT JOIN ATTACK_INFO AI ON AD.ATTACK_ID = AI.ATTACK_ID) ADL2 
08:51:42.209 [http-nio-8080-exec-7] DEBUG c.s.s.c.d.l.D.getDetectionDetailCount - ==>  Preparing: SELECT COUNT(*) CNT FROM (SELECT AD.*, AI.ATTACK_NAME , (SELECT AS_NAME FROM ATTACK_SEVERITY_INFO WHERE AS_ID = AI.AS_ID) AS AS_NAME , (SELECT AC_NAME FROM ATTACK_CLASSIFICATION_INFO WHERE AC_ID = AI.AC_ID) AS AC_NAME , (SELECT SOLUTION FROM ATTACK_MITIGATION_INFO WHERE AM_ID = AI.AM_ID) AM_DESC FROM ATTACK_DETECTION_LOG AD LEFT JOIN ATTACK_INFO AI ON AD.ATTACK_ID = AI.ATTACK_ID) ADL2 
08:51:42.209 [http-nio-8080-exec-5] DEBUG c.s.s.c.d.l.D.getDetectionDetailCount - ==> Parameters: 
08:51:42.209 [http-nio-8080-exec-7] DEBUG c.s.s.c.d.l.D.getDetectionDetailCount - ==> Parameters: 
08:51:42.211 [http-nio-8080-exec-7] DEBUG c.s.s.c.d.l.D.getDetectionDetailCount - <==      Total: 1
08:51:42.211 [http-nio-8080-exec-5] DEBUG c.s.s.c.d.l.D.getDetectionDetailCount - <==      Total: 1
08:58:24.181 [http-nio-8080-exec-7] DEBUG c.s.s.c.d.l.D.getDetectionDetailList - ==>  Preparing: SELECT * FROM (SELECT AD.*, AI.ATTACK_NAME , (SELECT AS_NAME FROM ATTACK_SEVERITY_INFO WHERE AS_ID = AI.AS_ID) AS AS_NAME , (SELECT AC_NAME FROM ATTACK_CLASSIFICATION_INFO WHERE AC_ID = AI.AC_ID) AS AC_NAME , (SELECT SOLUTION FROM ATTACK_MITIGATION_INFO WHERE AM_ID = AI.AM_ID) AM_DESC , IFNULL((SELECT PROTCOL_NAME FROM ATTACK_KNOWN_PORT WHERE PORT_NUM = DST_PORT), '') AS dstProtocolName FROM ATTACK_DETECTION_LOG AD LEFT JOIN ATTACK_INFO AI ON AD.ATTACK_ID = AI.ATTACK_ID) ADL2 ORDER BY ADL2.ATTACK_TIME DESC LIMIT 0, 8 
08:58:24.181 [http-nio-8080-exec-7] DEBUG c.s.s.c.d.l.D.getDetectionDetailList - ==> Parameters: 
08:58:24.183 [http-nio-8080-exec-9] DEBUG c.s.s.c.d.l.D.getDetectionDetailList - ==>  Preparing: SELECT * FROM (SELECT AD.*, AI.ATTACK_NAME , (SELECT AS_NAME FROM ATTACK_SEVERITY_INFO WHERE AS_ID = AI.AS_ID) AS AS_NAME , (SELECT AC_NAME FROM ATTACK_CLASSIFICATION_INFO WHERE AC_ID = AI.AC_ID) AS AC_NAME , (SELECT SOLUTION FROM ATTACK_MITIGATION_INFO WHERE AM_ID = AI.AM_ID) AM_DESC , IFNULL((SELECT PROTCOL_NAME FROM ATTACK_KNOWN_PORT WHERE PORT_NUM = DST_PORT), '') AS dstProtocolName FROM ATTACK_DETECTION_LOG AD LEFT JOIN ATTACK_INFO AI ON AD.ATTACK_ID = AI.ATTACK_ID) ADL2 ORDER BY ADL2.ATTACK_TIME DESC LIMIT 0, 8 
08:58:24.183 [http-nio-8080-exec-7] DEBUG c.s.s.c.d.l.D.getDetectionDetailList - <==      Total: 8
08:58:24.183 [http-nio-8080-exec-9] DEBUG c.s.s.c.d.l.D.getDetectionDetailList - ==> Parameters: 
08:58:24.184 [http-nio-8080-exec-7] DEBUG c.s.s.c.d.l.D.getDetectionDetailCount - ==>  Preparing: SELECT COUNT(*) CNT FROM (SELECT AD.*, AI.ATTACK_NAME , (SELECT AS_NAME FROM ATTACK_SEVERITY_INFO WHERE AS_ID = AI.AS_ID) AS AS_NAME , (SELECT AC_NAME FROM ATTACK_CLASSIFICATION_INFO WHERE AC_ID = AI.AC_ID) AS AC_NAME , (SELECT SOLUTION FROM ATTACK_MITIGATION_INFO WHERE AM_ID = AI.AM_ID) AM_DESC FROM ATTACK_DETECTION_LOG AD LEFT JOIN ATTACK_INFO AI ON AD.ATTACK_ID = AI.ATTACK_ID) ADL2 
08:58:24.184 [http-nio-8080-exec-7] DEBUG c.s.s.c.d.l.D.getDetectionDetailCount - ==> Parameters: 
08:58:24.185 [http-nio-8080-exec-7] DEBUG c.s.s.c.d.l.D.getDetectionDetailCount - <==      Total: 1
08:58:24.186 [http-nio-8080-exec-9] DEBUG c.s.s.c.d.l.D.getDetectionDetailList - <==      Total: 8
08:58:24.186 [http-nio-8080-exec-9] DEBUG c.s.s.c.d.l.D.getDetectionDetailCount - ==>  Preparing: SELECT COUNT(*) CNT FROM (SELECT AD.*, AI.ATTACK_NAME , (SELECT AS_NAME FROM ATTACK_SEVERITY_INFO WHERE AS_ID = AI.AS_ID) AS AS_NAME , (SELECT AC_NAME FROM ATTACK_CLASSIFICATION_INFO WHERE AC_ID = AI.AC_ID) AS AC_NAME , (SELECT SOLUTION FROM ATTACK_MITIGATION_INFO WHERE AM_ID = AI.AM_ID) AM_DESC FROM ATTACK_DETECTION_LOG AD LEFT JOIN ATTACK_INFO AI ON AD.ATTACK_ID = AI.ATTACK_ID) ADL2 
08:58:24.186 [http-nio-8080-exec-9] DEBUG c.s.s.c.d.l.D.getDetectionDetailCount - ==> Parameters: 
08:58:24.188 [http-nio-8080-exec-9] DEBUG c.s.s.c.d.l.D.getDetectionDetailCount - <==      Total: 1
08:58:31.712 [http-nio-8080-exec-2] INFO  c.s.s.a.controller.AuthController - /sdashboard/UserData [userId=1, logonName=admin, logonPwd=*4ACFE3202A5FF5CF467898FC58AAB1D615029441, userType=1, email=admin@soteria-sys.com, contact=01011112222, lastAccIp=172.26.0.1, lastAccDate=Fri Mar 19 17:03:51 UTC 2021, token=null, retryCnt=0, lastPassModDate=Fri Mar 19 17:03:51 UTC 2021, userName=시큐리티어드민 사용자, initPassYn=Y, useYn=Y, allowedIps=[], modUser=0, modDate=null, userTypeName=null, status=null, sbbList=[]]
08:58:31.714 [http-nio-8080-exec-2] DEBUG c.s.s.c.d.s.S.getConfData - ==>  Preparing: SELECT CONF_ID , CONF_NAME , CONF_VALUE , OTHER_NAME , UNIT , MOD_USER , MOD_DATE FROM SYSTEM_CONFIG WHERE CONF_NAME = ? 
08:58:31.715 [http-nio-8080-exec-2] DEBUG c.s.s.c.d.s.S.getConfData - ==> Parameters: REFRESH_RATE(String)
08:58:31.716 [http-nio-8080-exec-2] DEBUG c.s.s.c.d.s.S.getConfData - <==      Total: 1
08:58:32.235 [http-nio-8080-exec-8] DEBUG c.s.s.c.d.l.D.getDetectionClassificationToday - ==>  Preparing: SELECT LOG_ID, ATTACK_TIME, DATE(ATTACK_TIME) AS DATEORD, HOUR(ATTACK_TIME) AS HOURORD, COUNT(AC_ID) AS CNT, AC_ID, (SELECT AC_NAME FROM ATTACK_CLASSIFICATION_INFO ACI WHERE ACI.AC_ID=AI.AC_ID) AS AC_NAME FROM ATTACK_DETECTION_LOG LOG LEFT JOIN ATTACK_INFO AI ON LOG.ATTACK_ID = AI.ATTACK_ID GROUP BY AC_ID, DATEORD, HOURORD ORDER BY ATTACK_TIME DESC LIMIT 30; 
08:58:32.235 [http-nio-8080-exec-8] DEBUG c.s.s.c.d.l.D.getDetectionClassificationToday - ==> Parameters: 
08:58:32.237 [http-nio-8080-exec-8] DEBUG c.s.s.c.d.l.D.getDetectionClassificationToday - <==      Total: 13
08:58:32.307 [http-nio-8080-exec-5] DEBUG c.s.s.c.d.l.D.getAttackTypeTop5 - ==>  Preparing: SELECT CNT, (SELECT ATTACK_NAME FROM ATTACK_INFO WHERE ATTACK_ID = ADL.ATTACK_ID ) AS ATTACK_NAME FROM ( SELECT COUNT(*) CNT, ATTACK_ID FROM ATTACK_DETECTION_LOG GROUP BY ATTACK_ID ORDER BY CNT DESC LIMIT 5 ) AS ADL 
08:58:32.307 [http-nio-8080-exec-5] DEBUG c.s.s.c.d.l.D.getAttackTypeTop5 - ==> Parameters: 
08:58:32.309 [http-nio-8080-exec-5] DEBUG c.s.s.c.d.l.D.getAttackTypeTop5 - <==      Total: 5
08:58:32.369 [http-nio-8080-exec-7] DEBUG c.s.s.c.d.l.D.getSeverityDetectionStatus - ==>  Preparing: SELECT AS_ID, COUNT(AS_ID) as TOTAL FROM ATTACK_DETECTION_LOG LOG LEFT JOIN ATTACK_INFO AI ON LOG.ATTACK_ID = AI.ATTACK_ID GROUP BY AS_ID ORDER BY AS_ID ASC; 
08:58:32.369 [http-nio-8080-exec-7] DEBUG c.s.s.c.d.l.D.getSeverityDetectionStatus - ==> Parameters: 
08:58:32.372 [http-nio-8080-exec-7] DEBUG c.s.s.c.d.l.D.getSeverityDetectionStatus - <==      Total: 3
08:58:32.423 [http-nio-8080-exec-9] DEBUG c.s.s.c.d.l.D.getDetectionDetailListForScroller - ==>  Preparing: SELECT * FROM (SELECT AD.*, AI.ATTACK_NAME , (SELECT AS_NAME FROM ATTACK_SEVERITY_INFO WHERE AS_ID = AI.AS_ID) AS AS_NAME , (SELECT AC_NAME FROM ATTACK_CLASSIFICATION_INFO WHERE AC_ID = AI.AC_ID) AS AC_NAME , (SELECT SOLUTION FROM ATTACK_MITIGATION_INFO WHERE AM_ID = AI.AM_ID) AM_DESC , IFNULL((SELECT PROTCOL_NAME FROM ATTACK_KNOWN_PORT WHERE PORT_NUM = DST_PORT), '') AS dstProtocolName FROM ATTACK_DETECTION_LOG AD LEFT JOIN ATTACK_INFO AI ON AD.ATTACK_ID = AI.ATTACK_ID) ADL2 ORDER BY ADL2.ATTACK_TIME DESC LIMIT 0, 117 
08:58:32.423 [http-nio-8080-exec-9] DEBUG c.s.s.c.d.l.D.getDetectionDetailListForScroller - ==> Parameters: 
08:58:32.427 [http-nio-8080-exec-9] DEBUG c.s.s.c.d.l.D.getDetectionDetailListForScroller - <==      Total: 36
