09:44:00.155 [http-nio-8080-exec-8] INFO  c.s.s.a.controller.AuthController - /login
09:44:00.159 [http-nio-8080-exec-8] INFO  c.s.s.a.controller.AuthController - check session.isLogin() : false
09:44:07.424 [http-nio-8080-exec-10] INFO  c.s.s.a.controller.AuthController - /auth/logina/admin,*****,172.26.0.1
09:44:07.435 [http-nio-8080-exec-10] DEBUG c.s.s.c.dao.admin.UserMapper.getUser - ==>  Preparing: SELECT USER_ID , LOGON_NAME , LOGON_PWD , USER_NAME , USER_TYPE , EMAIL , CONTACT , LAST_ACC_IP , LAST_ACC_DATE , TOKEN , RETRY_CNT , LAST_PASS_MOD_DATE , INIT_PASS_YN , USE_YN , OTP_TYPE , OTP_SECRET FROM USERS WHERE LOGON_NAME = ? AND LOGON_PWD = password(?) AND USE_YN = ? 
09:44:07.435 [http-nio-8080-exec-10] DEBUG c.s.s.c.dao.admin.UserMapper.getUser - ==> Parameters: admin(String), admin(String), Y(String)
09:44:07.441 [http-nio-8080-exec-10] DEBUG c.s.s.c.dao.admin.UserMapper.getUser - <==      Total: 1
09:44:07.441 [http-nio-8080-exec-10] DEBUG c.s.s.c.d.a.UserMapper.getAllowedIps - ==>  Preparing: SELECT EXT_ID , USER_ID , IP , MOD_USER , MOD_DATE FROM USER_IPS WHERE USER_ID = ? 
09:44:07.441 [http-nio-8080-exec-10] DEBUG c.s.s.c.d.a.UserMapper.getAllowedIps - ==> Parameters: 1(Integer)
09:44:07.443 [http-nio-8080-exec-10] DEBUG c.s.s.c.d.a.UserMapper.getAllowedIps - <==      Total: 0
09:44:07.446 [http-nio-8080-exec-10] DEBUG c.s.s.c.d.a.U.insertUserAction - ==>  Preparing: INSERT INTO USERS_ACTION_HIS (USER_ID, ACTION_TYPE, ACTION_SUB_TYPE, ACTION_RSLT, REMOTE_IP, REASON, REG_DATE) VALUES (?, ?, ?, ?, ?, ?, NOW()) 
09:44:07.447 [http-nio-8080-exec-10] DEBUG c.s.s.c.d.a.U.insertUserAction - ==> Parameters: 1(Integer), 100(Integer), 101(Integer), S(String), 172.26.0.1(String), USER LOGIN(String)
09:44:07.455 [http-nio-8080-exec-10] DEBUG c.s.s.c.d.s.S.getUserServerList - ==>  Preparing: SELECT U.USER_ID , SBB.SBB_ID , SBB.SBB_NAME , SBB.ALIAS , SBB.IP IP , HOST.HOST_NAME , HOST.IP HOST_IP , HOST.HOST_ID FROM USERS U INNER JOIN USER_SBB_REL SBBREL ON U.USER_ID = SBBREL.USER_ID INNER JOIN SBBS SBB ON SBBREL.SBB_ID = SBB.SBB_ID INNER JOIN SBB_HOST_REL SBBHOST ON SBB.SBB_ID = SBBHOST.SBB_ID INNER JOIN HOSTS HOST ON HOST.HOST_ID = SBBHOST.HOST_ID WHERE U.USER_ID = ? ORDER BY SBB.SBB_ID ASC 
09:44:07.456 [http-nio-8080-exec-10] DEBUG c.s.s.c.d.s.S.getUserServerList - ==> Parameters: 1(Integer)
09:44:07.457 [http-nio-8080-exec-10] DEBUG c.s.s.c.d.s.S.getUserServerList - <==      Total: 0
09:44:07.464 [http-nio-8080-exec-10] DEBUG c.s.s.c.d.a.U.getUserSession - ==>  Preparing: SELECT USER_ID , SESSION_ID , MOD_DATE FROM USER_SESSION WHERE USER_ID = ? 
09:44:07.464 [http-nio-8080-exec-10] DEBUG c.s.s.c.d.a.U.getUserSession - ==> Parameters: 1(Integer)
09:44:07.466 [http-nio-8080-exec-10] DEBUG c.s.s.c.d.a.U.getUserSession - <==      Total: 1
09:44:07.466 [http-nio-8080-exec-10] DEBUG c.s.s.c.d.a.U.deleteSessionAttributes - ==>  Preparing: DELETE FROM SPRING_SESSION_ATTRIBUTES WHERE SESSION_ID = ? 
09:44:07.466 [http-nio-8080-exec-10] DEBUG c.s.s.c.d.a.U.deleteSessionAttributes - ==> Parameters: EEA2305440F876DD46EA1B3B36CFC0C5(String)
09:44:07.468 [http-nio-8080-exec-10] DEBUG c.s.s.c.d.a.U.deleteSessionAttributes - <==    Updates: 0
09:44:07.468 [http-nio-8080-exec-10] DEBUG c.s.s.c.d.a.UserMapper.deleteSession - ==>  Preparing: DELETE FROM SPRING_SESSION WHERE SESSION_ID = ? 
09:44:07.468 [http-nio-8080-exec-10] DEBUG c.s.s.c.d.a.UserMapper.deleteSession - ==> Parameters: EEA2305440F876DD46EA1B3B36CFC0C5(String)
09:44:07.470 [http-nio-8080-exec-10] DEBUG c.s.s.c.d.a.UserMapper.deleteSession - <==    Updates: 0
09:44:07.470 [http-nio-8080-exec-10] DEBUG c.s.s.c.d.a.U.insertUserSession - ==>  Preparing: INSERT INTO USER_SESSION ( USER_ID , SESSION_ID , MOD_DATE ) VALUES ( ? , ? , NOW() ) ON DUPLICATE KEY UPDATE SESSION_ID = ? , MOD_DATE = NOW() 
09:44:07.470 [http-nio-8080-exec-10] DEBUG c.s.s.c.d.a.U.insertUserSession - ==> Parameters: 1(String), FCE6A0F6BB717D2019CF037AE30F8898(String), FCE6A0F6BB717D2019CF037AE30F8898(String)
09:44:07.472 [http-nio-8080-exec-10] DEBUG c.s.s.c.d.a.U.insertUserSession - <==    Updates: 2
09:44:08.220 [http-nio-8080-exec-10] DEBUG c.s.s.c.d.l.D.getDetectionDetailList - ==>  Preparing: SELECT * FROM (SELECT AD.*, AI.ATTACK_NAME , (SELECT AS_NAME FROM ATTACK_SEVERITY_INFO WHERE AS_ID = AI.AS_ID) AS AS_NAME , (SELECT AC_NAME FROM ATTACK_CLASSIFICATION_INFO WHERE AC_ID = AI.AC_ID) AS AC_NAME , (SELECT SOLUTION FROM ATTACK_MITIGATION_INFO WHERE AM_ID = AI.AM_ID) AM_DESC , IFNULL((SELECT PROTCOL_NAME FROM ATTACK_KNOWN_PORT WHERE PORT_NUM = DST_PORT), '') AS dstProtocolName FROM ATTACK_DETECTION_LOG AD LEFT JOIN ATTACK_INFO AI ON AD.ATTACK_ID = AI.ATTACK_ID) ADL2 ORDER BY ADL2.ATTACK_TIME DESC LIMIT 0, 8 
09:44:08.220 [http-nio-8080-exec-10] DEBUG c.s.s.c.d.l.D.getDetectionDetailList - ==> Parameters: 
09:44:08.222 [http-nio-8080-exec-2] DEBUG c.s.s.c.d.l.D.getDetectionDetailList - ==>  Preparing: SELECT * FROM (SELECT AD.*, AI.ATTACK_NAME , (SELECT AS_NAME FROM ATTACK_SEVERITY_INFO WHERE AS_ID = AI.AS_ID) AS AS_NAME , (SELECT AC_NAME FROM ATTACK_CLASSIFICATION_INFO WHERE AC_ID = AI.AC_ID) AS AC_NAME , (SELECT SOLUTION FROM ATTACK_MITIGATION_INFO WHERE AM_ID = AI.AM_ID) AM_DESC , IFNULL((SELECT PROTCOL_NAME FROM ATTACK_KNOWN_PORT WHERE PORT_NUM = DST_PORT), '') AS dstProtocolName FROM ATTACK_DETECTION_LOG AD LEFT JOIN ATTACK_INFO AI ON AD.ATTACK_ID = AI.ATTACK_ID) ADL2 ORDER BY ADL2.ATTACK_TIME DESC LIMIT 0, 8 
09:44:08.222 [http-nio-8080-exec-2] DEBUG c.s.s.c.d.l.D.getDetectionDetailList - ==> Parameters: 
09:44:08.222 [http-nio-8080-exec-10] DEBUG c.s.s.c.d.l.D.getDetectionDetailList - <==      Total: 8
09:44:08.223 [http-nio-8080-exec-10] DEBUG c.s.s.c.d.l.D.getDetectionDetailCount - ==>  Preparing: SELECT COUNT(*) CNT FROM (SELECT AD.*, AI.ATTACK_NAME , (SELECT AS_NAME FROM ATTACK_SEVERITY_INFO WHERE AS_ID = AI.AS_ID) AS AS_NAME , (SELECT AC_NAME FROM ATTACK_CLASSIFICATION_INFO WHERE AC_ID = AI.AC_ID) AS AC_NAME , (SELECT SOLUTION FROM ATTACK_MITIGATION_INFO WHERE AM_ID = AI.AM_ID) AM_DESC FROM ATTACK_DETECTION_LOG AD LEFT JOIN ATTACK_INFO AI ON AD.ATTACK_ID = AI.ATTACK_ID) ADL2 
09:44:08.223 [http-nio-8080-exec-10] DEBUG c.s.s.c.d.l.D.getDetectionDetailCount - ==> Parameters: 
09:44:08.225 [http-nio-8080-exec-10] DEBUG c.s.s.c.d.l.D.getDetectionDetailCount - <==      Total: 1
09:44:08.225 [http-nio-8080-exec-2] DEBUG c.s.s.c.d.l.D.getDetectionDetailList - <==      Total: 8
09:44:08.226 [http-nio-8080-exec-2] DEBUG c.s.s.c.d.l.D.getDetectionDetailCount - ==>  Preparing: SELECT COUNT(*) CNT FROM (SELECT AD.*, AI.ATTACK_NAME , (SELECT AS_NAME FROM ATTACK_SEVERITY_INFO WHERE AS_ID = AI.AS_ID) AS AS_NAME , (SELECT AC_NAME FROM ATTACK_CLASSIFICATION_INFO WHERE AC_ID = AI.AC_ID) AS AC_NAME , (SELECT SOLUTION FROM ATTACK_MITIGATION_INFO WHERE AM_ID = AI.AM_ID) AM_DESC FROM ATTACK_DETECTION_LOG AD LEFT JOIN ATTACK_INFO AI ON AD.ATTACK_ID = AI.ATTACK_ID) ADL2 
09:44:08.226 [http-nio-8080-exec-2] DEBUG c.s.s.c.d.l.D.getDetectionDetailCount - ==> Parameters: 
09:44:08.227 [http-nio-8080-exec-2] DEBUG c.s.s.c.d.l.D.getDetectionDetailCount - <==      Total: 1
09:44:17.546 [http-nio-8080-exec-7] INFO  c.s.s.a.controller.AuthController - /sdashboard/UserData [userId=1, logonName=admin, logonPwd=*4ACFE3202A5FF5CF467898FC58AAB1D615029441, userType=1, email=admin@soteria-sys.com, contact=01011112222, lastAccIp=172.26.0.1, lastAccDate=Fri Mar 19 17:03:51 UTC 2021, token=null, retryCnt=0, lastPassModDate=Fri Mar 19 17:03:51 UTC 2021, userName=시큐리티어드민 사용자, initPassYn=Y, useYn=Y, allowedIps=[], modUser=0, modDate=null, userTypeName=null, status=null, sbbList=[]]
09:44:17.549 [http-nio-8080-exec-7] DEBUG c.s.s.c.d.s.S.getConfData - ==>  Preparing: SELECT CONF_ID , CONF_NAME , CONF_VALUE , OTHER_NAME , UNIT , MOD_USER , MOD_DATE FROM SYSTEM_CONFIG WHERE CONF_NAME = ? 
09:44:17.549 [http-nio-8080-exec-7] DEBUG c.s.s.c.d.s.S.getConfData - ==> Parameters: REFRESH_RATE(String)
09:44:17.551 [http-nio-8080-exec-7] DEBUG c.s.s.c.d.s.S.getConfData - <==      Total: 1
09:44:18.174 [http-nio-8080-exec-6] DEBUG c.s.s.c.d.l.D.getDetectionClassificationToday - ==>  Preparing: SELECT LOG_ID, ATTACK_TIME, DATE(ATTACK_TIME) AS DATEORD, HOUR(ATTACK_TIME) AS HOURORD, COUNT(AC_ID) AS CNT, AC_ID, (SELECT AC_NAME FROM ATTACK_CLASSIFICATION_INFO ACI WHERE ACI.AC_ID=AI.AC_ID) AS AC_NAME FROM ATTACK_DETECTION_LOG LOG LEFT JOIN ATTACK_INFO AI ON LOG.ATTACK_ID = AI.ATTACK_ID GROUP BY AC_ID, DATEORD, HOURORD ORDER BY ATTACK_TIME DESC LIMIT 30; 
09:44:18.175 [http-nio-8080-exec-6] DEBUG c.s.s.c.d.l.D.getDetectionClassificationToday - ==> Parameters: 
09:44:18.179 [http-nio-8080-exec-6] DEBUG c.s.s.c.d.l.D.getDetectionClassificationToday - <==      Total: 13
09:44:18.256 [http-nio-8080-exec-1] DEBUG c.s.s.c.d.l.D.getAttackTypeTop5 - ==>  Preparing: SELECT CNT, (SELECT ATTACK_NAME FROM ATTACK_INFO WHERE ATTACK_ID = ADL.ATTACK_ID ) AS ATTACK_NAME FROM ( SELECT COUNT(*) CNT, ATTACK_ID FROM ATTACK_DETECTION_LOG GROUP BY ATTACK_ID ORDER BY CNT DESC LIMIT 5 ) AS ADL 
09:44:18.256 [http-nio-8080-exec-1] DEBUG c.s.s.c.d.l.D.getAttackTypeTop5 - ==> Parameters: 
09:44:18.258 [http-nio-8080-exec-1] DEBUG c.s.s.c.d.l.D.getAttackTypeTop5 - <==      Total: 5
09:44:18.347 [http-nio-8080-exec-10] DEBUG c.s.s.c.d.l.D.getSeverityDetectionStatus - ==>  Preparing: SELECT AS_ID, COUNT(AS_ID) as TOTAL FROM ATTACK_DETECTION_LOG LOG LEFT JOIN ATTACK_INFO AI ON LOG.ATTACK_ID = AI.ATTACK_ID GROUP BY AS_ID ORDER BY AS_ID ASC; 
09:44:18.347 [http-nio-8080-exec-10] DEBUG c.s.s.c.d.l.D.getSeverityDetectionStatus - ==> Parameters: 
09:44:18.349 [http-nio-8080-exec-10] DEBUG c.s.s.c.d.l.D.getSeverityDetectionStatus - <==      Total: 3
09:44:18.451 [http-nio-8080-exec-8] DEBUG c.s.s.c.d.l.D.getDetectionDetailListForScroller - ==>  Preparing: SELECT * FROM (SELECT AD.*, AI.ATTACK_NAME , (SELECT AS_NAME FROM ATTACK_SEVERITY_INFO WHERE AS_ID = AI.AS_ID) AS AS_NAME , (SELECT AC_NAME FROM ATTACK_CLASSIFICATION_INFO WHERE AC_ID = AI.AC_ID) AS AC_NAME , (SELECT SOLUTION FROM ATTACK_MITIGATION_INFO WHERE AM_ID = AI.AM_ID) AM_DESC , IFNULL((SELECT PROTCOL_NAME FROM ATTACK_KNOWN_PORT WHERE PORT_NUM = DST_PORT), '') AS dstProtocolName FROM ATTACK_DETECTION_LOG AD LEFT JOIN ATTACK_INFO AI ON AD.ATTACK_ID = AI.ATTACK_ID) ADL2 ORDER BY ADL2.ATTACK_TIME DESC LIMIT 0, 117 
09:44:18.451 [http-nio-8080-exec-8] DEBUG c.s.s.c.d.l.D.getDetectionDetailListForScroller - ==> Parameters: 
09:44:18.455 [http-nio-8080-exec-8] DEBUG c.s.s.c.d.l.D.getDetectionDetailListForScroller - <==      Total: 36
09:44:31.594 [http-nio-8080-exec-1] DEBUG c.s.s.c.d.a.UserMapper.getUserList - ==>  Preparing: SELECT USER_ID , CREATE_DATE , LOGON_NAME , USER_NAME , USER_TYPE , EMAIL , CONTACT , LAST_ACC_IP , LAST_ACC_DATE , RETRY_CNT , LAST_PASS_MOD_DATE , INIT_PASS_YN , USE_YN , OTP_TYPE , CASE USER_TYPE WHEN 1 THEN 'Security Admin' WHEN 100 THEN 'User' WHEN 200 THEN 'Operator' ELSE 'User' END userTypeName, CASE USE_YN WHEN 'Y' THEN 'Active' WHEN 'N' THEN 'Inactive' END 'status' FROM USERS WHERE USER_TYPE != 1 ORDER BY USER_ID ASC LIMIT 0, 8 
09:44:31.594 [http-nio-8080-exec-10] DEBUG c.s.s.c.d.a.UserMapper.getUserList - ==>  Preparing: SELECT USER_ID , CREATE_DATE , LOGON_NAME , USER_NAME , USER_TYPE , EMAIL , CONTACT , LAST_ACC_IP , LAST_ACC_DATE , RETRY_CNT , LAST_PASS_MOD_DATE , INIT_PASS_YN , USE_YN , OTP_TYPE , CASE USER_TYPE WHEN 1 THEN 'Security Admin' WHEN 100 THEN 'User' WHEN 200 THEN 'Operator' ELSE 'User' END userTypeName, CASE USE_YN WHEN 'Y' THEN 'Active' WHEN 'N' THEN 'Inactive' END 'status' FROM USERS WHERE USER_TYPE != 1 ORDER BY USER_ID ASC LIMIT 0, 8 
09:44:31.594 [http-nio-8080-exec-1] DEBUG c.s.s.c.d.a.UserMapper.getUserList - ==> Parameters: 
09:44:31.594 [http-nio-8080-exec-10] DEBUG c.s.s.c.d.a.UserMapper.getUserList - ==> Parameters: 
09:44:31.597 [http-nio-8080-exec-10] DEBUG c.s.s.c.d.a.UserMapper.getUserList - <==      Total: 2
09:44:31.597 [http-nio-8080-exec-1] DEBUG c.s.s.c.d.a.UserMapper.getUserList - <==      Total: 2
09:44:32.975 [http-nio-8080-exec-7] INFO  c.s.s.a.controller.AuthController - /sdashboard/UserData [userId=1, logonName=admin, logonPwd=*4ACFE3202A5FF5CF467898FC58AAB1D615029441, userType=1, email=admin@soteria-sys.com, contact=01011112222, lastAccIp=172.26.0.1, lastAccDate=Fri Mar 19 17:03:51 UTC 2021, token=null, retryCnt=0, lastPassModDate=Fri Mar 19 17:03:51 UTC 2021, userName=시큐리티어드민 사용자, initPassYn=Y, useYn=Y, allowedIps=[], modUser=0, modDate=null, userTypeName=null, status=null, sbbList=[]]
09:44:32.983 [http-nio-8080-exec-7] DEBUG c.s.s.c.d.s.S.getConfData - ==>  Preparing: SELECT CONF_ID , CONF_NAME , CONF_VALUE , OTHER_NAME , UNIT , MOD_USER , MOD_DATE FROM SYSTEM_CONFIG WHERE CONF_NAME = ? 
09:44:32.984 [http-nio-8080-exec-7] DEBUG c.s.s.c.d.s.S.getConfData - ==> Parameters: REFRESH_RATE(String)
09:44:32.987 [http-nio-8080-exec-7] DEBUG c.s.s.c.d.s.S.getConfData - <==      Total: 1
09:44:33.745 [http-nio-8080-exec-4] DEBUG c.s.s.c.d.l.D.getDetectionClassificationToday - ==>  Preparing: SELECT LOG_ID, ATTACK_TIME, DATE(ATTACK_TIME) AS DATEORD, HOUR(ATTACK_TIME) AS HOURORD, COUNT(AC_ID) AS CNT, AC_ID, (SELECT AC_NAME FROM ATTACK_CLASSIFICATION_INFO ACI WHERE ACI.AC_ID=AI.AC_ID) AS AC_NAME FROM ATTACK_DETECTION_LOG LOG LEFT JOIN ATTACK_INFO AI ON LOG.ATTACK_ID = AI.ATTACK_ID GROUP BY AC_ID, DATEORD, HOURORD ORDER BY ATTACK_TIME DESC LIMIT 30; 
09:44:33.746 [http-nio-8080-exec-4] DEBUG c.s.s.c.d.l.D.getDetectionClassificationToday - ==> Parameters: 
09:44:33.752 [http-nio-8080-exec-4] DEBUG c.s.s.c.d.l.D.getDetectionClassificationToday - <==      Total: 13
09:44:33.945 [http-nio-8080-exec-2] DEBUG c.s.s.c.d.l.D.getAttackTypeTop5 - ==>  Preparing: SELECT CNT, (SELECT ATTACK_NAME FROM ATTACK_INFO WHERE ATTACK_ID = ADL.ATTACK_ID ) AS ATTACK_NAME FROM ( SELECT COUNT(*) CNT, ATTACK_ID FROM ATTACK_DETECTION_LOG GROUP BY ATTACK_ID ORDER BY CNT DESC LIMIT 5 ) AS ADL 
09:44:33.945 [http-nio-8080-exec-2] DEBUG c.s.s.c.d.l.D.getAttackTypeTop5 - ==> Parameters: 
09:44:33.947 [http-nio-8080-exec-2] DEBUG c.s.s.c.d.l.D.getAttackTypeTop5 - <==      Total: 5
09:44:34.092 [http-nio-8080-exec-5] DEBUG c.s.s.c.d.l.D.getSeverityDetectionStatus - ==>  Preparing: SELECT AS_ID, COUNT(AS_ID) as TOTAL FROM ATTACK_DETECTION_LOG LOG LEFT JOIN ATTACK_INFO AI ON LOG.ATTACK_ID = AI.ATTACK_ID GROUP BY AS_ID ORDER BY AS_ID ASC; 
09:44:34.092 [http-nio-8080-exec-5] DEBUG c.s.s.c.d.l.D.getSeverityDetectionStatus - ==> Parameters: 
09:44:34.095 [http-nio-8080-exec-5] DEBUG c.s.s.c.d.l.D.getSeverityDetectionStatus - <==      Total: 3
09:44:34.220 [http-nio-8080-exec-9] DEBUG c.s.s.c.d.l.D.getDetectionDetailListForScroller - ==>  Preparing: SELECT * FROM (SELECT AD.*, AI.ATTACK_NAME , (SELECT AS_NAME FROM ATTACK_SEVERITY_INFO WHERE AS_ID = AI.AS_ID) AS AS_NAME , (SELECT AC_NAME FROM ATTACK_CLASSIFICATION_INFO WHERE AC_ID = AI.AC_ID) AS AC_NAME , (SELECT SOLUTION FROM ATTACK_MITIGATION_INFO WHERE AM_ID = AI.AM_ID) AM_DESC , IFNULL((SELECT PROTCOL_NAME FROM ATTACK_KNOWN_PORT WHERE PORT_NUM = DST_PORT), '') AS dstProtocolName FROM ATTACK_DETECTION_LOG AD LEFT JOIN ATTACK_INFO AI ON AD.ATTACK_ID = AI.ATTACK_ID) ADL2 ORDER BY ADL2.ATTACK_TIME DESC LIMIT 0, 117 
09:44:34.220 [http-nio-8080-exec-9] DEBUG c.s.s.c.d.l.D.getDetectionDetailListForScroller - ==> Parameters: 
09:44:34.224 [http-nio-8080-exec-9] DEBUG c.s.s.c.d.l.D.getDetectionDetailListForScroller - <==      Total: 36
09:45:22.842 [http-nio-8080-exec-3] INFO  c.s.s.a.controller.AuthController - /sdashboard/UserData [userId=1, logonName=admin, logonPwd=*4ACFE3202A5FF5CF467898FC58AAB1D615029441, userType=1, email=admin@soteria-sys.com, contact=01011112222, lastAccIp=172.26.0.1, lastAccDate=Fri Mar 19 17:03:51 UTC 2021, token=null, retryCnt=0, lastPassModDate=Fri Mar 19 17:03:51 UTC 2021, userName=시큐리티어드민 사용자, initPassYn=Y, useYn=Y, allowedIps=[], modUser=0, modDate=null, userTypeName=null, status=null, sbbList=[]]
09:45:22.845 [http-nio-8080-exec-3] DEBUG c.s.s.c.d.s.S.getConfData - ==>  Preparing: SELECT CONF_ID , CONF_NAME , CONF_VALUE , OTHER_NAME , UNIT , MOD_USER , MOD_DATE FROM SYSTEM_CONFIG WHERE CONF_NAME = ? 
09:45:22.845 [http-nio-8080-exec-3] DEBUG c.s.s.c.d.s.S.getConfData - ==> Parameters: REFRESH_RATE(String)
09:45:22.847 [http-nio-8080-exec-3] DEBUG c.s.s.c.d.s.S.getConfData - <==      Total: 1
09:45:24.119 [http-nio-8080-exec-1] DEBUG c.s.s.c.d.l.D.getDetectionClassificationToday - ==>  Preparing: SELECT LOG_ID, ATTACK_TIME, DATE(ATTACK_TIME) AS DATEORD, HOUR(ATTACK_TIME) AS HOURORD, COUNT(AC_ID) AS CNT, AC_ID, (SELECT AC_NAME FROM ATTACK_CLASSIFICATION_INFO ACI WHERE ACI.AC_ID=AI.AC_ID) AS AC_NAME FROM ATTACK_DETECTION_LOG LOG LEFT JOIN ATTACK_INFO AI ON LOG.ATTACK_ID = AI.ATTACK_ID GROUP BY AC_ID, DATEORD, HOURORD ORDER BY ATTACK_TIME DESC LIMIT 30; 
09:45:24.120 [http-nio-8080-exec-1] DEBUG c.s.s.c.d.l.D.getDetectionClassificationToday - ==> Parameters: 
09:45:24.124 [http-nio-8080-exec-1] DEBUG c.s.s.c.d.l.D.getDetectionClassificationToday - <==      Total: 13
09:45:24.204 [http-nio-8080-exec-10] DEBUG c.s.s.c.d.l.D.getAttackTypeTop5 - ==>  Preparing: SELECT CNT, (SELECT ATTACK_NAME FROM ATTACK_INFO WHERE ATTACK_ID = ADL.ATTACK_ID ) AS ATTACK_NAME FROM ( SELECT COUNT(*) CNT, ATTACK_ID FROM ATTACK_DETECTION_LOG GROUP BY ATTACK_ID ORDER BY CNT DESC LIMIT 5 ) AS ADL 
09:45:24.205 [http-nio-8080-exec-10] DEBUG c.s.s.c.d.l.D.getAttackTypeTop5 - ==> Parameters: 
09:45:24.209 [http-nio-8080-exec-10] DEBUG c.s.s.c.d.l.D.getAttackTypeTop5 - <==      Total: 5
09:45:24.301 [http-nio-8080-exec-7] DEBUG c.s.s.c.d.l.D.getSeverityDetectionStatus - ==>  Preparing: SELECT AS_ID, COUNT(AS_ID) as TOTAL FROM ATTACK_DETECTION_LOG LOG LEFT JOIN ATTACK_INFO AI ON LOG.ATTACK_ID = AI.ATTACK_ID GROUP BY AS_ID ORDER BY AS_ID ASC; 
09:45:24.301 [http-nio-8080-exec-7] DEBUG c.s.s.c.d.l.D.getSeverityDetectionStatus - ==> Parameters: 
09:45:24.309 [http-nio-8080-exec-7] DEBUG c.s.s.c.d.l.D.getSeverityDetectionStatus - <==      Total: 3
09:45:24.421 [http-nio-8080-exec-8] DEBUG c.s.s.c.d.l.D.getDetectionDetailListForScroller - ==>  Preparing: SELECT * FROM (SELECT AD.*, AI.ATTACK_NAME , (SELECT AS_NAME FROM ATTACK_SEVERITY_INFO WHERE AS_ID = AI.AS_ID) AS AS_NAME , (SELECT AC_NAME FROM ATTACK_CLASSIFICATION_INFO WHERE AC_ID = AI.AC_ID) AS AC_NAME , (SELECT SOLUTION FROM ATTACK_MITIGATION_INFO WHERE AM_ID = AI.AM_ID) AM_DESC , IFNULL((SELECT PROTCOL_NAME FROM ATTACK_KNOWN_PORT WHERE PORT_NUM = DST_PORT), '') AS dstProtocolName FROM ATTACK_DETECTION_LOG AD LEFT JOIN ATTACK_INFO AI ON AD.ATTACK_ID = AI.ATTACK_ID) ADL2 ORDER BY ADL2.ATTACK_TIME DESC LIMIT 0, 117 
09:45:24.421 [http-nio-8080-exec-8] DEBUG c.s.s.c.d.l.D.getDetectionDetailListForScroller - ==> Parameters: 
09:45:24.425 [http-nio-8080-exec-8] DEBUG c.s.s.c.d.l.D.getDetectionDetailListForScroller - <==      Total: 36
09:59:05.717 [localhost-startStop-1] DEBUG c.s.s.c.d.s.S.getConfData - ==>  Preparing: SELECT CONF_ID , CONF_NAME , CONF_VALUE , OTHER_NAME , UNIT , MOD_USER , MOD_DATE FROM SYSTEM_CONFIG WHERE CONF_NAME = ? 
09:59:05.728 [localhost-startStop-1] DEBUG c.s.s.c.d.s.S.getConfData - ==> Parameters: LOGIN_MAX_RETRY_CNT(String)
09:59:05.741 [localhost-startStop-1] DEBUG c.s.s.c.d.s.S.getConfData - <==      Total: 1
09:59:05.741 [localhost-startStop-1] DEBUG c.s.s.c.d.s.S.getConfData - ==>  Preparing: SELECT CONF_ID , CONF_NAME , CONF_VALUE , OTHER_NAME , UNIT , MOD_USER , MOD_DATE FROM SYSTEM_CONFIG WHERE CONF_NAME = ? 
09:59:05.741 [localhost-startStop-1] DEBUG c.s.s.c.d.s.S.getConfData - ==> Parameters: PASSWD_EXP_MONTH(String)
09:59:05.744 [localhost-startStop-1] DEBUG c.s.s.c.d.s.S.getConfData - <==      Total: 1
09:59:05.744 [localhost-startStop-1] DEBUG c.s.s.c.d.s.S.getConfData - ==>  Preparing: SELECT CONF_ID , CONF_NAME , CONF_VALUE , OTHER_NAME , UNIT , MOD_USER , MOD_DATE FROM SYSTEM_CONFIG WHERE CONF_NAME = ? 
09:59:05.744 [localhost-startStop-1] DEBUG c.s.s.c.d.s.S.getConfData - ==> Parameters: REFRESH_RATE(String)
09:59:05.746 [localhost-startStop-1] DEBUG c.s.s.c.d.s.S.getConfData - <==      Total: 1
09:59:05.897 [localhost-startStop-1] DEBUG c.s.s.c.d.admin.UserMapper.getUsers - ==>  Preparing: SELECT USER_ID , CREATE_DATE , LOGON_NAME -- , LOGON_PWD , USER_NAME , USER_TYPE , EMAIL , CONTACT , LAST_ACC_IP , LAST_ACC_DATE -- , TOKEN , RETRY_CNT , LAST_PASS_MOD_DATE , INIT_PASS_YN , USE_YN , OTP_TYPE , -- , OTP_SECRET , CASE USER_TYPE WHEN 1 THEN 'Security Admin' WHEN 100 THEN 'User' WHEN 200 THEN 'Operator' ELSE 'User' END userTypeName, CASE USE_YN WHEN 'Y' THEN 'Active' WHEN 'N' THEN 'Inactive' END 'status' FROM USERS WHERE USER_TYPE NOT IN ( ? ) ORDER BY USER_ID ASC 
09:59:05.898 [localhost-startStop-1] DEBUG c.s.s.c.d.admin.UserMapper.getUsers - ==> Parameters: 1(Integer)
09:59:05.901 [localhost-startStop-1] DEBUG c.s.s.c.d.admin.UserMapper.getUsers - <==      Total: 2
09:59:37.098 [http-nio-8080-exec-6] WARN  c.s.s.a.controller.AuthController - /sdashboard Login required. invalid session.
09:59:39.010 [http-nio-8080-exec-9] INFO  c.s.s.a.controller.AuthController - /login
09:59:39.010 [http-nio-8080-exec-9] INFO  c.s.s.a.controller.AuthController - check session.isLogin() : false
09:59:55.440 [http-nio-8080-exec-10] INFO  c.s.s.a.controller.AuthController - /auth/logina/admin,*****,172.26.0.1
09:59:55.457 [http-nio-8080-exec-10] DEBUG c.s.s.c.dao.admin.UserMapper.getUser - ==>  Preparing: SELECT USER_ID , LOGON_NAME , LOGON_PWD , USER_NAME , USER_TYPE , EMAIL , CONTACT , LAST_ACC_IP , LAST_ACC_DATE , TOKEN , RETRY_CNT , LAST_PASS_MOD_DATE , INIT_PASS_YN , USE_YN , OTP_TYPE , OTP_SECRET FROM USERS WHERE LOGON_NAME = ? AND LOGON_PWD = password(?) AND USE_YN = ? 
09:59:55.457 [http-nio-8080-exec-10] DEBUG c.s.s.c.dao.admin.UserMapper.getUser - ==> Parameters: admin(String), admin(String), Y(String)
09:59:55.459 [http-nio-8080-exec-10] DEBUG c.s.s.c.dao.admin.UserMapper.getUser - <==      Total: 1
09:59:55.459 [http-nio-8080-exec-10] DEBUG c.s.s.c.d.a.UserMapper.getAllowedIps - ==>  Preparing: SELECT EXT_ID , USER_ID , IP , MOD_USER , MOD_DATE FROM USER_IPS WHERE USER_ID = ? 
09:59:55.460 [http-nio-8080-exec-10] DEBUG c.s.s.c.d.a.UserMapper.getAllowedIps - ==> Parameters: 1(Integer)
09:59:55.461 [http-nio-8080-exec-10] DEBUG c.s.s.c.d.a.UserMapper.getAllowedIps - <==      Total: 0
09:59:55.471 [http-nio-8080-exec-10] DEBUG c.s.s.c.d.a.U.insertUserAction - ==>  Preparing: INSERT INTO USERS_ACTION_HIS (USER_ID, ACTION_TYPE, ACTION_SUB_TYPE, ACTION_RSLT, REMOTE_IP, REASON, REG_DATE) VALUES (?, ?, ?, ?, ?, ?, NOW()) 
09:59:55.471 [http-nio-8080-exec-10] DEBUG c.s.s.c.d.a.U.insertUserAction - ==> Parameters: 1(Integer), 100(Integer), 101(Integer), S(String), 172.26.0.1(String), USER LOGIN(String)
09:59:55.513 [http-nio-8080-exec-10] DEBUG c.s.s.c.d.s.S.getUserServerList - ==>  Preparing: SELECT U.USER_ID , SBB.SBB_ID , SBB.SBB_NAME , SBB.ALIAS , SBB.IP IP , HOST.HOST_NAME , HOST.IP HOST_IP , HOST.HOST_ID FROM USERS U INNER JOIN USER_SBB_REL SBBREL ON U.USER_ID = SBBREL.USER_ID INNER JOIN SBBS SBB ON SBBREL.SBB_ID = SBB.SBB_ID INNER JOIN SBB_HOST_REL SBBHOST ON SBB.SBB_ID = SBBHOST.SBB_ID INNER JOIN HOSTS HOST ON HOST.HOST_ID = SBBHOST.HOST_ID WHERE U.USER_ID = ? ORDER BY SBB.SBB_ID ASC 
09:59:55.513 [http-nio-8080-exec-10] DEBUG c.s.s.c.d.s.S.getUserServerList - ==> Parameters: 1(Integer)
09:59:55.515 [http-nio-8080-exec-10] DEBUG c.s.s.c.d.s.S.getUserServerList - <==      Total: 0
09:59:55.519 [http-nio-8080-exec-10] DEBUG c.s.s.c.d.a.U.getUserSession - ==>  Preparing: SELECT USER_ID , SESSION_ID , MOD_DATE FROM USER_SESSION WHERE USER_ID = ? 
09:59:55.519 [http-nio-8080-exec-10] DEBUG c.s.s.c.d.a.U.getUserSession - ==> Parameters: 1(Integer)
09:59:55.522 [http-nio-8080-exec-10] DEBUG c.s.s.c.d.a.U.getUserSession - <==      Total: 1
09:59:55.522 [http-nio-8080-exec-10] DEBUG c.s.s.c.d.a.U.deleteSessionAttributes - ==>  Preparing: DELETE FROM SPRING_SESSION_ATTRIBUTES WHERE SESSION_ID = ? 
09:59:55.522 [http-nio-8080-exec-10] DEBUG c.s.s.c.d.a.U.deleteSessionAttributes - ==> Parameters: FCE6A0F6BB717D2019CF037AE30F8898(String)
09:59:55.524 [http-nio-8080-exec-10] DEBUG c.s.s.c.d.a.U.deleteSessionAttributes - <==    Updates: 0
09:59:55.524 [http-nio-8080-exec-10] DEBUG c.s.s.c.d.a.UserMapper.deleteSession - ==>  Preparing: DELETE FROM SPRING_SESSION WHERE SESSION_ID = ? 
09:59:55.525 [http-nio-8080-exec-10] DEBUG c.s.s.c.d.a.UserMapper.deleteSession - ==> Parameters: FCE6A0F6BB717D2019CF037AE30F8898(String)
09:59:55.526 [http-nio-8080-exec-10] DEBUG c.s.s.c.d.a.UserMapper.deleteSession - <==    Updates: 0
09:59:55.527 [http-nio-8080-exec-10] DEBUG c.s.s.c.d.a.U.insertUserSession - ==>  Preparing: INSERT INTO USER_SESSION ( USER_ID , SESSION_ID , MOD_DATE ) VALUES ( ? , ? , NOW() ) ON DUPLICATE KEY UPDATE SESSION_ID = ? , MOD_DATE = NOW() 
09:59:55.527 [http-nio-8080-exec-10] DEBUG c.s.s.c.d.a.U.insertUserSession - ==> Parameters: 1(String), 606785A52A231047408677F40899FBF5(String), 606785A52A231047408677F40899FBF5(String)
09:59:55.529 [http-nio-8080-exec-10] DEBUG c.s.s.c.d.a.U.insertUserSession - <==    Updates: 2
09:59:56.051 [http-nio-8080-exec-3] DEBUG c.s.s.c.d.l.D.getDetectionDetailList - ==>  Preparing: SELECT * FROM (SELECT AD.*, AI.ATTACK_NAME , (SELECT AS_NAME FROM ATTACK_SEVERITY_INFO WHERE AS_ID = AI.AS_ID) AS AS_NAME , (SELECT AC_NAME FROM ATTACK_CLASSIFICATION_INFO WHERE AC_ID = AI.AC_ID) AS AC_NAME , (SELECT SOLUTION FROM ATTACK_MITIGATION_INFO WHERE AM_ID = AI.AM_ID) AM_DESC , IFNULL((SELECT PROTCOL_NAME FROM ATTACK_KNOWN_PORT WHERE PORT_NUM = DST_PORT), '') AS dstProtocolName FROM ATTACK_DETECTION_LOG AD LEFT JOIN ATTACK_INFO AI ON AD.ATTACK_ID = AI.ATTACK_ID) ADL2 ORDER BY ADL2.ATTACK_TIME DESC LIMIT 0, 8 
09:59:56.051 [http-nio-8080-exec-3] DEBUG c.s.s.c.d.l.D.getDetectionDetailList - ==> Parameters: 
09:59:56.056 [http-nio-8080-exec-3] DEBUG c.s.s.c.d.l.D.getDetectionDetailList - <==      Total: 8
09:59:56.057 [http-nio-8080-exec-3] DEBUG c.s.s.c.d.l.D.getDetectionDetailCount - ==>  Preparing: SELECT COUNT(*) CNT FROM (SELECT AD.*, AI.ATTACK_NAME , (SELECT AS_NAME FROM ATTACK_SEVERITY_INFO WHERE AS_ID = AI.AS_ID) AS AS_NAME , (SELECT AC_NAME FROM ATTACK_CLASSIFICATION_INFO WHERE AC_ID = AI.AC_ID) AS AC_NAME , (SELECT SOLUTION FROM ATTACK_MITIGATION_INFO WHERE AM_ID = AI.AM_ID) AM_DESC FROM ATTACK_DETECTION_LOG AD LEFT JOIN ATTACK_INFO AI ON AD.ATTACK_ID = AI.ATTACK_ID) ADL2 
09:59:56.058 [http-nio-8080-exec-3] DEBUG c.s.s.c.d.l.D.getDetectionDetailCount - ==> Parameters: 
09:59:56.060 [http-nio-8080-exec-3] DEBUG c.s.s.c.d.l.D.getDetectionDetailCount - <==      Total: 1
09:59:56.097 [http-nio-8080-exec-1] DEBUG c.s.s.c.d.l.D.getDetectionDetailList - ==>  Preparing: SELECT * FROM (SELECT AD.*, AI.ATTACK_NAME , (SELECT AS_NAME FROM ATTACK_SEVERITY_INFO WHERE AS_ID = AI.AS_ID) AS AS_NAME , (SELECT AC_NAME FROM ATTACK_CLASSIFICATION_INFO WHERE AC_ID = AI.AC_ID) AS AC_NAME , (SELECT SOLUTION FROM ATTACK_MITIGATION_INFO WHERE AM_ID = AI.AM_ID) AM_DESC , IFNULL((SELECT PROTCOL_NAME FROM ATTACK_KNOWN_PORT WHERE PORT_NUM = DST_PORT), '') AS dstProtocolName FROM ATTACK_DETECTION_LOG AD LEFT JOIN ATTACK_INFO AI ON AD.ATTACK_ID = AI.ATTACK_ID) ADL2 ORDER BY ADL2.ATTACK_TIME DESC LIMIT 0, 8 
09:59:56.097 [http-nio-8080-exec-1] DEBUG c.s.s.c.d.l.D.getDetectionDetailList - ==> Parameters: 
09:59:56.103 [http-nio-8080-exec-1] DEBUG c.s.s.c.d.l.D.getDetectionDetailList - <==      Total: 8
09:59:56.104 [http-nio-8080-exec-1] DEBUG c.s.s.c.d.l.D.getDetectionDetailCount - ==>  Preparing: SELECT COUNT(*) CNT FROM (SELECT AD.*, AI.ATTACK_NAME , (SELECT AS_NAME FROM ATTACK_SEVERITY_INFO WHERE AS_ID = AI.AS_ID) AS AS_NAME , (SELECT AC_NAME FROM ATTACK_CLASSIFICATION_INFO WHERE AC_ID = AI.AC_ID) AS AC_NAME , (SELECT SOLUTION FROM ATTACK_MITIGATION_INFO WHERE AM_ID = AI.AM_ID) AM_DESC FROM ATTACK_DETECTION_LOG AD LEFT JOIN ATTACK_INFO AI ON AD.ATTACK_ID = AI.ATTACK_ID) ADL2 
09:59:56.104 [http-nio-8080-exec-1] DEBUG c.s.s.c.d.l.D.getDetectionDetailCount - ==> Parameters: 
09:59:56.106 [http-nio-8080-exec-1] DEBUG c.s.s.c.d.l.D.getDetectionDetailCount - <==      Total: 1
10:00:01.172 [http-nio-8080-exec-8] INFO  c.s.s.a.controller.AuthController - /sdashboard/UserData [userId=1, logonName=admin, logonPwd=*4ACFE3202A5FF5CF467898FC58AAB1D615029441, userType=1, email=admin@soteria-sys.com, contact=01011112222, lastAccIp=172.26.0.1, lastAccDate=Fri Mar 19 17:03:51 UTC 2021, token=null, retryCnt=0, lastPassModDate=Fri Mar 19 17:03:51 UTC 2021, userName=시큐리티어드민 사용자, initPassYn=Y, useYn=Y, allowedIps=[], modUser=0, modDate=null, userTypeName=null, status=null, sbbList=[]]
10:00:01.178 [http-nio-8080-exec-8] DEBUG c.s.s.c.d.s.S.getConfData - ==>  Preparing: SELECT CONF_ID , CONF_NAME , CONF_VALUE , OTHER_NAME , UNIT , MOD_USER , MOD_DATE FROM SYSTEM_CONFIG WHERE CONF_NAME = ? 
10:00:01.178 [http-nio-8080-exec-8] DEBUG c.s.s.c.d.s.S.getConfData - ==> Parameters: REFRESH_RATE(String)
10:00:01.180 [http-nio-8080-exec-8] DEBUG c.s.s.c.d.s.S.getConfData - <==      Total: 1
10:00:01.576 [http-nio-8080-exec-10] DEBUG c.s.s.c.d.l.D.getDetectionClassificationToday - ==>  Preparing: SELECT LOG_ID, ATTACK_TIME, DATE(ATTACK_TIME) AS DATEORD, HOUR(ATTACK_TIME) AS HOURORD, COUNT(AC_ID) AS CNT, AC_ID, (SELECT AC_NAME FROM ATTACK_CLASSIFICATION_INFO ACI WHERE ACI.AC_ID=AI.AC_ID) AS AC_NAME FROM ATTACK_DETECTION_LOG LOG LEFT JOIN ATTACK_INFO AI ON LOG.ATTACK_ID = AI.ATTACK_ID GROUP BY AC_ID, DATEORD, HOURORD ORDER BY ATTACK_TIME DESC LIMIT 30; 
10:00:01.576 [http-nio-8080-exec-10] DEBUG c.s.s.c.d.l.D.getDetectionClassificationToday - ==> Parameters: 
10:00:01.579 [http-nio-8080-exec-10] DEBUG c.s.s.c.d.l.D.getDetectionClassificationToday - <==      Total: 13
10:00:01.644 [http-nio-8080-exec-2] DEBUG c.s.s.c.d.l.D.getAttackTypeTop5 - ==>  Preparing: SELECT CNT, (SELECT ATTACK_NAME FROM ATTACK_INFO WHERE ATTACK_ID = ADL.ATTACK_ID ) AS ATTACK_NAME FROM ( SELECT COUNT(*) CNT, ATTACK_ID FROM ATTACK_DETECTION_LOG GROUP BY ATTACK_ID ORDER BY CNT DESC LIMIT 5 ) AS ADL 
10:00:01.644 [http-nio-8080-exec-2] DEBUG c.s.s.c.d.l.D.getAttackTypeTop5 - ==> Parameters: 
10:00:01.647 [http-nio-8080-exec-2] DEBUG c.s.s.c.d.l.D.getAttackTypeTop5 - <==      Total: 5
10:00:01.678 [http-nio-8080-exec-4] DEBUG c.s.s.c.d.l.D.getSeverityDetectionStatus - ==>  Preparing: SELECT AS_ID, COUNT(AS_ID) as TOTAL FROM ATTACK_DETECTION_LOG LOG LEFT JOIN ATTACK_INFO AI ON LOG.ATTACK_ID = AI.ATTACK_ID GROUP BY AS_ID ORDER BY AS_ID ASC; 
10:00:01.678 [http-nio-8080-exec-4] DEBUG c.s.s.c.d.l.D.getSeverityDetectionStatus - ==> Parameters: 
10:00:01.681 [http-nio-8080-exec-4] DEBUG c.s.s.c.d.l.D.getSeverityDetectionStatus - <==      Total: 3
10:00:01.718 [http-nio-8080-exec-3] DEBUG c.s.s.c.d.l.D.getDetectionDetailListForScroller - ==>  Preparing: SELECT * FROM (SELECT AD.*, AI.ATTACK_NAME , (SELECT AS_NAME FROM ATTACK_SEVERITY_INFO WHERE AS_ID = AI.AS_ID) AS AS_NAME , (SELECT AC_NAME FROM ATTACK_CLASSIFICATION_INFO WHERE AC_ID = AI.AC_ID) AS AC_NAME , (SELECT SOLUTION FROM ATTACK_MITIGATION_INFO WHERE AM_ID = AI.AM_ID) AM_DESC , IFNULL((SELECT PROTCOL_NAME FROM ATTACK_KNOWN_PORT WHERE PORT_NUM = DST_PORT), '') AS dstProtocolName FROM ATTACK_DETECTION_LOG AD LEFT JOIN ATTACK_INFO AI ON AD.ATTACK_ID = AI.ATTACK_ID) ADL2 ORDER BY ADL2.ATTACK_TIME DESC LIMIT 0, 117 
10:00:01.718 [http-nio-8080-exec-3] DEBUG c.s.s.c.d.l.D.getDetectionDetailListForScroller - ==> Parameters: 
10:00:01.724 [http-nio-8080-exec-3] DEBUG c.s.s.c.d.l.D.getDetectionDetailListForScroller - <==      Total: 36
10:00:11.135 [http-nio-8080-exec-2] DEBUG c.s.s.c.d.l.D.getDetectionDetailList - ==>  Preparing: SELECT * FROM (SELECT AD.*, AI.ATTACK_NAME , (SELECT AS_NAME FROM ATTACK_SEVERITY_INFO WHERE AS_ID = AI.AS_ID) AS AS_NAME , (SELECT AC_NAME FROM ATTACK_CLASSIFICATION_INFO WHERE AC_ID = AI.AC_ID) AS AC_NAME , (SELECT SOLUTION FROM ATTACK_MITIGATION_INFO WHERE AM_ID = AI.AM_ID) AM_DESC , IFNULL((SELECT PROTCOL_NAME FROM ATTACK_KNOWN_PORT WHERE PORT_NUM = DST_PORT), '') AS dstProtocolName FROM ATTACK_DETECTION_LOG AD LEFT JOIN ATTACK_INFO AI ON AD.ATTACK_ID = AI.ATTACK_ID) ADL2 ORDER BY ADL2.ATTACK_TIME DESC LIMIT 0, 8 
10:00:11.136 [http-nio-8080-exec-2] DEBUG c.s.s.c.d.l.D.getDetectionDetailList - ==> Parameters: 
10:00:11.139 [http-nio-8080-exec-2] DEBUG c.s.s.c.d.l.D.getDetectionDetailList - <==      Total: 8
10:00:11.140 [http-nio-8080-exec-2] DEBUG c.s.s.c.d.l.D.getDetectionDetailCount - ==>  Preparing: SELECT COUNT(*) CNT FROM (SELECT AD.*, AI.ATTACK_NAME , (SELECT AS_NAME FROM ATTACK_SEVERITY_INFO WHERE AS_ID = AI.AS_ID) AS AS_NAME , (SELECT AC_NAME FROM ATTACK_CLASSIFICATION_INFO WHERE AC_ID = AI.AC_ID) AS AC_NAME , (SELECT SOLUTION FROM ATTACK_MITIGATION_INFO WHERE AM_ID = AI.AM_ID) AM_DESC FROM ATTACK_DETECTION_LOG AD LEFT JOIN ATTACK_INFO AI ON AD.ATTACK_ID = AI.ATTACK_ID) ADL2 
10:00:11.140 [http-nio-8080-exec-2] DEBUG c.s.s.c.d.l.D.getDetectionDetailCount - ==> Parameters: 
10:00:11.143 [http-nio-8080-exec-2] DEBUG c.s.s.c.d.l.D.getDetectionDetailCount - <==      Total: 1
10:00:11.175 [http-nio-8080-exec-10] DEBUG c.s.s.c.d.l.D.getDetectionDetailList - ==>  Preparing: SELECT * FROM (SELECT AD.*, AI.ATTACK_NAME , (SELECT AS_NAME FROM ATTACK_SEVERITY_INFO WHERE AS_ID = AI.AS_ID) AS AS_NAME , (SELECT AC_NAME FROM ATTACK_CLASSIFICATION_INFO WHERE AC_ID = AI.AC_ID) AS AC_NAME , (SELECT SOLUTION FROM ATTACK_MITIGATION_INFO WHERE AM_ID = AI.AM_ID) AM_DESC , IFNULL((SELECT PROTCOL_NAME FROM ATTACK_KNOWN_PORT WHERE PORT_NUM = DST_PORT), '') AS dstProtocolName FROM ATTACK_DETECTION_LOG AD LEFT JOIN ATTACK_INFO AI ON AD.ATTACK_ID = AI.ATTACK_ID) ADL2 ORDER BY ADL2.ATTACK_TIME DESC LIMIT 0, 8 
10:00:11.176 [http-nio-8080-exec-10] DEBUG c.s.s.c.d.l.D.getDetectionDetailList - ==> Parameters: 
10:00:11.178 [http-nio-8080-exec-10] DEBUG c.s.s.c.d.l.D.getDetectionDetailList - <==      Total: 8
10:00:11.179 [http-nio-8080-exec-10] DEBUG c.s.s.c.d.l.D.getDetectionDetailCount - ==>  Preparing: SELECT COUNT(*) CNT FROM (SELECT AD.*, AI.ATTACK_NAME , (SELECT AS_NAME FROM ATTACK_SEVERITY_INFO WHERE AS_ID = AI.AS_ID) AS AS_NAME , (SELECT AC_NAME FROM ATTACK_CLASSIFICATION_INFO WHERE AC_ID = AI.AC_ID) AS AC_NAME , (SELECT SOLUTION FROM ATTACK_MITIGATION_INFO WHERE AM_ID = AI.AM_ID) AM_DESC FROM ATTACK_DETECTION_LOG AD LEFT JOIN ATTACK_INFO AI ON AD.ATTACK_ID = AI.ATTACK_ID) ADL2 
10:00:11.179 [http-nio-8080-exec-10] DEBUG c.s.s.c.d.l.D.getDetectionDetailCount - ==> Parameters: 
10:00:11.181 [http-nio-8080-exec-10] DEBUG c.s.s.c.d.l.D.getDetectionDetailCount - <==      Total: 1
10:00:13.305 [http-nio-8080-exec-8] DEBUG c.s.s.c.d.l.D.getDetectionDetailList - ==>  Preparing: SELECT * FROM (SELECT AD.*, AI.ATTACK_NAME , (SELECT AS_NAME FROM ATTACK_SEVERITY_INFO WHERE AS_ID = AI.AS_ID) AS AS_NAME , (SELECT AC_NAME FROM ATTACK_CLASSIFICATION_INFO WHERE AC_ID = AI.AC_ID) AS AC_NAME , (SELECT SOLUTION FROM ATTACK_MITIGATION_INFO WHERE AM_ID = AI.AM_ID) AM_DESC , IFNULL((SELECT PROTCOL_NAME FROM ATTACK_KNOWN_PORT WHERE PORT_NUM = DST_PORT), '') AS dstProtocolName FROM ATTACK_DETECTION_LOG AD LEFT JOIN ATTACK_INFO AI ON AD.ATTACK_ID = AI.ATTACK_ID) ADL2 ORDER BY ADL2.ATTACK_TIME DESC LIMIT 0, 8 
10:00:13.305 [http-nio-8080-exec-8] DEBUG c.s.s.c.d.l.D.getDetectionDetailList - ==> Parameters: 
10:00:13.307 [http-nio-8080-exec-9] DEBUG c.s.s.c.d.l.D.getDetectionDetailList - ==>  Preparing: SELECT * FROM (SELECT AD.*, AI.ATTACK_NAME , (SELECT AS_NAME FROM ATTACK_SEVERITY_INFO WHERE AS_ID = AI.AS_ID) AS AS_NAME , (SELECT AC_NAME FROM ATTACK_CLASSIFICATION_INFO WHERE AC_ID = AI.AC_ID) AS AC_NAME , (SELECT SOLUTION FROM ATTACK_MITIGATION_INFO WHERE AM_ID = AI.AM_ID) AM_DESC , IFNULL((SELECT PROTCOL_NAME FROM ATTACK_KNOWN_PORT WHERE PORT_NUM = DST_PORT), '') AS dstProtocolName FROM ATTACK_DETECTION_LOG AD LEFT JOIN ATTACK_INFO AI ON AD.ATTACK_ID = AI.ATTACK_ID) ADL2 ORDER BY ADL2.ATTACK_TIME DESC LIMIT 0, 8 
10:00:13.307 [http-nio-8080-exec-9] DEBUG c.s.s.c.d.l.D.getDetectionDetailList - ==> Parameters: 
10:00:13.308 [http-nio-8080-exec-8] DEBUG c.s.s.c.d.l.D.getDetectionDetailList - <==      Total: 8
10:00:13.308 [http-nio-8080-exec-8] DEBUG c.s.s.c.d.l.D.getDetectionDetailCount - ==>  Preparing: SELECT COUNT(*) CNT FROM (SELECT AD.*, AI.ATTACK_NAME , (SELECT AS_NAME FROM ATTACK_SEVERITY_INFO WHERE AS_ID = AI.AS_ID) AS AS_NAME , (SELECT AC_NAME FROM ATTACK_CLASSIFICATION_INFO WHERE AC_ID = AI.AC_ID) AS AC_NAME , (SELECT SOLUTION FROM ATTACK_MITIGATION_INFO WHERE AM_ID = AI.AM_ID) AM_DESC FROM ATTACK_DETECTION_LOG AD LEFT JOIN ATTACK_INFO AI ON AD.ATTACK_ID = AI.ATTACK_ID) ADL2 
10:00:13.308 [http-nio-8080-exec-8] DEBUG c.s.s.c.d.l.D.getDetectionDetailCount - ==> Parameters: 
10:00:13.310 [http-nio-8080-exec-8] DEBUG c.s.s.c.d.l.D.getDetectionDetailCount - <==      Total: 1
10:00:13.311 [http-nio-8080-exec-9] DEBUG c.s.s.c.d.l.D.getDetectionDetailList - <==      Total: 8
10:00:13.311 [http-nio-8080-exec-9] DEBUG c.s.s.c.d.l.D.getDetectionDetailCount - ==>  Preparing: SELECT COUNT(*) CNT FROM (SELECT AD.*, AI.ATTACK_NAME , (SELECT AS_NAME FROM ATTACK_SEVERITY_INFO WHERE AS_ID = AI.AS_ID) AS AS_NAME , (SELECT AC_NAME FROM ATTACK_CLASSIFICATION_INFO WHERE AC_ID = AI.AC_ID) AS AC_NAME , (SELECT SOLUTION FROM ATTACK_MITIGATION_INFO WHERE AM_ID = AI.AM_ID) AM_DESC FROM ATTACK_DETECTION_LOG AD LEFT JOIN ATTACK_INFO AI ON AD.ATTACK_ID = AI.ATTACK_ID) ADL2 
10:00:13.311 [http-nio-8080-exec-9] DEBUG c.s.s.c.d.l.D.getDetectionDetailCount - ==> Parameters: 
10:00:13.314 [http-nio-8080-exec-9] DEBUG c.s.s.c.d.l.D.getDetectionDetailCount - <==      Total: 1
10:00:13.902 [http-nio-8080-exec-5] INFO  c.s.s.a.controller.AuthController - /sdashboard/UserData [userId=1, logonName=admin, logonPwd=*4ACFE3202A5FF5CF467898FC58AAB1D615029441, userType=1, email=admin@soteria-sys.com, contact=01011112222, lastAccIp=172.26.0.1, lastAccDate=Fri Mar 19 17:03:51 UTC 2021, token=null, retryCnt=0, lastPassModDate=Fri Mar 19 17:03:51 UTC 2021, userName=시큐리티어드민 사용자, initPassYn=Y, useYn=Y, allowedIps=[], modUser=0, modDate=null, userTypeName=null, status=null, sbbList=[]]
10:00:13.905 [http-nio-8080-exec-5] DEBUG c.s.s.c.d.s.S.getConfData - ==>  Preparing: SELECT CONF_ID , CONF_NAME , CONF_VALUE , OTHER_NAME , UNIT , MOD_USER , MOD_DATE FROM SYSTEM_CONFIG WHERE CONF_NAME = ? 
10:00:13.906 [http-nio-8080-exec-5] DEBUG c.s.s.c.d.s.S.getConfData - ==> Parameters: REFRESH_RATE(String)
10:00:13.908 [http-nio-8080-exec-5] DEBUG c.s.s.c.d.s.S.getConfData - <==      Total: 1
10:00:14.390 [http-nio-8080-exec-6] DEBUG c.s.s.c.d.l.D.getDetectionClassificationToday - ==>  Preparing: SELECT LOG_ID, ATTACK_TIME, DATE(ATTACK_TIME) AS DATEORD, HOUR(ATTACK_TIME) AS HOURORD, COUNT(AC_ID) AS CNT, AC_ID, (SELECT AC_NAME FROM ATTACK_CLASSIFICATION_INFO ACI WHERE ACI.AC_ID=AI.AC_ID) AS AC_NAME FROM ATTACK_DETECTION_LOG LOG LEFT JOIN ATTACK_INFO AI ON LOG.ATTACK_ID = AI.ATTACK_ID GROUP BY AC_ID, DATEORD, HOURORD ORDER BY ATTACK_TIME DESC LIMIT 30; 
10:00:14.390 [http-nio-8080-exec-6] DEBUG c.s.s.c.d.l.D.getDetectionClassificationToday - ==> Parameters: 
10:00:14.394 [http-nio-8080-exec-6] DEBUG c.s.s.c.d.l.D.getDetectionClassificationToday - <==      Total: 13
10:00:14.492 [http-nio-8080-exec-7] DEBUG c.s.s.c.d.l.D.getAttackTypeTop5 - ==>  Preparing: SELECT CNT, (SELECT ATTACK_NAME FROM ATTACK_INFO WHERE ATTACK_ID = ADL.ATTACK_ID ) AS ATTACK_NAME FROM ( SELECT COUNT(*) CNT, ATTACK_ID FROM ATTACK_DETECTION_LOG GROUP BY ATTACK_ID ORDER BY CNT DESC LIMIT 5 ) AS ADL 
10:00:14.492 [http-nio-8080-exec-7] DEBUG c.s.s.c.d.l.D.getAttackTypeTop5 - ==> Parameters: 
10:00:14.495 [http-nio-8080-exec-7] DEBUG c.s.s.c.d.l.D.getAttackTypeTop5 - <==      Total: 5
10:00:14.535 [http-nio-8080-exec-8] DEBUG c.s.s.c.d.l.D.getSeverityDetectionStatus - ==>  Preparing: SELECT AS_ID, COUNT(AS_ID) as TOTAL FROM ATTACK_DETECTION_LOG LOG LEFT JOIN ATTACK_INFO AI ON LOG.ATTACK_ID = AI.ATTACK_ID GROUP BY AS_ID ORDER BY AS_ID ASC; 
10:00:14.535 [http-nio-8080-exec-8] DEBUG c.s.s.c.d.l.D.getSeverityDetectionStatus - ==> Parameters: 
10:00:14.538 [http-nio-8080-exec-8] DEBUG c.s.s.c.d.l.D.getSeverityDetectionStatus - <==      Total: 3
10:00:14.579 [http-nio-8080-exec-9] DEBUG c.s.s.c.d.l.D.getDetectionDetailListForScroller - ==>  Preparing: SELECT * FROM (SELECT AD.*, AI.ATTACK_NAME , (SELECT AS_NAME FROM ATTACK_SEVERITY_INFO WHERE AS_ID = AI.AS_ID) AS AS_NAME , (SELECT AC_NAME FROM ATTACK_CLASSIFICATION_INFO WHERE AC_ID = AI.AC_ID) AS AC_NAME , (SELECT SOLUTION FROM ATTACK_MITIGATION_INFO WHERE AM_ID = AI.AM_ID) AM_DESC , IFNULL((SELECT PROTCOL_NAME FROM ATTACK_KNOWN_PORT WHERE PORT_NUM = DST_PORT), '') AS dstProtocolName FROM ATTACK_DETECTION_LOG AD LEFT JOIN ATTACK_INFO AI ON AD.ATTACK_ID = AI.ATTACK_ID) ADL2 ORDER BY ADL2.ATTACK_TIME DESC LIMIT 0, 117 
10:00:14.579 [http-nio-8080-exec-9] DEBUG c.s.s.c.d.l.D.getDetectionDetailListForScroller - ==> Parameters: 
10:00:14.585 [http-nio-8080-exec-9] DEBUG c.s.s.c.d.l.D.getDetectionDetailListForScroller - <==      Total: 36
